9 (0) 12 (-9) 14 (-21) 18 (443) 36 (0) 49 (357) 52 (0) 58 (231) 60 (223) 64 (0) 70 (-64) 89 (-134) 
8 (0) 16 (441) 31 (0) 37 (350) 40 (0) 73 (228) 76 (192) 93 (0) 99 (-93) 
2 (4) 4 (0) 17 (-6) 20 (-23) 26 (-43) 35 (-69) 60 (194) 63 (143) 65 (78) 78 (0) 92 (-206) 98 (-462) 
18 (0) 47 (-18) 51 (282) 56 (291) 59 (0) 67 (-59) 79 (-40) 86 (0) 90 (-272) 92 (99) 99 (0) 
9 (0) 11 (-9) 22 (9) 29 (0) 34 (-71) 57 (415) 60 (83) 83 (0) 84 (150) 96 (0) 97 (4) 100 (0) 
9 (0) 15 (989) 16 (982) 19 (331) 37 (0) 41 (-37) 55 (-78) 58 (7) 62 (0) 78 (-62) 83 (199) 86 (463) 87 (92) 92 (0) 93 (12) 95 (0) 96 (-95) 
12 (0) 23 (759) 35 (0) 50 (30) 65 (0) 66 (-83) 67 (0) 70 (-55) 73 (155) 77 (0) 78 (-77) 90 (-481) 100 (0) 
5 (6) 6 (0) 8 (238) 15 (0) 21 (-15) 25 (-36) 28 (-61) 32 (-89) 39 (-32) 42 (47) 47 (0) 53 (189) 55 (0) 65 (13) 68 (0) 79 (-188) 91 (-168) 99 (0) 
16 (0) 27 (-16) 29 (138) 37 (0) 44 (63) 46 (0) 54 (-46) 55 (123) 56 (0) 58 (-56) 61 (87) 63 (0) 65 (10) 73 (0) 76 (-488) 96 (100) 100 (0) 
1 (172) 4 (0) 5 (159) 14 (53) 22 (31) 31 (0) 38 (-9) 58 (0) 64 (-15) 76 (0) 82 (-76) 88 (-4) 95 (0) 97 (104) 99 (0) 100 (-99) 
30 (39) 39 (0) 53 (93) 76 (86) 86 (0) 
0 (131) 3 (9) 9 (0) 12 (2) 14 (0) 38 (17) 55 (0) 57 (476) 60 (0) 66 (-60) 68 (-126) 71 (148) 79 (263) 86 (177) 88 (89) 89 (0) 
10 (0) 22 (29) 39 (0) 40 (563) 41 (43) 43 (0) 48 (418) 50 (0) 59 (343) 61 (0) 71 (-61) 72 (57) 94 (95) 95 (0) 
6 (112) 8 (104) 12 (0) 26 (54) 32 (34) 34 (0) 39 (423) 64 (477) 67 (0) 68 (-67) 71 (-135) 86 (-21) 89 (96) 96 (0) 
7 (52) 20 (0) 32 (-20) 36 (213) 37 (0) 46 (-37) 53 (-29) 54 (0) 82 (-190) 
18 (326) 27 (113) 33 (0) 35 (-33) 45 (-68) 88 (-42) 98 (0) 
8 (0) 45 (-8) 53 (60) 54 (59) 59 (0) 61 (101) 66 (73) 73 (0) 83 (-41) 98 (0) 
14 (0) 17 (659) 22 (0) 37 (20) 42 (0) 43 (428) 46 (0) 50 (87) 66 (0) 67 (-66) 68 (3) 71 (161) 79 (82) 82 (0) 87 (-520) 88 (96) 96 (0) 
1 (81) 12 (69) 30 (0) 39 (-30) 40 (356) 41 (42) 42 (0) 43 (-83) 52 (134) 53 (207) 54 (0) 57 (-54) 96 (-111) 97 (-560) 
0 (0) 2 (504) 11 (0) 12 (-11) 56 (402) 72 (76) 76 (0) 88 (41) 92 (0) 97 (-92) 
2 (0) 4 (28) 5 (0) 12 (8) 13 (0) 14 (608) 19 (0) 22 (179) 28 (170) 53 (0) 57 (7) 60 (0) 64 (-239) 72 (-131) 81 (0) 91 (-81) 97 (-547) 
16 (0) 25 (10) 26 (0) 38 (-24) 43 (0) 52 (-148) 54 (124) 73 (0) 77 (101) 84 (90) 90 (0) 96 (-578) 
0 (1) 1 (0) 13 (498) 21 (0) 22 (-21) 29 (-43) 43 (55) 58 (69) 69 (0) 73 (-58) 87 (0) 97 (-87) 
9 (19) 19 (0) 43 (-28) 49 (318) 53 (0) 69 (-53) 79 (66) 89 (99) 99 (0) 
7 (0) 8 (-7) 13 (74) 27 (0) 30 (5) 32 (0) 39 (161) 40 (0) 75 (40) 80 (0) 83 (-195) 88 (-66) 89 (0) 92 (-89) 93 (-87) 94 (0) 
4 (16) 16 (0) 25 (-20) 31 (39) 40 (44) 44 (0) 45 (-108) 52 (0) 58 (-22) 62 (77) 77 (0) 96 (-139) 99 (-550) 
19 (29) 29 (0) 31 (109) 61 (96) 96 (0) 
11 (81) 13 (0) 17 (-13) 51 (-30) 63 (-92) 77 (192) 81 (169) 83 (0) 86 (-83) 97 (-250) 
5 (36) 10 (0) 26 (-10) 56 (-41) 65 (-28) 69 (0) 72 (-150) 81 (0) 
7 (453) 9 (0) 17 (13) 22 (0) 24 (237) 25 (27) 27 (0) 50 (-52) 53 (28) 58 (0) 72 (-58) 96 (-357) 
0 (0) 8 (0) 9 (23) 13 (18) 18 (0) 35 (470) 44 (0) 50 (380) 56 (58) 58 (0) 61 (135) 63 (186) 88 (0) 98 (-88) 
0 (15) 3 (12) 4 (0) 8 (-4) 11 (-2) 13 (0) 27 (609) 28 (339) 36 (0) 65 (202) 77 (161) 79 (0) 82 (-79) 88 (-174) 93 (0) 100 (-93) 
2 (55) 5 (50) 13 (37) 37 (0) 60 (195) 77 (175) 84 (0) 91 (-84) 97 (-369) 
1 (680) 4 (0) 11 (26) 30 (0) 33 (-45) 39 (53) 41 (43) 43 (0) 47 (-84) 74 (13) 82 (0) 88 (9) 91 (0) 97 (-583) 
7 (0) 20 (-7) 39 (85) 51 (61) 61 (0) 98 (-178) 
1 (15) 15 (0) 20 (-16) 22 (-9) 27 (0) 29 (162) 35 (0) 42 (-35) 45 (48) 62 (63) 63 (0) 83 (-262) 99 (0) 
2 (3) 3 (0) 8 (29) 14 (20) 20 (0) 38 (452) 39 (118) 53 (65) 65 (0) 67 (118) 86 (0) 91 (12) 98 (0) 
5 (39) 10 (29) 29 (0) 33 (-44) 38 (71) 59 (0) 89 (-59) 92 (-263) 
8 (12) 12 (0) 13 (941) 16 (166) 30 (0) 35 (71) 50 (0) 51 (-50) 53 (-182) 60 (331) 62 (0) 63 (-62) 78 (142) 85 (0) 89 (8) 93 (0) 96 (-470) 100 (-861) 
16 (67) 18 (23) 23 (0) 26 (-41) 28 (52) 55 (0) 80 (-55) 85 (-146) 100 (0) 
13 (0) 23 (-13) 33 (4) 40 (0) 51 (-32) 77 (0) 93 (-141) 96 (0) 
16 (25) 25 (0) 32 (837) 36 (0) 47 (18) 54 (0) 57 (-68) 69 (0) 73 (182) 75 (88) 88 (0) 91 (28) 95 (0) 96 (-95) 97 (-781) 
0 (0) 7 (0) 24 (824) 27 (0) 30 (5) 32 (0) 34 (422) 36 (43) 43 (0) 48 (120) 49 (70) 70 (0) 80 (-119) 90 (-231) 95 (0) 98 (-535) 99 (0) 
8 (45) 19 (26) 26 (0) 32 (257) 33 (0) 37 (-33) 50 (120) 59 (131) 64 (67) 67 (0) 
6 (13) 13 (0) 21 (34) 26 (27) 27 (0) 34 (272) 38 (101) 50 (0) 51 (-50) 61 (26) 79 (86) 86 (0) 93 (-296) 96 (0) 100 (-96) 
21 (79) 22 (26) 26 (0) 31 (-48) 33 (26) 37 (89) 43 (46) 46 (0) 54 (39) 62 (0) 65 (109) 85 (0) 86 (-85) 
7 (21) 21 (0) 22 (-28) 47 (332) 52 (0) 59 (219) 88 (183) 91 (0) 92 (-91) 
1 (22) 3 (0) 19 (-3) 29 (183) 35 (0) 50 (86) 56 (65) 65 (0) 
16 (0) 59 (233) 64 (0) 88 (33) 97 (0) 
11 (0) 31 (109) 55 (65) 65 (0) 66 (-162) 
8 (423) 21 (31) 31 (0) 43 (276) 48 (0) 62 (92) 63 (0) 77 (-63) 78 (-250) 
0 (0) 47 (0) 74 (128) 85 (0) 90 (-85) 
5 (0) 20 (17) 22 (0) 53 (-47) 88 (-100) 
1 (0) 19 (836) 23 (0) 25 (-23) 31 (-48) 36 (-79) 42 (-115) 44 (103) 57 (0) 65 (11) 68 (0) 70 (-190) 89 (-174) 93 (194) 95 (0) 99 (-95) 
27 (0) 38 (396) 41 (42) 42 (0) 48 (-22) 61 (0) 66 (-27) 70 (0) 95 (-70) 
2 (77) 4 (14) 14 (0) 27 (14) 32 (0) 39 (631) 52 (0) 54 (-52) 56 (23) 64 (0) 65 (-64) 67 (-291) 80 (-86) 83 (0) 92 (14) 97 (0) 99 (-828) 
3 (0) 34 (163) 75 (0) 91 (-75) 
10 (17) 17 (0) 20 (374) 22 (24) 24 (0) 30 (64) 32 (78) 33 (0) 45 (-33) 69 (-40) 72 (0) 74 (-72) 79 (-270) 88 (0) 90 (-88) 
12 (0) 27 (552) 33 (531) 38 (0) 56 (86) 58 (0) 66 (-58) 69 (26) 75 (169) 79 (90) 90 (0) 
5 (0) 23 (40) 45 (0) 63 (-73) 69 (190) 77 (249) 80 (0) 82 (7) 87 (0) 
4 (339) 5 (0) 11 (-5) 16 (291) 22 (285) 30 (89) 41 (48) 48 (0) 51 (-4) 53 (0) 62 (-53) 65 (160) 69 (0) 76 (289) 80 (0) 83 (115) 95 (0) 100 (-95) 
4 (0) 10 (25) 11 (18) 18 (0) 20 (57) 29 (71) 34 (0) 37 (-34) 38 (-163) 46 (261) 53 (0) 62 (294) 79 (268) 80 (188) 90 (98) 98 (0) 
8 (11) 11 (0) 16 (-19) 20 (626) 21 (0) 29 (60) 39 (0) 42 (-39) 45 (354) 53 (0) 60 (83) 67 (69) 69 (0) 71 (-84) 79 (0) 86 (-79) 
14 (0) 16 (46) 60 (0) 62 (-90) 69 (407) 86 (473) 88 (0) 91 (107) 97 (0) 98 (-97) 99 (-374) 
3 (0) 16 (309) 26 (0) 32 (41) 33 (34) 34 (0) 36 (26) 43 (0) 52 (13) 56 (0) 61 (-72) 74 (0) 92 (19) 93 (0) 
9 (0) 59 (306) 62 (0) 67 (-62) 87 (-30) 99 (0) 
53 (0) 57 (11) 64 (0) 68 (-174) 96 (-242) 
5 (118) 20 (98) 41 (57) 57 (0) 65 (158) 66 (141) 70 (71) 71 (0) 74 (-207) 
28 (0) 40 (-28) 42 (205) 44 (229) 54 (84) 84 (0) 91 (-138) 
4 (51) 7 (12) 12 (0) 13 (0) 19 (0) 28 (-55) 29 (143) 41 (85) 42 (43) 43 (0) 46 (-72) 54 (0) 59 (-276) 62 (0) 
4 (20) 7 (0) 13 (-7) 19 (54) 20 (58) 27 (31) 31 (0) 34 (450) 37 (0) 41 (186) 44 (0) 52 (14) 58 (0) 69 (-154) 88 (-119) 90 (0) 92 (-90) 
7 (0) 18 (182) 25 (30) 30 (0) 39 (40) 47 (0) 48 (-47) 49 (524) 58 (72) 72 (0) 74 (404) 78 (0) 79 (10) 88 (0) 94 (-50) 97 (0) 98 (-97) 
14 (0) 23 (-14) 37 (-37) 49 (106) 86 (94) 94 (0) 
3 (48) 18 (0) 30 (-18) 49 (109) 77 (0) 83 (-77) 85 (-260) 87 (-345) 
6 (57) 28 (0) 29 (-28) 31 (-30) 33 (0) 40 (-127) 44 (195) 60 (0) 62 (180) 73 (0) 75 (19) 92 (0) 
12 (0) 61 (255) 81 (0) 92 (13) 94 (0) 
6 (314) 7 (37) 37 (0) 44 (-44) 49 (89) 50 (127) 60 (0) 67 (-60) 71 (-221) 99 (0) 
3 (0) 9 (-3) 10 (46) 11 (28) 12 (16) 16 (0) 19 (-39) 21 (363) 22 (0) 23 (-22) 24 (68) 35 (78) 37 (0) 41 (-37) 43 (36) 44 (174) 84 (0) 90 (-84) 
33 (69) 69 (0) 83 (-7) 95 (0) 
22 (0) 24 (64) 86 (0) 87 (-37) 95 (0) 
28 (0) 32 (67) 38 (0) 57 (-38) 59 (101) 60 (0) 62 (-60) 63 (-51) 71 (0) 79 (-389) 81 (0) 85 (-539) 91 (0) 
4 (321) 8 (0) 10 (295) 15 (0) 21 (-15) 35 (-36) 40 (121) 42 (150) 45 (105) 48 (0) 57 (-48) 60 (-78) 73 (0) 83 (18) 91 (0) 
0 (0) 16 (130) 17 (113) 19 (0) 29 (11) 30 (0) 35 (-78) 38 (236) 46 (336) 67 (269) 83 (0) 88 (15) 98 (0) 
4 (47) 6 (41) 10 (31) 31 (0) 35 (542) 39 (0) 54 (-39) 57 (-93) 58 (-150) 60 (-82) 61 (0) 65 (-61) 99 (-294) 100 (0) 
7 (0) 11 (-7) 13 (-18) 16 (10) 19 (22) 22 (0) 23 (340) 25 (27) 27 (0) 30 (-52) 39 (225) 50 (0) 76 (40) 90 (0) 91 (-216) 
12 (0) 35 (572) 56 (0) 58 (414) 70 (400) 72 (73) 73 (0) 74 (36) 82 (99) 99 (0) 
1 (0) 11 (-1) 28 (-12) 31 (888) 34 (44) 44 (0) 45 (-78) 48 (634) 61 (597) 71 (526) 77 (449) 81 (0) 85 (202) 92 (191) 93 (0) 98 (-93) 99 (-658) 
6 (87) 25 (0) 30 (7) 32 (0) 48 (110) 59 (0) 61 (24) 83 (0) 
1 (0) 3 (108) 6 (0) 7 (90) 15 (81) 23 (0) 24 (11) 34 (0) 39 (-3) 52 (58) 58 (0) 62 (-198) 64 (0) 75 (-21) 86 (0) 90 (105) 92 (0) 99 (-92) 
6 (43) 8 (35) 9 (26) 12 (14) 14 (0) 20 (233) 21 (55) 27 (28) 28 (0) 30 (100) 49 (0) 61 (17) 66 (0) 76 (-76) 89 (92) 92 (0) 94 (-181) 
7 (500) 13 (26) 26 (0) 28 (42) 35 (46) 46 (0) 49 (155) 55 (152) 57 (0) 95 (-57) 96 (-207) 
17 (56) 21 (0) 35 (-21) 51 (65) 62 (76) 76 (0) 78 (-85) 88 (0) 89 (-88) 
1 (6) 2 (0) 4 (-2) 12 (460) 36 (0) 37 (4) 40 (0) 49 (192) 51 (254) 61 (0) 62 (70) 64 (67) 67 (0) 84 (-394) 92 (0) 
14 (0) 16 (201) 21 (25) 25 (0) 26 (11) 27 (30) 30 (0) 41 (-129) 45 (-170) 47 (-245) 51 (-24) 82 (0) 89 (-82) 97 (-171) 
4 (0) 11 (724) 14 (41) 17 (0) 24 (-17) 37 (96) 41 (110) 49 (0) 61 (-49) 63 (-98) 65 (0) 80 (-65) 82 (-256) 95 (100) 100 (0) 
1 (11) 11 (0) 24 (226) 37 (201) 42 (0) 47 (70) 53 (59) 59 (0) 75 (-8) 83 (0) 89 (-83) 94 (-172) 
13 (0) 23 (-13) 26 (-8) 28 (0) 33 (283) 38 (143) 46 (0) 48 (-46) 49 (-94) 58 (-47) 65 (0) 69 (-65) 70 (-496) 77 (-468) 98 (0) 
47 (51) 51 (0) 59 (51) 72 (0) 77 (-72) 
21 (0) 25 (86) 29 (78) 38 (40) 40 (0) 41 (108) 58 (131) 64 (67) 67 (0) 72 (-189) 80 (-455) 92 (-342) 95 (98) 98 (0) 
15 (0) 20 (166) 35 (0) 57 (54) 89 (0) 
3 (55) 25 (30) 30 (0) 35 (90) 71 (77) 77 (0) 89 (-144) 97 (0) 
5 (0) 7 (11) 16 (0) 18 (2) 30 (0) 39 (66) 46 (0) 47 (3) 49 (0) 50 (-62) 64 (0) 65 (2) 66 (0) 72 (-43) 85 (87) 87 (0) 91 (-75) 97 (0) 99 (-360) 
2 (10) 10 (0) 11 (124) 13 (0) 24 (86) 26 (73) 35 (0) 38 (-35) 40 (-6) 44 (0) 47 (18) 62 (0) 73 (-7) 78 (267) 79 (0) 93 (16) 95 (0) 
35 (525) 38 (0) 42 (-38) 46 (319) 48 (262) 58 (0) 59 (14) 72 (0) 73 (-189) 89 (-310) 
6 (0) 14 (38) 44 (0) 53 (-5) 59 (0) 71 (3) 89 (0) 90 (-89) 
9 (0) 17 (137) 18 (128) 19 (0) 20 (-19) 26 (-10) 29 (0) 34 (-94) 36 (394) 39 (0) 45 (184) 72 (0) 73 (6) 78 (0) 84 (-132) 85 (90) 90 (0) 
1 (0) 6 (58) 11 (48) 12 (36) 36 (0) 44 (321) 53 (0) 55 (65) 57 (0) 61 (-57) 74 (-226) 87 (-300) 
38 (906) 42 (864) 48 (246) 52 (128) 63 (0) 65 (-63) 66 (-180) 67 (209) 68 (0) 72 (295) 78 (185) 89 (96) 96 (0) 100 (-263) 
0 (348) 15 (0) 33 (-15) 52 (200) 72 (176) 76 (100) 100 (0) 
13 (0) 21 (-13) 34 (-34) 48 (0) 68 (0) 99 (-184) 
3 (0) 22 (235) 41 (197) 44 (0) 69 (40) 84 (0) 
21 (0) 35 (82) 38 (65) 65 (0) 66 (-1) 71 (87) 87 (0) 100 (-383) 
3 (0) 4 (533) 5 (0) 9 (-5) 30 (478) 40 (0) 41 (-40) 43 (-23) 58 (0) 61 (-182) 79 (-73) 84 (0) 86 (-84) 
52 (0) 67 (28) 80 (0) 87 (-199) 92 (-189) 97 (0) 
0 (133) 15 (118) 16 (67) 33 (0) 34 (-33) 35 (-83) 36 (-51) 38 (0) 44 (-38) 45 (455) 76 (250) 79 (0) 85 (7) 86 (0) 90 (-36) 95 (0) 97 (3) 98 (0) 
23 (109) 54 (0) 55 (-54) 62 (-132) 65 (-35) 79 (80) 80 (0) 
0 (0) 4 (0) 20 (59) 25 (0) 38 (-25) 45 (283) 49 (0) 58 (146) 64 (131) 65 (0) 66 (-65) 68 (-302) 88 (-226) 89 (187) 93 (0) 94 (-93) 
6 (877) 9 (12) 12 (0) 23 (-21) 31 (60) 44 (60) 60 (0) 67 (-14) 79 (0) 86 (-79) 88 (-33) 89 (0) 95 (7) 96 (0) 98 (-280) 
0 (0) 14 (24) 24 (0) 53 (77) 56 (0) 59 (-56) 71 (219) 72 (0) 76 (-72) 90 (39) 93 (0) 94 (-93) 
3 (71) 12 (13) 13 (0) 22 (-1) 24 (0) 26 (-46) 28 (0) 41 (38) 46 (120) 53 (67) 67 (0) 69 (81) 79 (80) 80 (0) 82 (-76) 83 (0) 92 (-324) 
0 (487) 1 (16) 5 (11) 11 (0) 17 (436) 27 (0) 29 (370) 32 (265) 47 (218) 53 (82) 82 (0) 83 (-135) 100 (-297) 
14 (21) 21 (0) 30 (-35) 47 (201) 55 (56) 56 (0) 67 (-23) 88 (0) 
0 (0) 6 (18) 8 (0) 10 (-8) 26 (-24) 32 (283) 33 (0) 40 (-33) 46 (141) 65 (67) 67 (0) 82 (-132) 
21 (171) 30 (141) 31 (0) 41 (38) 69 (0) 
5 (9) 9 (0) 19 (408) 21 (0) 23 (5) 26 (0) 27 (255) 39 (52) 52 (0) 56 (-91) 57 (-147) 58 (-141) 63 (0) 72 (-131) 73 (78) 78 (0) 83 (-61) 90 (0) 
4 (19) 19 (0) 29 (426) 31 (0) 45 (342) 51 (0) 66 (117) 81 (0) 87 (-81) 88 (-285) 
1 (0) 2 (-1) 14 (832) 19 (0) 43 (30) 49 (0) 55 (558) 67 (0) 68 (96) 80 (83) 83 (0) 84 (-11) 89 (198) 98 (100) 100 (0) 
4 (563) 14 (0) 16 (128) 43 (0) 46 (10) 53 (0) 67 (152) 71 (0) 78 (-71) 82 (-149) 93 (-231) 
6 (0) 7 (102) 16 (0) 17 (14) 30 (0) 45 (-63) 
1 (427) 4 (423) 6 (0) 11 (105) 13 (98) 27 (0) 34 (10) 37 (0) 45 (-128) 47 (-173) 64 (-220) 68 (-213) 71 (0) 74 (-66) 86 (0) 88 (-86) 91 (-77) 97 (0) 
0 (24) 24 (0) 30 (40) 31 (0) 33 (-31) 35 (722) 41 (0) 59 (699) 66 (297) 69 (0) 73 (7) 76 (0) 79 (-218) 87 (-73) 91 (199) 99 (100) 100 (0) 
14 (309) 27 (282) 28 (0) 41 (185) 46 (167) 51 (55) 55 (0) 61 (-106) 72 (103) 74 (0) 77 (201) 86 (0) 93 (10) 96 (0) 
0 (0) 11 (0) 18 (-11) 25 (5) 34 (0) 39 (118) 57 (149) 61 (0) 88 (-61) 
9 (740) 11 (0) 13 (291) 26 (0) 31 (-26) 35 (39) 46 (50) 50 (0) 53 (-188) 61 (-241) 71 (17) 74 (0) 84 (111) 85 (0) 100 (-85) 
0 (1) 1 (0) 8 (32) 14 (19) 19 (0) 27 (295) 32 (256) 34 (127) 40 (0) 42 (5) 45 (0) 47 (-113) 48 (0) 49 (-288) 62 (38) 80 (0) 83 (5) 85 (0) 96 (-148) 100 (0) 
3 (0) 8 (-3) 15 (217) 27 (0) 33 (83) 54 (56) 56 (0) 58 (-170) 65 (-22) 70 (0) 75 (17) 87 (0) 89 (-551) 94 (-541) 99 (0) 
23 (0) 31 (73) 45 (51) 51 (0) 75 (12) 77 (85) 85 (0) 
0 (0) 1 (203) 9 (0) 25 (20) 29 (0) 32 (45) 40 (68) 68 (0) 69 (145) 82 (0) 86 (7) 89 (0) 92 (-257) 
11 (0) 14 (20) 15 (16) 16 (0) 27 (-24) 32 (0) 37 (676) 42 (102) 46 (0) 56 (-46) 67 (6) 73 (0) 77 (-73) 79 (-10) 82 (0) 84 (103) 89 (0) 96 (-89) 
6 (0) 11 (-6) 12 (62) 14 (26) 26 (0) 39 (-40) 46 (415) 48 (103) 51 (0) 52 (-51) 69 (152) 74 (229) 75 (0) 76 (3) 78 (0) 79 (-677) 
3 (9) 9 (0) 11 (10) 22 (0) 24 (523) 28 (0) 29 (-28) 50 (5) 62 (0) 67 (163) 72 (260) 74 (186) 88 (98) 98 (0) 
5 (118) 7 (12) 12 (0) 45 (35) 54 (0) 61 (-123) 67 (-19) 77 (0) 88 (-77) 
4 (0) 14 (376) 25 (0) 52 (113) 67 (71) 71 (0) 78 (-128) 87 (0) 96 (-398) 
2 (0) 7 (23) 9 (16) 16 (0) 22 (420) 26 (27) 27 (0) 28 (165) 30 (188) 57 (131) 63 (68) 68 (0) 75 (-219) 80 (0) 86 (-226) 89 (0) 95 (-89) 100 (-184) 
32 (127) 63 (64) 64 (0) 66 (15) 76 (98) 98 (0) 
14 (78) 20 (58) 25 (33) 33 (0) 35 (283) 46 (0) 49 (234) 51 (0) 59 (119) 77 (93) 93 (0) 
0 (0) 7 (33) 11 (0) 22 (-11) 27 (69) 50 (59) 59 (0) 78 (87) 84 (179) 89 (0) 90 (-89) 
12 (650) 13 (637) 14 (0) 27 (-14) 41 (514) 49 (506) 61 (0) 76 (-61) 83 (149) 94 (0) 95 (3) 97 (0) 
22 (41) 41 (0) 44 (204) 60 (207) 61 (146) 68 (0) 78 (-68) 
4 (0) 25 (480) 35 (0) 37 (71) 52 (54) 54 (0) 60 (-98) 80 (0) 81 (-233) 85 (0) 
0 (2) 2 (0) 10 (580) 25 (0) 28 (4) 29 (0) 44 (374) 46 (115) 54 (0) 61 (-54) 64 (70) 72 (77) 77 (0) 82 (-149) 96 (-495) 99 (0) 
5 (0) 8 (687) 10 (0) 25 (16) 26 (0) 29 (-29) 32 (0) 33 (415) 42 (0) 46 (-42) 56 (216) 60 (0) 75 (-60) 82 (-135) 87 (-217) 89 (-448) 
3 (246) 6 (240) 9 (175) 24 (0) 27 (-24) 32 (-51) 43 (-34) 49 (0) 56 (-184) 71 (60) 72 (237) 75 (0) 76 (11) 86 (0) 93 (-344) 94 (191) 95 (96) 96 (0) 
22 (188) 24 (0) 35 (-24) 38 (-14) 45 (0) 46 (-142) 51 (-210) 84 (-171) 90 (0) 
1 (1028) 5 (70) 34 (36) 36 (0) 44 (-75) 47 (743) 53 (0) 63 (14) 67 (0) 72 (-183) 76 (276) 78 (0) 85 (290) 87 (281) 88 (0) 96 (9) 97 (0) 
8 (19) 9 (0) 10 (-9) 22 (40) 32 (0) 35 (-32) 65 (196) 66 (246) 68 (0) 81 (29) 97 (0) 
18 (27) 27 (0) 37 (203) 48 (0) 50 (14) 62 (0) 88 (-160) 
2 (0) 9 (102) 46 (58) 58 (0) 74 (-29) 86 (0) 
3 (5) 5 (0) 19 (235) 30 (0) 31 (152) 40 (0) 42 (60) 100 (0) 
11 (0) 42 (371) 45 (337) 52 (0) 86 (-52) 99 (-138) 100 (-237) 
2 (7) 7 (0) 10 (3) 12 (0) 14 (28) 16 (43) 19 (24) 24 (0) 37 (570) 41 (53) 53 (0) 54 (432) 72 (171) 83 (88) 88 (0) 89 (-49) 95 (0) 99 (-95) 
0 (0) 15 (27) 27 (0) 37 (46) 42 (46) 46 (0) 51 (346) 62 (65) 65 (0) 67 (192) 68 (0) 69 (17) 85 (0) 97 (-222) 
4 (0) 9 (884) 13 (0) 21 (-13) 23 (-6) 28 (0) 31 (-85) 34 (622) 48 (0) 49 (15) 63 (0) 65 (-160) 67 (221) 72 (0) 88 (214) 93 (193) 94 (0) 99 (-94) 
1 (15) 3 (0) 12 (-3) 15 (458) 31 (49) 49 (0) 56 (258) 57 (0) 58 (-57) 67 (-41) 74 (0) 82 (-256) 85 (-236) 86 (0) 87 (10) 96 (0) 98 (-759) 100 (0) 
21 (62) 23 (39) 39 (0) 42 (-83) 46 (-76) 49 (0) 52 (-16) 57 (0) 63 (-57) 84 (-120) 87 (-198) 88 (0) 93 (9) 97 (0) 
0 (45) 10 (13) 13 (0) 22 (-23) 33 (-45) 46 (-27) 51 (0) 61 (-175) 62 (363) 77 (0) 78 (-77) 79 (210) 86 (88) 88 (0) 91 (-74) 100 (0) 
21 (54) 25 (0) 29 (-25) 43 (191) 51 (133) 63 (70) 70 (0) 82 (-184) 96 (-285) 99 (0) 
4 (0) 6 (-4) 8 (80) 15 (43) 20 (0) 23 (-20) 32 (-58) 39 (-21) 41 (46) 46 (0) 47 (83) 61 (256) 78 (84) 84 (0) 94 (-162) 97 (-598) 
39 (45) 45 (0) 49 (-21) 63 (0) 70 (-25) 78 (0) 93 (-78) 
23 (81) 25 (56) 26 (30) 30 (0) 37 (-27) 38 (0) 39 (-38) 43 (-99) 55 (0) 64 (-55) 66 (116) 68 (0) 80 (98) 81 (85) 85 (0) 89 (-314) 93 (-403) 
4 (73) 5 (21) 10 (0) 11 (-10) 14 (7) 15 (18) 18 (0) 35 (359) 42 (0) 49 (-42) 53 (-91) 54 (94) 65 (77) 77 (0) 96 (-142) 
3 (0) 16 (57) 24 (36) 36 (0) 39 (-39) 40 (0) 59 (-16) 69 (0) 73 (-69) 
5 (493) 18 (475) 34 (74) 36 (0) 38 (-36) 41 (218) 49 (0) 53 (18) 67 (0) 77 (-169) 80 (-246) 
3 (20) 7 (0) 13 (-7) 46 (-23) 57 (4) 73 (0) 
16 (21) 21 (0) 39 (55) 41 (0) 51 (-41) 57 (737) 58 (0) 60 (729) 63 (724) 65 (67) 67 (0) 72 (-132) 78 (-123) 81 (0) 85 (-87) 88 (0) 92 (8) 96 (0) 
2 (9) 9 (0) 16 (-11) 19 (708) 25 (400) 33 (367) 35 (0) 36 (148) 41 (142) 45 (97) 48 (49) 49 (0) 55 (-196) 58 (0) 60 (-175) 63 (0) 91 (33) 96 (0) 
1 (0) 8 (154) 9 (51) 19 (0) 32 (-19) 44 (-9) 51 (0) 52 (468) 63 (0) 64 (10) 73 (0) 78 (154) 83 (175) 85 (90) 90 (0) 96 (-258) 
6 (0) 7 (4) 10 (0) 23 (114) 28 (109) 30 (0) 79 (-30) 95 (-183) 
3 (0) 35 (-3) 56 (406) 60 (0) 62 (5) 65 (0) 73 (-187) 85 (-161) 99 (0) 
15 (778) 23 (0) 24 (-23) 28 (-13) 34 (0) 47 (-109) 53 (413) 65 (0) 68 (371) 70 (0) 79 (217) 91 (0) 96 (9) 100 (0) 
9 (122) 13 (109) 20 (0) 42 (27) 47 (0) 48 (-73) 58 (0) 60 (249) 74 (0) 78 (87) 80 (81) 81 (0) 85 (-225) 88 (0) 
2 (7) 7 (0) 10 (469) 21 (0) 24 (-21) 43 (345) 51 (109) 54 (55) 55 (0) 59 (-160) 84 (-132) 87 (0) 99 (-497) 
17 (314) 21 (293) 27 (73) 73 (0) 96 (-3) 97 (0) 
1 (31) 12 (19) 19 (0) 23 (55) 30 (57) 57 (0) 60 (190) 67 (0) 76 (23) 90 (0) 99 (-233) 
3 (0) 30 (-3) 43 (110) 61 (0) 82 (-61) 
27 (0) 38 (259) 58 (0) 68 (102) 79 (0) 81 (-79) 
7 (28) 28 (0) 38 (285) 68 (0) 79 (-68) 85 (-59) 88 (0) 
4 (12) 12 (0) 25 (-16) 47 (703) 56 (0) 61 (571) 70 (0) 82 (405) 89 (0) 91 (7) 96 (0) 99 (-176) 100 (0) 
15 (0) 21 (-15) 26 (580) 33 (47) 47 (0) 78 (378) 87 (89) 89 (0) 91 (15) 95 (96) 96 (0) 
21 (0) 62 (-21) 64 (86) 77 (92) 92 (0) 
11 (0) 19 (9) 20 (0) 28 (824) 33 (73) 34 (39) 39 (0) 44 (185) 68 (0) 73 (82) 74 (0) 76 (-74) 77 (-441) 79 (-241) 88 (0) 90 (11) 99 (0) 
4 (14) 6 (0) 8 (-6) 9 (-18) 19 (607) 20 (0) 24 (570) 25 (29) 29 (0) 40 (11) 65 (0) 66 (206) 83 (91) 91 (0) 94 (-77) 97 (0) 
21 (0) 28 (192) 31 (182) 44 (138) 46 (0) 92 (-46) 
2 (0) 17 (74) 18 (28) 28 (0) 30 (-46) 33 (360) 35 (0) 38 (-35) 42 (267) 75 (0) 78 (112) 87 (100) 100 (0) 
7 (0) 15 (66) 34 (0) 39 (-34) 47 (2) 48 (0) 49 (-48) 53 (300) 59 (301) 62 (239) 74 (0) 82 (-74) 83 (-156) 85 (-266) 94 (0) 
23 (395) 39 (0) 41 (-39) 47 (188) 76 (0) 92 (24) 100 (0) 
3 (581) 9 (56) 27 (0) 29 (-27) 44 (-65) 47 (-56) 53 (0) 60 (103) 67 (76) 76 (0) 79 (-53) 90 (0) 
5 (0) 10 (365) 15 (114) 16 (29) 29 (0) 32 (-45) 37 (-77) 76 (-48) 81 (0) 84 (-286) 
7 (0) 14 (66) 21 (52) 25 (0) 27 (-25) 29 (-94) 34 (427) 38 (0) 53 (421) 56 (0) 76 (22) 78 (0) 80 (-41) 82 (87) 87 (0) 88 (-707) 
7 (340) 21 (0) 27 (-21) 34 (210) 44 (0) 47 (-44) 51 (25) 55 (61) 61 (0) 75 (-259) 88 (0) 
31 (42) 42 (0) 44 (436) 57 (80) 80 (0) 85 (150) 93 (0) 95 (-93) 99 (-188) 
1 (0) 6 (454) 15 (0) 16 (4) 19 (0) 43 (-50) 48 (221) 49 (61) 61 (0) 64 (30) 69 (71) 71 (0) 73 (-59) 74 (329) 78 (251) 81 (170) 84 (86) 86 (0) 
28 (0) 40 (147) 57 (0) 58 (3) 60 (0) 61 (270) 65 (0) 79 (16) 81 (0) 94 (-225) 96 (-221) 98 (0) 
7 (23) 11 (12) 12 (0) 13 (992) 14 (0) 41 (48) 62 (0) 65 (-117) 67 (591) 68 (0) 72 (13) 81 (0) 84 (247) 88 (380) 90 (92) 92 (0) 98 (-82) 100 (0) 
9 (10) 10 (0) 13 (225) 16 (0) 21 (-16) 36 (-37) 38 (60) 55 (78) 78 (0) 79 (-85) 94 (97) 97 (0) 
7 (0) 10 (84) 11 (0) 18 (51) 30 (32) 32 (0) 37 (-108) 42 (440) 50 (0) 52 (-50) 55 (70) 56 (0) 57 (3) 59 (0) 81 (-154) 82 (93) 93 (0) 
25 (0) 28 (858) 31 (852) 34 (94) 42 (0) 52 (-42) 61 (179) 72 (235) 75 (0) 78 (7) 82 (0) 85 (-225) 86 (185) 90 (0) 95 (-90) 
5 (53) 8 (0) 15 (-8) 30 (-23) 41 (-58) 43 (152) 44 (0) 45 (118) 46 (116) 50 (0) 66 (-50) 79 (-226) 80 (0) 87 (-80) 97 (-539) 100 (0) 
11 (740) 13 (0) 19 (73) 25 (28) 28 (0) 33 (-53) 36 (-118) 48 (5) 50 (53) 53 (0) 56 (-103) 62 (-44) 64 (253) 77 (79) 79 (0) 97 (-156) 
9 (485) 11 (0) 16 (-11) 18 (413) 21 (0) 27 (-21) 29 (315) 31 (0) 43 (-31) 48 (167) 49 (0) 60 (83) 62 (70) 70 (0) 73 (-238) 84 (172) 85 (0) 87 (-85) 
19 (0) 21 (-19) 28 (218) 32 (39) 39 (0) 42 (-71) 43 (-113) 45 (-99) 57 (0) 59 (206) 76 (261) 81 (0) 86 (13) 94 (0) 97 (-239) 98 (0) 
0 (0) 15 (20) 20 (0) 22 (423) 38 (0) 42 (12) 50 (0) 57 (141) 60 (134) 62 (0) 72 (-62) 77 (-194) 
9 (0) 12 (261) 22 (0) 34 (-22) 36 (122) 49 (63) 63 (0) 66 (-112) 72 (105) 76 (0) 77 (167) 78 (0) 79 (8) 86 (0) 
15 (91) 22 (69) 32 (0) 37 (-32) 50 (-106) 54 (258) 63 (0) 81 (207) 82 (0) 92 (14) 96 (0) 
14 (23) 23 (0) 38 (-37) 75 (6) 81 (0) 
18 (71) 27 (0) 44 (-27) 48 (-89) 81 (51) 90 (98) 98 (0) 
3 (86) 11 (75) 13 (62) 27 (35) 35 (0) 44 (90) 52 (127) 63 (64) 64 (0) 66 (98) 74 (0) 76 (-74) 77 (33) 90 (0) 93 (-90) 
6 (41) 41 (0) 61 (175) 71 (0) 73 (7) 78 (0) 82 (-233) 97 (0) 
13 (192) 20 (39) 39 (0) 55 (-59) 78 (-114) 
9 (35) 16 (19) 19 (0) 20 (40) 25 (59) 27 (0) 32 (-27) 51 (232) 65 (66) 66 (0) 80 (-50) 81 (0) 88 (-292) 
7 (0) 19 (699) 22 (684) 24 (194) 28 (0) 32 (8) 36 (0) 46 (-44) 52 (0) 58 (190) 68 (160) 76 (0) 84 (-76) 85 (-133) 95 (0) 
1 (0) 10 (260) 13 (16) 16 (0) 28 (175) 44 (63) 63 (0) 97 (-107) 
10 (0) 17 (10) 20 (0) 24 (535) 29 (211) 38 (0) 52 (83) 58 (0) 63 (-58) 72 (30) 82 (0) 89 (17) 99 (0) 
3 (52) 52 (0) 71 (107) 78 (84) 84 (0) 
2 (26) 9 (17) 17 (0) 25 (29) 26 (0) 31 (-26) 43 (664) 48 (0) 50 (70) 54 (64) 64 (0) 65 (12) 75 (153) 76 (77) 77 (0) 84 (-328) 86 (0) 95 (-86) 99 (-927) 
17 (0) 24 (79) 28 (0) 30 (10) 38 (0) 40 (9) 45 (101) 49 (52) 52 (0) 
5 (0) 16 (656) 24 (0) 27 (252) 45 (0) 49 (5) 50 (0) 63 (-75) 69 (0) 70 (-63) 75 (0) 92 (22) 97 (0) 
9 (0) 18 (-9) 34 (410) 41 (396) 57 (241) 73 (0) 76 (19) 92 (0) 98 (-298) 
0 (0) 5 (24) 24 (0) 27 (448) 28 (449) 29 (37) 37 (0) 42 (275) 46 (103) 51 (0) 52 (-51) 56 (-13) 63 (0) 73 (-63) 
12 (25) 25 (0) 29 (88) 36 (89) 40 (0) 49 (-40) 54 (121) 60 (0) 74 (118) 86 (0) 92 (-86) 
34 (162) 37 (125) 38 (87) 87 (0) 98 (-196) 
14 (16) 16 (0) 17 (-12) 18 (0) 25 (-35) 30 (0) 33 (557) 34 (643) 36 (607) 38 (0) 44 (230) 58 (210) 63 (0) 71 (13) 76 (0) 79 (-172) 81 (97) 97 (0) 
7 (26) 26 (0) 32 (-33) 42 (710) 44 (0) 48 (-44) 49 (542) 51 (327) 54 (55) 55 (0) 64 (-109) 74 (-93) 80 (0) 82 (-204) 84 (0) 90 (-84) 
2 (66) 7 (0) 8 (4) 11 (0) 19 (-5) 21 (0) 32 (706) 33 (88) 37 (0) 51 (-37) 52 (222) 61 (0) 64 (79) 68 (0) 72 (-68) 78 (-265) 79 (-337) 88 (91) 91 (0) 
4 (0) 19 (308) 30 (48) 48 (0) 67 (89) 83 (0) 84 (-83) 86 (-142) 95 (98) 98 (0) 
0 (59) 12 (0) 22 (13) 25 (0) 27 (261) 52 (0) 55 (83) 66 (0) 69 (-66) 78 (-242) 83 (-124) 90 (0) 95 (7) 97 (0) 
14 (23) 23 (0) 27 (485) 30 (0) 31 (-30) 34 (366) 36 (391) 45 (0) 61 (-45) 88 (91) 98 (99) 99 (0) 
7 (413) 57 (356) 60 (65) 65 (0) 67 (-125) 80 (-192) 84 (-272) 
0 (0) 4 (190) 5 (0) 6 (7) 12 (0) 15 (129) 32 (0) 35 (4) 36 (0) 49 (-103) 53 (397) 57 (0) 62 (-57) 65 (288) 68 (339) 74 (0) 81 (11) 85 (0) 99 (-240) 
18 (33) 33 (0) 52 (-51) 58 (136) 67 (0) 84 (21) 88 (0) 
3 (0) 4 (3) 6 (0) 11 (37) 19 (0) 31 (-19) 39 (343) 40 (119) 54 (0) 65 (-54) 73 (26) 85 (0) 100 (-85) 
20 (0) 23 (386) 70 (0) 72 (194) 79 (185) 86 (0) 99 (-86) 
1 (0) 14 (54) 27 (0) 28 (-27) 30 (145) 38 (0) 58 (-38) 59 (-96) 60 (-155) 61 (88) 73 (238) 78 (79) 79 (0) 81 (-157) 92 (-311) 
2 (255) 15 (0) 24 (201) 28 (0) 47 (26) 54 (0) 87 (-129) 
0 (17) 8 (0) 9 (-8) 15 (377) 22 (37) 37 (0) 38 (-59) 47 (73) 55 (115) 56 (59) 59 (0) 80 (-314) 86 (-332) 94 (0) 
3 (0) 6 (193) 18 (0) 19 (-18) 26 (96) 30 (0) 51 (22) 52 (0) 54 (314) 55 (0) 57 (263) 74 (0) 78 (92) 80 (86) 86 (0) 89 (-430) 
14 (194) 30 (164) 74 (90) 90 (0) 91 (-208) 
7 (0) 18 (916) 25 (144) 26 (0) 28 (64) 36 (54) 54 (0) 56 (529) 61 (0) 66 (9) 70 (0) 71 (233) 73 (0) 80 (204) 89 (0) 93 (6) 95 (0) 
0 (4) 4 (0) 11 (40) 18 (0) 26 (-18) 27 (-59) 30 (269) 39 (0) 51 (13) 52 (0) 66 (-142) 68 (-129) 79 (0) 
1 (265) 11 (254) 35 (0) 59 (125) 76 (0) 84 (-76) 
3 (0) 6 (67) 20 (50) 22 (28) 28 (0) 31 (-4) 36 (0) 39 (-36) 41 (-185) 44 (521) 51 (0) 67 (381) 72 (0) 84 (-72) 90 (30) 91 (0) 95 (-91) 97 (-450) 100 (0) 
11 (0) 13 (-11) 24 (-24) 34 (411) 38 (41) 41 (0) 52 (249) 68 (0) 80 (-68) 89 (-57) 91 (0) 
16 (0) 20 (33) 49 (0) 74 (2) 87 (0) 
9 (0) 24 (-9) 28 (605) 29 (114) 33 (0) 37 (-33) 44 (-70) 47 (-93) 50 (0) 64 (-172) 68 (0) 81 (-372) 89 (-357) 96 (0) 
0 (338) 31 (0) 58 (126) 71 (0) 86 (-71) 92 (-246) 
2 (0) 4 (47) 23 (0) 26 (-23) 41 (143) 50 (53) 53 (0) 95 (-103) 
3 (0) 7 (16) 19 (0) 22 (19) 48 (0) 62 (-99) 90 (127) 93 (97) 97 (0) 98 (-190) 100 (-539) 
0 (27) 2 (25) 10 (0) 15 (-10) 31 (364) 44 (0) 46 (-44) 55 (-25) 65 (0) 86 (-115) 95 (0) 
26 (0) 36 (235) 52 (0) 56 (9) 61 (0) 92 (-169) 
2 (0) 5 (-2) 17 (84) 20 (71) 34 (0) 37 (-34) 48 (-115) 50 (192) 51 (304) 57 (0) 69 (121) 79 (99) 99 (0) 
11 (261) 19 (0) 21 (-19) 33 (148) 40 (148) 61 (87) 87 (0) 99 (-272) 
1 (0) 9 (-1) 17 (517) 18 (0) 36 (68) 41 (0) 45 (-41) 48 (-140) 53 (9) 54 (56) 56 (0) 87 (-110) 89 (-438) 
2 (0) 11 (-2) 16 (24) 37 (0) 42 (59) 54 (0) 71 (-54) 77 (-233) 
0 (0) 2 (0) 11 (12) 14 (0) 15 (70) 21 (76) 37 (39) 39 (0) 56 (-73) 66 (0) 73 (-81) 82 (98) 98 (0) 
6 (0) 10 (-6) 28 (389) 29 (289) 43 (0) 46 (17) 60 (0) 69 (-149) 71 (-218) 87 (-318) 
7 (250) 27 (223) 28 (0) 33 (134) 37 (125) 52 (73) 73 (0) 
10 (0) 20 (232) 23 (44) 44 (0) 50 (58) 54 (0) 71 (-54) 
0 (0) 5 (0) 7 (702) 20 (252) 32 (220) 33 (0) 37 (5) 38 (0) 53 (-49) 59 (0) 72 (91) 82 (0) 85 (114) 97 (99) 99 (0) 
4 (0) 7 (11) 15 (0) 18 (122) 20 (63) 63 (0) 65 (-83) 69 (145) 72 (0) 83 (-72) 90 (-63) 92 (0) 
3 (0) 5 (3) 6 (0) 28 (-14) 32 (586) 42 (0) 44 (500) 53 (0) 68 (-53) 71 (229) 82 (177) 88 (89) 89 (0) 91 (-259) 
20 (142) 44 (98) 47 (0) 51 (-47) 53 (63) 58 (71) 71 (0) 96 (-129) 
2 (13) 13 (0) 14 (-15) 19 (-1) 28 (0) 32 (-76) 38 (226) 39 (43) 43 (0) 51 (-28) 54 (0) 71 (-187) 76 (-258) 
13 (17) 17 (0) 53 (-30) 55 (54) 67 (70) 70 (0) 
3 (362) 6 (356) 7 (349) 26 (45) 45 (0) 46 (-71) 51 (-117) 54 (-108) 60 (0) 67 (-282) 69 (109) 70 (0) 71 (-70) 72 (120) 77 (0) 89 (-77) 95 (-166) 
1 (3) 3 (0) 9 (380) 13 (0) 17 (16) 29 (0) 43 (223) 50 (0) 65 (117) 76 (0) 91 (-76) 
8 (57) 25 (32) 32 (0) 43 (49) 51 (63) 63 (0) 78 (-47) 81 (0) 94 (-81) 
7 (0) 9 (181) 21 (0) 43 (-21) 57 (3) 67 (0) 68 (120) 72 (0) 77 (-72) 79 (-53) 96 (0) 
10 (0) 70 (-10) 71 (-80) 79 (-51) 100 (0) 
3 (0) 13 (11) 14 (0) 23 (197) 28 (59) 59 (0) 61 (-87) 79 (-148) 81 (-196) 84 (0) 86 (-55) 94 (0) 97 (-94) 99 (-91) 100 (0) 
18 (0) 27 (140) 77 (81) 81 (0) 
7 (0) 12 (365) 21 (0) 25 (305) 26 (43) 43 (0) 51 (137) 65 (0) 68 (8) 73 (0) 
2 (0) 34 (350) 37 (315) 39 (0) 45 (9) 48 (0) 54 (-3) 55 (74) 74 (0) 77 (-132) 81 (0) 86 (-81) 89 (-167) 
5 (0) 6 (8) 13 (0) 20 (356) 25 (0) 26 (-25) 29 (173) 33 (0) 39 (119) 47 (105) 49 (56) 56 (0) 76 (-304) 83 (-338) 86 (0) 
0 (35) 35 (0) 45 (-35) 72 (166) 77 (81) 81 (0) 88 (-158) 
0 (42) 1 (41) 2 (0) 19 (18) 20 (0) 22 (13) 26 (29) 29 (0) 40 (675) 54 (277) 58 (219) 72 (0) 73 (-72) 74 (-145) 88 (44) 90 (0) 93 (-90) 95 (-86) 97 (0) 
1 (470) 7 (0) 13 (361) 14 (21) 21 (0) 29 (-35) 30 (83) 38 (49) 49 (0) 60 (-87) 63 (-241) 64 (-304) 82 (-388) 83 (-284) 93 (94) 94 (0) 
3 (301) 13 (37) 37 (0) 44 (-50) 48 (65) 72 (0) 87 (-72) 
29 (0) 30 (128) 34 (123) 51 (72) 72 (0) 73 (-30) 88 (0) 98 (-88) 
3 (0) 40 (47) 50 (0) 51 (-93) 58 (-144) 75 (-126) 76 (0) 100 (-353) 
3 (103) 47 (56) 56 (0) 59 (-106) 81 (19) 85 (99) 99 (0) 
0 (0) 12 (134) 17 (19) 19 (0) 23 (39) 31 (0) 44 (-31) 47 (101) 54 (0) 56 (83) 65 (0) 72 (-65) 
2 (0) 7 (68) 8 (0) 13 (-8) 22 (-21) 27 (-43) 43 (82) 45 (0) 57 (-45) 59 (-102) 61 (-283) 64 (-195) 67 (82) 82 (0) 84 (-471) 86 (0) 
4 (10) 10 (0) 11 (286) 27 (273) 28 (0) 35 (182) 49 (0) 50 (-49) 53 (-99) 58 (-152) 69 (206) 76 (0) 84 (107) 91 (0) 92 (-91) 93 (-248) 95 (0) 
0 (0) 3 (47) 21 (26) 26 (0) 29 (91) 34 (0) 53 (20) 54 (0) 63 (-220) 66 (-21) 75 (187) 87 (100) 100 (0) 
5 (177) 6 (0) 9 (99) 11 (0) 20 (63) 28 (0) 46 (-28) 57 (-120) 59 (563) 61 (0) 62 (561) 72 (74) 74 (0) 92 (41) 93 (0) 94 (-93) 97 (-325) 100 (0) 
15 (28) 28 (0) 35 (40) 38 (45) 45 (0) 49 (-161) 54 (243) 55 (0) 56 (5) 60 (0) 90 (-171) 92 (-161) 100 (0) 
1 (58) 5 (29) 14 (15) 15 (0) 24 (-34) 26 (565) 31 (70) 34 (36) 36 (0) 45 (-101) 53 (-146) 61 (-134) 65 (0) 69 (-95) 74 (0) 76 (6) 80 (0) 
0 (71) 12 (16) 16 (0) 21 (-28) 22 (-49) 30 (184) 36 (0) 38 (145) 42 (0) 68 (29) 71 (0) 94 (-257) 99 (0) 
15 (0) 20 (256) 32 (0) 35 (-32) 37 (100) 74 (93) 93 (0) 
12 (0) 17 (-12) 25 (910) 36 (0) 49 (14) 50 (0) 55 (-78) 57 (0) 58 (387) 67 (0) 70 (430) 73 (0) 76 (4) 77 (0) 87 (-42) 89 (95) 95 (0) 
1 (0) 10 (13) 14 (0) 18 (408) 25 (408) 33 (0) 36 (43) 76 (0) 81 (-55) 90 (0) 92 (-316) 
4 (17) 17 (0) 36 (339) 46 (0) 53 (-46) 54 (-99) 64 (-84) 69 (0) 74 (-286) 80 (-137) 88 (93) 93 (0) 99 (-181) 
45 (0) 55 (37) 82 (0) 90 (17) 99 (0) 100 (-99) 
7 (0) 38 (-7) 41 (462) 54 (0) 79 (320) 87 (0) 91 (109) 97 (0) 99 (-97) 
0 (0) 6 (17) 17 (0) 20 (788) 25 (26) 26 (0) 32 (-3) 48 (0) 69 (108) 72 (82) 82 (0) 85 (-154) 90 (-157) 91 (0) 95 (5) 96 (0) 
10 (0) 11 (510) 39 (393) 44 (61) 61 (0) 65 (-37) 68 (0) 72 (-155) 83 (0) 88 (-432) 89 (-351) 90 (0) 100 (-90) 
3 (6) 6 (0) 14 (-9) 25 (461) 27 (0) 42 (-27) 59 (-69) 80 (148) 82 (194) 94 (0) 100 (-94) 
13 (27) 27 (0) 38 (-40) 48 (-4) 74 (0) 81 (-200) 
8 (65) 11 (14) 14 (0) 19 (-4) 21 (0) 24 (272) 26 (0) 45 (248) 52 (0) 53 (117) 78 (0) 91 (-78) 
1 (0) 6 (517) 15 (0) 20 (28) 21 (0) 22 (-21) 23 (-8) 32 (0) 38 (-32) 42 (-5) 48 (0) 58 (12) 60 (0) 63 (-303) 76 (0) 88 (-433) 92 (0) 
3 (182) 4 (105) 39 (66) 66 (0) 73 (-109) 
5 (0) 35 (-5) 37 (-40) 50 (150) 66 (67) 67 (0) 94 (-133) 
6 (0) 23 (-6) 31 (732) 34 (0) 51 (76) 53 (57) 57 (0) 62 (25) 65 (0) 76 (-65) 79 (-141) 89 (-282) 97 (0) 98 (-97) 
10 (15) 15 (0) 17 (112) 34 (0) 41 (28) 62 (0) 80 (-88) 91 (0) 
9 (227) 10 (0) 54 (153) 69 (94) 94 (0) 
4 (18) 18 (0) 31 (260) 48 (0) 49 (137) 54 (64) 64 (0) 67 (-118) 88 (-242) 93 (0) 
1 (13) 13 (0) 15 (346) 49 (0) 63 (199) 65 (0) 84 (-65) 99 (-149) 
0 (0) 3 (362) 19 (20) 20 (0) 25 (-39) 29 (11) 34 (41) 41 (0) 48 (-168) 63 (-216) 83 (-279) 
8 (0) 19 (-8) 24 (618) 25 (0) 39 (-25) 44 (34) 46 (52) 52 (0) 74 (159) 75 (290) 94 (0) 96 (-94) 100 (-190) 
0 (0) 1 (0) 7 (520) 14 (0) 16 (477) 19 (42) 20 (22) 22 (0) 70 (-61) 81 (148) 85 (0) 96 (-85) 98 (-181) 
17 (324) 21 (131) 33 (0) 38 (27) 60 (0) 77 (-152) 95 (-229) 97 (-341) 
9 (0) 19 (-9) 21 (952) 23 (957) 27 (85) 38 (47) 47 (0) 48 (258) 51 (319) 59 (0) 60 (3) 62 (0) 66 (-181) 72 (-247) 76 (-179) 81 (0) 86 (103) 90 (0) 94 (-90) 
2 (0) 3 (-2) 18 (-5) 22 (6) 29 (0) 52 (430) 56 (58) 58 (0) 60 (216) 62 (268) 64 (67) 67 (0) 68 (-62) 69 (0) 70 (-385) 72 (76) 76 (0) 97 (-148) 
18 (29) 29 (0) 36 (188) 38 (53) 53 (0) 67 (-91) 77 (-158) 
12 (27) 27 (0) 69 (-39) 84 (260) 85 (0) 91 (107) 92 (100) 100 (0) 
9 (0) 12 (-9) 25 (-21) 31 (281) 56 (0) 57 (10) 66 (0) 69 (-100) 79 (0) 
8 (25) 11 (0) 14 (-11) 15 (306) 40 (0) 42 (-40) 74 (6) 88 (0) 95 (-244) 98 (-387) 
7 (75) 14 (61) 21 (0) 40 (-21) 45 (313) 47 (0) 57 (166) 66 (0) 71 (10) 76 (0) 78 (-317) 79 (-343) 85 (94) 94 (0) 
4 (97) 13 (0) 18 (53) 20 (46) 22 (0) 24 (-22) 38 (-101) 47 (28) 48 (0) 52 (-48) 67 (-100) 91 (-260) 93 (0) 
19 (122) 53 (0) 69 (-53) 73 (-141) 86 (-214) 
9 (0) 37 (460) 51 (418) 56 (0) 61 (245) 62 (144) 69 (75) 75 (0) 95 (-206) 
6 (0) 52 (-6) 59 (-58) 82 (-31) 86 (0) 
0 (0) 4 (0) 6 (11) 7 (8) 8 (0) 9 (555) 10 (570) 11 (0) 22 (526) 29 (0) 35 (444) 46 (0) 54 (327) 60 (0) 63 (103) 81 (0) 82 (-81) 87 (-286) 
4 (0) 28 (-4) 37 (435) 63 (0) 65 (92) 76 (0) 79 (-76) 90 (-189) 94 (0) 
1 (35) 10 (0) 11 (-10) 14 (-21) 16 (411) 34 (0) 38 (341) 40 (88) 43 (45) 45 (0) 51 (-128) 60 (-179) 66 (-169) 70 (0) 
0 (433) 3 (430) 14 (34) 15 (19) 19 (0) 28 (22) 32 (38) 38 (0) 60 (78) 70 (71) 71 (0) 83 (-141) 
4 (0) 9 (-4) 18 (196) 22 (187) 30 (0) 76 (51) 81 (0) 
9 (0) 12 (44) 22 (31) 31 (0) 42 (-74) 46 (209) 68 (0) 81 (108) 84 (0) 92 (-84) 
11 (0) 34 (-11) 41 (0) 45 (0) 70 (-44) 87 (0) 
8 (10) 10 (0) 14 (201) 20 (199) 24 (175) 25 (0) 30 (95) 36 (0) 40 (-36) 44 (-76) 46 (-119) 62 (0) 70 (-62) 74 (20) 80 (369) 85 (89) 89 (0) 97 (-174) 98 (-271) 
25 (0) 28 (-25) 41 (-53) 52 (167) 54 (0) 56 (-54) 69 (-110) 82 (-179) 89 (-310) 97 (0) 98 (-493) 100 (0) 
8 (0) 12 (-8) 15 (-20) 24 (250) 53 (232) 68 (0) 81 (-68) 83 (-149) 
23 (77) 33 (0) 44 (-33) 53 (-100) 57 (-5) 64 (0) 84 (-64) 85 (-266) 92 (0) 
2 (434) 21 (28) 28 (0) 54 (282) 72 (259) 84 (0) 87 (4) 88 (0) 
17 (225) 36 (37) 37 (0) 46 (-73) 52 (-119) 54 (-171) 55 (144) 56 (330) 79 (82) 82 (0) 84 (-76) 85 (0) 
0 (21) 21 (0) 22 (17) 38 (0) 46 (-26) 55 (0) 58 (-112) 70 (0) 80 (-224) 86 (0) 
4 (48) 5 (8) 8 (0) 10 (12) 25 (0) 26 (199) 35 (216) 36 (180) 41 (44) 44 (0) 45 (-35) 50 (0) 62 (70) 69 (330) 74 (0) 77 (105) 89 (0) 90 (-89) 
3 (25) 25 (0) 57 (97) 62 (63) 63 (0) 82 (-114) 96 (0) 
13 (66) 30 (36) 36 (0) 44 (681) 56 (66) 66 (0) 69 (21) 71 (72) 72 (0) 79 (13) 82 (265) 87 (0) 88 (-87) 90 (-175) 
13 (40) 17 (23) 23 (0) 38 (368) 39 (0) 48 (-39) 65 (182) 74 (0) 97 (24) 98 (0) 
17 (383) 20 (0) 21 (262) 31 (33) 33 (0) 36 (65) 39 (90) 43 (0) 47 (-43) 53 (-229) 60 (-323) 65 (122) 74 (258) 80 (0) 87 (11) 91 (0) 93 (-332) 97 (-425) 
10 (711) 13 (0) 14 (-13) 16 (23) 24 (26) 26 (0) 29 (30) 31 (92) 42 (50) 50 (0) 59 (162) 64 (0) 68 (14) 78 (0) 98 (-111) 99 (0) 
1 (0) 11 (34) 17 (0) 18 (-17) 34 (8) 55 (0) 69 (-136) 74 (161) 82 (284) 89 (0) 96 (-89) 99 (-185) 
5 (729) 15 (114) 18 (96) 19 (77) 30 (0) 47 (-30) 57 (-62) 67 (0) 68 (155) 69 (0) 75 (195) 78 (186) 89 (97) 97 (0) 
8 (0) 10 (533) 18 (0) 20 (485) 36 (129) 59 (0) 70 (-59) 78 (-165) 80 (-63) 81 (99) 99 (0) 
7 (0) 13 (-7) 18 (16) 36 (0) 38 (38) 50 (0) 62 (-50) 63 (201) 66 (173) 82 (91) 91 (0) 92 (-145) 94 (0) 
1 (76) 16 (0) 26 (18) 34 (0) 60 (334) 65 (0) 71 (210) 82 (193) 95 (0) 98 (-95) 
3 (35) 6 (29) 11 (18) 18 (0) 19 (-16) 22 (0) 28 (297) 30 (0) 32 (22) 52 (0) 53 (95) 66 (69) 69 (0) 74 (-135) 75 (-146) 77 (0) 82 (101) 83 (95) 95 (0) 
16 (0) 19 (399) 25 (26) 26 (0) 29 (284) 43 (0) 49 (-43) 63 (-92) 83 (-58) 97 (0) 
0 (7) 7 (0) 11 (409) 73 (0) 77 (7) 80 (0) 87 (-131) 99 (0) 
2 (0) 11 (45) 23 (0) 24 (-23) 33 (488) 36 (0) 40 (-36) 51 (345) 73 (348) 77 (174) 81 (0) 93 (-81) 97 (-251) 
14 (413) 26 (387) 37 (0) 51 (-37) 55 (156) 61 (183) 89 (94) 94 (0) 
1 (232) 12 (0) 19 (-12) 23 (80) 24 (0) 28 (35) 59 (0) 67 (-165) 68 (-61) 73 (99) 99 (0) 
13 (400) 22 (59) 28 (31) 31 (0) 41 (-81) 47 (109) 52 (0) 79 (48) 100 (0) 
5 (0) 51 (-5) 72 (113) 73 (0) 96 (-73) 
21 (233) 33 (200) 39 (0) 65 (57) 96 (0) 
5 (40) 9 (0) 12 (10) 19 (0) 34 (619) 41 (222) 46 (176) 55 (121) 58 (63) 63 (0) 66 (72) 68 (0) 74 (-68) 93 (-42) 100 (0) 
7 (0) 15 (10) 17 (0) 32 (-39) 34 (-71) 35 (784) 36 (853) 43 (50) 50 (0) 51 (89) 57 (0) 59 (9) 66 (0) 80 (121) 83 (88) 88 (0) 91 (-171) 92 (-169) 93 (0) 
1 (0) 5 (179) 17 (163) 78 (85) 85 (0) 89 (-186) 
1 (0) 7 (145) 31 (0) 36 (8) 39 (0) 40 (-106) 51 (-40) 55 (59) 59 (0) 61 (35) 77 (177) 86 (0) 91 (-86) 100 (-254) 
74 (0) 78 (187) 80 (0) 89 (12) 92 (0) 
21 (175) 41 (134) 46 (0) 88 (-46) 
3 (0) 7 (154) 10 (98) 11 (56) 27 (29) 29 (0) 31 (-67) 49 (-108) 69 (317) 94 (390) 95 (0) 97 (3) 98 (0) 100 (-290) 
14 (310) 21 (0) 36 (-21) 55 (141) 62 (136) 65 (71) 71 (0) 76 (-243) 81 (0) 
1 (0) 9 (-1) 15 (47) 25 (32) 32 (0) 49 (59) 54 (0) 87 (-54) 
25 (0) 52 (40) 65 (0) 69 (-67) 75 (0) 
1 (72) 12 (60) 15 (45) 21 (24) 24 (0) 25 (262) 30 (305) 37 (0) 41 (12) 49 (0) 51 (0) 60 (0) 67 (-60) 68 (-273) 75 (0) 85 (-75) 
1 (20) 4 (0) 6 (-4) 10 (-10) 13 (55) 16 (0) 23 (21) 37 (0) 52 (246) 53 (69) 69 (0) 75 (37) 78 (81) 81 (0) 
0 (9) 9 (0) 12 (9) 18 (0) 33 (112) 60 (91) 91 (0) 
7 (0) 8 (228) 34 (43) 43 (0) 62 (19) 96 (0) 
24 (0) 51 (110) 65 (69) 69 (0) 76 (-209) 79 (-191) 94 (0) 
0 (0) 5 (60) 17 (0) 19 (7) 24 (0) 27 (387) 30 (0) 46 (-30) 58 (-76) 64 (120) 73 (90) 90 (0) 91 (-163) 
0 (307) 17 (38) 18 (0) 20 (-18) 21 (-8) 47 (0) 48 (13) 61 (75) 75 (0) 78 (52) 83 (88) 88 (0) 89 (-171) 99 (-260) 
5 (58) 10 (0) 23 (-10) 25 (-33) 30 (0) 31 (32) 32 (0) 44 (151) 55 (0) 62 (135) 91 (0) 99 (-91) 
21 (0) 29 (225) 49 (52) 52 (0) 66 (-22) 79 (0) 
1 (0) 2 (124) 9 (0) 31 (76) 42 (0) 43 (-42) 45 (-69) 59 (0) 65 (45) 89 (90) 90 (0) 98 (-179) 
19 (55) 24 (0) 31 (-24) 43 (502) 64 (0) 76 (13) 77 (0) 81 (61) 90 (188) 91 (0) 97 (-91) 
0 (789) 1 (0) 2 (24) 10 (15) 15 (0) 20 (212) 27 (0) 28 (-27) 31 (39) 36 (58) 58 (0) 60 (-180) 66 (147) 80 (355) 84 (271) 85 (186) 92 (0) 94 (-92) 
6 (0) 15 (15) 21 (0) 38 (-42) 40 (-80) 42 (685) 49 (50) 50 (0) 58 (-99) 65 (148) 68 (0) 75 (94) 78 (0) 84 (-78) 89 (-338) 93 (96) 96 (0) 
0 (0) 4 (5) 5 (0) 11 (4) 13 (0) 22 (262) 42 (0) 44 (50) 45 (47) 47 (0) 52 (-113) 65 (0) 69 (29) 87 (292) 93 (0) 99 (7) 100 (0) 
1 (393) 2 (0) 12 (144) 13 (0) 31 (89) 39 (0) 63 (-39) 70 (3) 72 (0) 91 (-72) 
1 (0) 3 (-1) 7 (-4) 8 (650) 12 (21) 21 (0) 38 (291) 42 (0) 43 (-42) 44 (-85) 46 (-32) 48 (49) 49 (0) 52 (-272) 74 (-395) 92 (-369) 100 (0) 
5 (0) 25 (495) 28 (0) 30 (11) 39 (0) 40 (266) 61 (64) 64 (0) 65 (-52) 73 (0) 100 (-263) 
19 (0) 38 (-19) 57 (-57) 83 (-22) 92 (0) 
3 (0) 8 (-3) 23 (138) 29 (0) 34 (-29) 35 (-12) 51 (0) 55 (98) 59 (222) 61 (161) 79 (82) 82 (0) 85 (-519) 
1 (0) 17 (-1) 22 (443) 25 (0) 34 (11) 36 (0) 85 (186) 86 (97) 97 (0) 98 (-183) 
9 (0) 12 (20) 14 (0) 15 (-14) 17 (689) 20 (0) 21 (-20) 29 (-41) 32 (567) 33 (74) 34 (0) 40 (-34) 42 (381) 52 (344) 60 (0) 66 (158) 68 (0) 72 (10) 78 (0) 92 (-396) 
33 (211) 37 (174) 45 (129) 60 (69) 69 (0) 75 (124) 86 (282) 91 (95) 95 (0) 96 (-186) 
7 (49) 16 (33) 33 (0) 42 (-56) 62 (-35) 63 (0) 68 (189) 77 (0) 78 (7) 84 (0) 86 (-239) 87 (-325) 
3 (0) 17 (625) 32 (84) 33 (0) 51 (-33) 68 (-116) 69 (-184) 88 (-159) 94 (0) 96 (-338) 97 (0) 
21 (57) 27 (30) 30 (0) 42 (88) 74 (0) 92 (-74) 
7 (16) 16 (0) 19 (45) 30 (38) 38 (0) 44 (301) 47 (61) 61 (0) 70 (125) 73 (0) 76 (-73) 84 (-149) 92 (-465) 100 (0) 
7 (0) 9 (40) 47 (0) 52 (587) 54 (0) 56 (-54) 61 (369) 62 (0) 74 (98) 76 (84) 84 (0) 91 (-204) 92 (0) 
2 (57) 7 (0) 14 (8) 15 (0) 21 (-36) 22 (21) 23 (57) 24 (33) 33 (0) 34 (272) 49 (0) 53 (183) 63 (169) 81 (0) 88 (-81) 99 (-334) 
8 (11) 11 (0) 39 (-19) 51 (543) 53 (548) 57 (308) 64 (0) 78 (-64) 81 (-142) 85 (-223) 86 (-268) 97 (0) 
2 (43) 8 (21) 9 (12) 12 (0) 14 (-29) 19 (18) 29 (34) 34 (0) 44 (122) 46 (0) 63 (94) 65 (0) 75 (-65) 
24 (35) 35 (0) 36 (122) 41 (90) 44 (0) 46 (-44) 50 (-131) 56 (170) 59 (0) 62 (4) 63 (0) 81 (-3) 89 (0) 92 (-89) 
6 (0) 12 (603) 31 (0) 33 (-31) 37 (73) 40 (97) 46 (0) 51 (-46) 55 (-14) 62 (77) 77 (0) 85 (-139) 92 (-517) 
27 (37) 37 (0) 44 (307) 54 (227) 65 (162) 80 (82) 82 (0) 90 (-281) 
1 (0) 6 (18) 8 (0) 11 (-8) 14 (874) 28 (370) 38 (332) 40 (292) 43 (53) 53 (0) 62 (38) 65 (0) 69 (-65) 73 (-398) 74 (-116) 76 (0) 90 (-76) 91 (-166) 98 (-257) 
7 (0) 9 (-7) 10 (161) 22 (0) 31 (102) 59 (65) 65 (0) 67 (213) 68 (252) 75 (0) 87 (-75) 90 (-162) 96 (-320) 
3 (8) 8 (0) 23 (279) 33 (37) 37 (0) 70 (80) 71 (79) 79 (0) 94 (-324) 
8 (0) 21 (28) 36 (0) 51 (6) 71 (0) 75 (-187) 84 (-168) 94 (0) 95 (-344) 96 (0) 
6 (12) 12 (0) 24 (-18) 33 (-42) 57 (159) 61 (0) 82 (30) 91 (0) 100 (-366) 
2 (192) 3 (189) 10 (0) 30 (139) 66 (0) 83 (-66) 
12 (0) 33 (282) 44 (0) 56 (150) 63 (0) 65 (-63) 66 (-128) 67 (-198) 70 (71) 71 (0) 82 (-447) 100 (0) 
1 (9) 9 (0) 21 (383) 26 (30) 30 (0) 33 (156) 38 (174) 85 (0) 89 (-85) 92 (-301) 
4 (98) 11 (43) 43 (0) 44 (-54) 55 (-102) 73 (159) 76 (240) 77 (163) 80 (0) 83 (-80) 
19 (0) 30 (-19) 35 (-7) 42 (0) 53 (1) 54 (0) 73 (-54) 
1 (0) 2 (-1) 8 (11) 14 (0) 34 (98) 38 (85) 41 (0) 44 (-41) 60 (52) 71 (0) 81 (-71) 82 (-152) 89 (-380) 96 (0) 
1 (88) 5 (0) 33 (45) 50 (0) 51 (-89) 56 (602) 57 (0) 68 (12) 69 (0) 76 (-194) 90 (112) 92 (95) 95 (0) 96 (-88) 99 (0) 
2 (26) 7 (19) 8 (11) 11 (0) 14 (577) 19 (274) 21 (57) 57 (0) 62 (-78) 65 (-71) 69 (0) 73 (-217) 76 (0) 78 (-357) 85 (0) 
0 (608) 4 (39) 19 (20) 20 (0) 44 (196) 77 (162) 79 (83) 83 (0) 87 (-131) 97 (98) 98 (0) 
8 (32) 32 (0) 36 (367) 52 (0) 53 (72) 56 (0) 68 (-56) 79 (-130) 99 (0) 
12 (264) 26 (140) 56 (0) 84 (-56) 98 (-166) 
5 (14) 6 (8) 8 (0) 43 (552) 53 (57) 57 (0) 62 (-110) 63 (164) 80 (0) 82 (6) 86 (0) 88 (-248) 
4 (0) 9 (157) 13 (18) 18 (0) 30 (34) 31 (0) 34 (-31) 35 (-126) 36 (127) 48 (0) 55 (150) 60 (68) 68 (0) 70 (-128) 74 (-261) 76 (174) 78 (96) 96 (0) 
30 (77) 38 (0) 39 (-38) 64 (142) 65 (184) 91 (93) 93 (0) 
13 (54) 14 (0) 17 (9) 23 (0) 36 (131) 47 (0) 73 (31) 78 (0) 
15 (34) 16 (0) 18 (-16) 19 (44) 30 (0) 31 (-30) 32 (-61) 35 (-124) 37 (0) 45 (304) 52 (0) 59 (73) 62 (0) 63 (-62) 65 (0) 71 (165) 76 (0) 89 (-76) 
0 (1) 1 (0) 2 (782) 14 (32) 32 (0) 37 (129) 48 (127) 58 (0) 69 (-58) 74 (193) 76 (0) 88 (16) 92 (0) 97 (-158) 98 (0) 
4 (0) 10 (-4) 13 (241) 19 (236) 24 (0) 64 (-24) 71 (-11) 77 (0) 89 (-187) 95 (0) 
26 (0) 33 (-26) 36 (93) 56 (0) 96 (-56) 
3 (558) 24 (125) 37 (88) 42 (46) 46 (0) 53 (-149) 56 (98) 66 (77) 77 (0) 78 (-64) 79 (0) 82 (-468) 93 (0) 
12 (75) 13 (62) 25 (0) 37 (-25) 48 (-87) 59 (232) 60 (307) 64 (0) 68 (111) 82 (0) 93 (-82) 
9 (0) 15 (221) 21 (0) 25 (-21) 33 (-5) 41 (0) 49 (-120) 61 (-169) 75 (-254) 79 (112) 80 (0) 85 (-80) 91 (-165) 92 (-163) 93 (0) 
49 (400) 50 (0) 55 (245) 70 (0) 71 (-70) 73 (-141) 81 (-214) 99 (-449) 
2 (7) 7 (0) 9 (708) 12 (0) 21 (236) 28 (0) 34 (-28) 39 (-17) 45 (0) 48 (-92) 54 (0) 77 (78) 84 (87) 87 (0) 89 (-72) 99 (0) 
0 (0) 4 (375) 9 (18) 18 (0) 26 (295) 30 (33) 33 (0) 40 (-15) 48 (0) 50 (-30) 58 (0) 63 (-58) 70 (82) 71 (0) 72 (247) 73 (245) 74 (0) 85 (-74) 86 (-159) 
1 (5) 5 (0) 15 (166) 18 (26) 26 (0) 30 (54) 43 (0) 55 (-43) 61 (237) 70 (0) 81 (209) 89 (190) 92 (0) 98 (-92) 
1 (28) 2 (0) 4 (7) 9 (0) 13 (-15) 14 (-29) 16 (-43) 44 (619) 55 (60) 60 (0) 64 (384) 68 (0) 76 (287) 78 (85) 85 (0) 94 (-65) 98 (0) 
30 (151) 42 (49) 49 (0) 60 (-91) 65 (-104) 77 (0) 
3 (6) 6 (0) 20 (138) 33 (0) 50 (-33) 64 (-83) 86 (-83) 93 (0) 94 (-157) 98 (100) 100 (0) 
5 (13) 6 (7) 7 (0) 15 (212) 23 (0) 26 (-23) 34 (-7) 42 (0) 46 (-66) 59 (0) 64 (-35) 73 (155) 76 (79) 79 (0) 86 (-92) 87 (91) 91 (0) 93 (-178) 94 (-173) 98 (0) 
4 (0) 10 (511) 32 (483) 44 (56) 56 (0) 59 (224) 60 (264) 80 (0) 90 (-80) 94 (-170) 
5 (9) 9 (0) 16 (43) 20 (37) 37 (0) 49 (417) 56 (0) 59 (-56) 60 (214) 69 (260) 83 (0) 84 (10) 93 (0) 
0 (586) 9 (0) 14 (20) 29 (0) 33 (26) 38 (0) 40 (-38) 42 (218) 44 (0) 50 (10) 54 (0) 70 (15) 75 (0) 88 (-75) 100 (-586) 
9 (101) 15 (0) 21 (50) 26 (39) 39 (0) 50 (242) 56 (0) 64 (176) 73 (0) 76 (10) 83 (0) 
8 (24) 10 (14) 14 (0) 30 (180) 42 (0) 81 (47) 89 (0) 
13 (137) 19 (0) 20 (79) 25 (0) 32 (-25) 41 (-57) 44 (-105) 45 (0) 46 (-239) 48 (-66) 64 (0) 75 (16) 80 (0) 
5 (623) 12 (57) 57 (0) 67 (-69) 68 (283) 78 (0) 79 (184) 85 (177) 88 (89) 89 (0) 100 (-628) 
1 (346) 10 (0) 16 (161) 24 (0) 26 (-24) 38 (33) 40 (0) 43 (-40) 47 (-95) 49 (0) 53 (-49) 56 (2) 58 (291) 62 (0) 72 (-62) 77 (-54) 80 (0) 
19 (0) 20 (-19) 21 (-11) 28 (0) 29 (513) 34 (73) 36 (37) 37 (0) 45 (-55) 52 (0) 60 (58) 61 (0) 63 (-61) 67 (-53) 71 (0) 75 (-526) 
9 (0) 12 (37) 20 (0) 26 (-20) 29 (-19) 48 (0) 52 (182) 53 (0) 58 (-53) 65 (39) 66 (84) 84 (0) 
8 (0) 19 (321) 23 (30) 30 (0) 40 (183) 52 (0) 55 (-52) 61 (-39) 68 (0) 71 (-277) 79 (0) 
2 (181) 5 (0) 27 (-5) 48 (69) 49 (52) 52 (0) 56 (-51) 57 (0) 75 (-57) 
4 (0) 12 (23) 27 (0) 34 (172) 55 (0) 64 (41) 96 (0) 
2 (0) 5 (124) 7 (57) 16 (41) 18 (23) 23 (0) 29 (-31) 33 (0) 36 (-133) 44 (374) 48 (0) 71 (376) 73 (76) 76 (0) 82 (-54) 95 (0) 98 (-326) 
0 (6) 6 (0) 7 (137) 32 (0) 54 (25) 57 (0) 78 (115) 89 (0) 90 (-89) 92 (-179) 
17 (0) 30 (-17) 32 (74) 59 (62) 62 (0) 72 (-39) 77 (0) 84 (-77) 
7 (0) 13 (400) 52 (180) 53 (127) 57 (70) 70 (0) 80 (-137) 95 (0) 
7 (0) 10 (148) 28 (0) 37 (62) 43 (0) 47 (-43) 50 (434) 51 (0) 61 (443) 70 (0) 72 (-70) 78 (-142) 82 (-28) 95 (97) 97 (0) 
0 (0) 16 (52) 25 (27) 27 (0) 42 (599) 47 (0) 59 (514) 63 (498) 65 (433) 71 (0) 84 (110) 85 (0) 96 (-85) 97 (-336) 
11 (113) 26 (87) 39 (0) 48 (-39) 71 (-36) 88 (0) 
10 (0) 12 (344) 17 (337) 20 (317) 38 (279) 52 (0) 54 (-52) 79 (-106) 94 (-185) 
18 (0) 19 (444) 20 (22) 22 (0) 31 (253) 35 (0) 47 (-35) 54 (77) 67 (0) 92 (-67) 94 (-368) 
47 (0) 63 (-47) 65 (41) 70 (81) 81 (0) 
2 (7) 7 (0) 10 (-9) 44 (364) 45 (0) 47 (-45) 48 (151) 51 (0) 53 (88) 69 (0) 70 (-69) 
9 (310) 15 (0) 20 (260) 37 (0) 47 (-37) 48 (59) 57 (86) 86 (0) 93 (-319) 
13 (78) 14 (0) 29 (21) 35 (0) 38 (-44) 47 (0) 50 (-21) 70 (85) 85 (0) 
0 (0) 25 (264) 55 (0) 56 (98) 76 (0) 77 (-76) 84 (-103) 89 (0) 97 (-89) 
21 (192) 36 (156) 71 (0) 85 (-71) 
0 (0) 4 (755) 6 (651) 18 (0) 19 (159) 20 (157) 34 (36) 36 (0) 41 (-24) 46 (0) 51 (-68) 71 (0) 75 (-71) 77 (-248) 79 (84) 84 (0) 98 (-657) 
1 (2) 2 (0) 6 (40) 16 (0) 27 (-16) 36 (638) 37 (460) 38 (0) 53 (22) 60 (0) 65 (93) 79 (81) 81 (0) 84 (-160) 96 (-400) 97 (0) 
2 (0) 11 (12) 14 (0) 17 (32) 25 (34) 34 (0) 36 (118) 71 (0) 72 (7) 78 (0) 79 (-21) 80 (0) 83 (96) 85 (0) 91 (-85) 95 (-778) 
0 (92) 5 (0) 12 (-5) 35 (23) 40 (0) 42 (64) 72 (0) 84 (-72) 
1 (0) 13 (-1) 29 (612) 31 (0) 34 (9) 40 (0) 44 (125) 50 (0) 53 (-50) 57 (-33) 70 (0) 71 (-379) 81 (-355) 95 (0) 
1 (647) 2 (552) 9 (0) 37 (-9) 38 (109) 42 (0) 54 (17) 59 (0) 75 (-1) 76 (0) 80 (-76) 82 (-156) 93 (-554) 
6 (501) 7 (27) 12 (0) 15 (-12) 18 (415) 30 (66) 66 (0) 68 (189) 89 (96) 96 (0) 100 (-185) 
9 (0) 12 (-9) 29 (83) 31 (35) 35 (0) 38 (-66) 40 (202) 52 (0) 53 (-52) 67 (79) 89 (95) 95 (0) 
13 (309) 15 (41) 41 (0) 55 (-56) 58 (29) 69 (0) 71 (-69) 
5 (12) 12 (0) 24 (50) 32 (0) 35 (-32) 38 (-108) 57 (513) 62 (597) 73 (0) 76 (-73) 84 (-149) 85 (-51) 88 (0) 94 (-88) 97 (-500) 
9 (314) 24 (0) 52 (-24) 73 (-1) 75 (0) 90 (-224) 
1 (534) 10 (80) 14 (66) 19 (47) 47 (0) 52 (-37) 53 (0) 62 (82) 83 (0) 96 (15) 98 (0) 
1 (12) 3 (9) 9 (0) 29 (108) 33 (42) 42 (0) 46 (-75) 56 (567) 61 (0) 65 (-61) 73 (-126) 78 (-116) 83 (0) 88 (-78) 89 (0) 94 (10) 99 (0) 100 (-949) 
0 (460) 1 (0) 2 (86) 3 (84) 19 (0) 21 (-19) 44 (-40) 52 (228) 68 (250) 69 (181) 88 (93) 93 (0) 
3 (0) 5 (12) 15 (0) 23 (-23) 34 (-46) 37 (447) 39 (0) 49 (69) 51 (0) 57 (-51) 66 (69) 83 (0) 84 (-83) 98 (-167) 
0 (2) 2 (0) 11 (411) 24 (0) 28 (41) 29 (0) 36 (-29) 37 (142) 39 (220) 40 (180) 43 (0) 64 (30) 73 (0) 90 (-333) 93 (0) 
10 (18) 18 (0) 31 (75) 47 (56) 56 (0) 
10 (11) 11 (0) 30 (-21) 38 (37) 42 (0) 46 (-42) 54 (-177) 99 (-231) 
0 (0) 5 (137) 8 (10) 10 (0) 13 (-18) 14 (11) 42 (0) 50 (-87) 72 (-142) 82 (317) 83 (84) 84 (0) 85 (112) 89 (0) 92 (9) 98 (0) 
2 (4) 4 (0) 5 (477) 6 (35) 16 (19) 19 (0) 27 (-41) 34 (313) 60 (321) 70 (0) 75 (7) 77 (0) 99 (-222) 
1 (0) 4 (-1) 6 (161) 14 (0) 15 (33) 21 (0) 26 (-21) 27 (-13) 30 (33) 33 (0) 38 (-20) 74 (83) 83 (0) 88 (-372) 
22 (68) 68 (0) 77 (-90) 86 (-77) 90 (0) 93 (-343) 98 (-436) 
7 (144) 47 (97) 48 (0) 49 (-48) 56 (30) 86 (0) 95 (-86) 
12 (0) 31 (381) 43 (144) 46 (0) 47 (-46) 51 (-93) 57 (-38) 60 (89) 89 (0) 
1 (0) 9 (274) 31 (39) 39 (0) 51 (84) 75 (79) 79 (0) 
2 (0) 3 (632) 8 (117) 18 (0) 21 (60) 32 (46) 46 (0) 47 (337) 53 (0) 58 (106) 70 (0) 89 (-70) 93 (-270) 99 (-363) 
3 (0) 9 (107) 19 (0) 36 (36) 55 (0) 56 (-40) 82 (0) 90 (-165) 95 (0) 
13 (38) 38 (0) 52 (-51) 58 (329) 80 (352) 83 (172) 84 (88) 88 (0) 97 (-255) 99 (-593) 
12 (0) 31 (-12) 36 (-6) 37 (0) 42 (19) 55 (80) 80 (0) 
1 (6) 6 (0) 13 (586) 27 (566) 30 (0) 38 (281) 49 (58) 58 (0) 62 (35) 63 (0) 79 (-63) 87 (-279) 100 (0) 
6 (0) 13 (-6) 24 (-19) 29 (764) 34 (0) 53 (-34) 57 (576) 59 (62) 62 (0) 63 (358) 65 (414) 76 (0) 80 (182) 82 (0) 83 (11) 93 (0) 
14 (299) 15 (284) 18 (266) 31 (0) 71 (-31) 81 (-19) 83 (0) 90 (-313) 
0 (14) 14 (0) 18 (447) 46 (0) 48 (321) 49 (0) 63 (-49) 68 (-112) 87 (-180) 100 (-267) 
10 (0) 12 (313) 13 (0) 17 (31) 21 (0) 23 (-21) 38 (137) 44 (110) 54 (0) 56 (-54) 57 (-154) 58 (124) 60 (141) 68 (73) 73 (0) 76 (-9) 92 (0) 100 (-92) 
0 (0) 5 (119) 55 (64) 64 (0) 
21 (0) 28 (174) 29 (0) 33 (104) 37 (0) 96 (-37) 
8 (0) 29 (199) 46 (49) 49 (0) 55 (-38) 57 (0) 69 (-244) 97 (-313) 
19 (23) 23 (0) 28 (-42) 34 (448) 39 (0) 40 (-39) 49 (30) 53 (56) 56 (0) 57 (-13) 62 (0) 70 (30) 92 (0) 
12 (0) 13 (5) 17 (0) 19 (195) 41 (48) 48 (0) 73 (-14) 75 (0) 92 (-201) 97 (0) 
5 (0) 8 (49) 24 (0) 30 (-24) 31 (208) 36 (0) 48 (155) 53 (138) 61 (77) 77 (0) 81 (-106) 84 (0) 85 (14) 98 (0) 
2 (61) 7 (0) 20 (-7) 34 (-27) 51 (51) 55 (59) 59 (0) 65 (124) 71 (0) 87 (123) 94 (100) 100 (0) 
11 (89) 13 (15) 15 (0) 28 (5) 33 (0) 35 (68) 36 (0) 38 (58) 41 (0) 53 (-41) 56 (93) 67 (0) 69 (193) 78 (0) 85 (19) 97 (0) 
9 (0) 32 (25) 34 (0) 38 (79) 48 (106) 52 (0) 54 (-52) 60 (26) 63 (230) 65 (0) 76 (24) 89 (0) 94 (-620) 
17 (20) 20 (0) 21 (0) 37 (0) 38 (130) 42 (109) 52 (57) 57 (0) 74 (-151) 83 (-84) 86 (91) 91 (0) 97 (-177) 
5 (90) 8 (82) 40 (0) 42 (-40) 43 (10) 49 (0) 56 (-49) 73 (190) 76 (0) 83 (198) 87 (187) 93 (0) 94 (-93) 97 (-749) 
7 (133) 20 (0) 21 (7) 27 (0) 28 (-31) 37 (0) 42 (19) 46 (0) 50 (-46) 63 (-96) 65 (-88) 76 (0) 86 (15) 91 (0) 
0 (0) 19 (789) 28 (0) 29 (-28) 31 (-57) 37 (482) 48 (0) 58 (-48) 60 (-34) 72 (0) 73 (21) 78 (89) 89 (0) 92 (-167) 94 (-695) 
7 (0) 22 (23) 30 (0) 36 (359) 42 (126) 62 (0) 64 (-62) 73 (-84) 84 (0) 93 (-325) 
4 (0) 8 (-4) 9 (174) 27 (159) 28 (41) 41 (0) 43 (-22) 47 (0) 50 (-207) 56 (-180) 77 (0) 85 (-21) 87 (282) 88 (194) 94 (100) 100 (0) 
14 (94) 15 (79) 17 (0) 30 (15) 32 (0) 36 (496) 44 (0) 56 (13) 57 (0) 59 (231) 63 (0) 65 (197) 67 (0) 94 (-67) 99 (-161) 
2 (0) 6 (111) 12 (0) 18 (71) 32 (0) 51 (-32) 52 (177) 53 (75) 75 (0) 77 (-35) 93 (0) 
7 (11) 11 (0) 39 (261) 59 (63) 63 (0) 72 (-37) 85 (0) 88 (-155) 89 (92) 92 (0) 
4 (0) 32 (251) 35 (38) 38 (0) 59 (50) 61 (0) 62 (-61) 74 (-206) 85 (0) 
4 (21) 10 (11) 11 (0) 20 (556) 25 (36) 36 (0) 40 (-61) 50 (-101) 51 (-18) 62 (71) 71 (0) 77 (-166) 84 (0) 85 (-84) 
4 (0) 7 (728) 14 (181) 18 (24) 24 (0) 27 (70) 33 (0) 39 (7) 40 (0) 45 (-48) 47 (100) 48 (52) 52 (0) 55 (-97) 56 (0) 66 (112) 68 (100) 100 (0) 
34 (0) 54 (29) 63 (0) 65 (-151) 66 (-216) 
2 (20) 4 (0) 7 (5) 9 (0) 11 (-22) 22 (812) 26 (0) 48 (26) 52 (0) 63 (84) 67 (0) 68 (8) 75 (0) 77 (-30) 85 (0) 87 (-85) 97 (-72) 100 (0) 
10 (245) 11 (234) 43 (191) 53 (0) 59 (26) 79 (0) 
1 (864) 5 (43) 11 (32) 13 (0) 19 (-13) 22 (296) 46 (298) 52 (0) 54 (-52) 57 (-46) 60 (0) 75 (-223) 81 (-45) 86 (0) 90 (107) 94 (0) 99 (-94) 
0 (0) 19 (0) 31 (608) 41 (44) 44 (0) 54 (403) 72 (0) 74 (172) 78 (166) 79 (87) 87 (0) 98 (-390) 
10 (22) 22 (0) 38 (10) 42 (0) 47 (341) 56 (0) 64 (15) 71 (0) 73 (-2) 91 (0) 98 (-91) 
19 (0) 37 (209) 63 (0) 67 (-63) 98 (-130) 
1 (0) 5 (440) 11 (0) 23 (15) 26 (0) 35 (-60) 36 (215) 46 (0) 70 (148) 96 (98) 98 (0) 
1 (2) 2 (0) 6 (7) 10 (0) 14 (339) 16 (89) 27 (0) 62 (-27) 76 (72) 85 (92) 92 (0) 
6 (10) 10 (0) 17 (-16) 26 (572) 56 (0) 62 (431) 64 (423) 67 (0) 82 (207) 87 (187) 93 (0) 94 (-93) 
7 (0) 9 (-7) 24 (103) 26 (93) 27 (66) 32 (34) 34 (0) 38 (-120) 39 (0) 58 (25) 61 (200) 65 (135) 66 (69) 69 (0) 70 (-286) 86 (0) 87 (10) 96 (0) 
4 (0) 13 (253) 17 (85) 33 (0) 52 (-33) 71 (-18) 84 (0) 
10 (0) 24 (-10) 31 (592) 36 (0) 42 (-36) 56 (-9) 69 (0) 79 (-123) 80 (0) 81 (-362) 87 (-347) 96 (0) 97 (-592) 99 (0) 
1 (0) 10 (-1) 26 (-11) 33 (-37) 42 (198) 46 (222) 48 (50) 50 (0) 57 (-98) 67 (-155) 68 (-24) 74 (0) 90 (118) 92 (100) 100 (0) 
2 (0) 6 (5) 7 (0) 17 (16) 31 (0) 43 (352) 60 (355) 79 (85) 85 (0) 95 (-68) 96 (0) 
6 (0) 8 (-6) 25 (508) 26 (29) 29 (0) 37 (56) 50 (0) 61 (-50) 73 (-203) 79 (-109) 83 (0) 84 (-83) 
1 (0) 24 (448) 27 (0) 52 (343) 62 (72) 72 (0) 74 (28) 75 (0) 87 (-75) 
18 (26) 26 (0) 33 (4) 48 (0) 57 (143) 60 (0) 62 (3) 63 (0) 83 (-185) 86 (-271) 87 (0) 92 (-87) 
9 (32) 15 (17) 17 (0) 29 (161) 42 (160) 44 (116) 46 (0) 70 (-46) 79 (-192) 80 (0) 
4 (0) 14 (129) 17 (0) 45 (-17) 71 (-62) 
9 (0) 16 (15) 24 (0) 34 (772) 39 (415) 50 (62) 62 (0) 71 (-112) 75 (-26) 78 (79) 79 (0) 87 (-273) 88 (0) 93 (-88) 99 (-722) 
15 (90) 16 (74) 30 (44) 44 (0) 48 (88) 61 (62) 62 (0) 70 (-123) 
7 (407) 9 (0) 28 (361) 45 (0) 78 (202) 79 (0) 80 (9) 88 (0) 
6 (39) 17 (22) 22 (0) 28 (-45) 29 (296) 56 (0) 60 (197) 67 (0) 86 (-67) 100 (-153) 
19 (0) 23 (5) 24 (0) 26 (602) 36 (38) 38 (0) 73 (165) 74 (0) 79 (12) 86 (0) 89 (-193) 96 (0) 97 (-96) 
7 (706) 12 (16) 16 (0) 20 (57) 32 (53) 53 (0) 55 (385) 77 (0) 79 (-77) 80 (-156) 92 (-46) 93 (97) 97 (0) 
2 (0) 22 (222) 25 (48) 48 (0) 67 (11) 84 (0) 
22 (0) 25 (7) 29 (0) 30 (617) 48 (49) 49 (0) 54 (445) 60 (0) 61 (-60) 72 (228) 79 (0) 83 (8) 87 (0) 100 (-249) 
29 (587) 39 (40) 40 (0) 52 (-79) 56 (269) 64 (0) 65 (-64) 82 (60) 93 (96) 96 (0) 
6 (10) 10 (0) 15 (378) 17 (377) 28 (0) 30 (-28) 31 (55) 34 (79) 37 (0) 42 (-37) 49 (-76) 56 (70) 70 (0) 75 (25) 82 (0) 84 (-82) 92 (-166) 94 (-160) 98 (0) 
17 (21) 21 (0) 30 (272) 37 (51) 51 (0) 67 (-11) 77 (0) 78 (-232) 
2 (0) 10 (710) 13 (38) 18 (0) 20 (-18) 31 (579) 34 (0) 56 (24) 58 (0) 69 (265) 71 (77) 77 (0) 83 (34) 85 (97) 97 (0) 98 (-724) 
11 (0) 13 (9) 20 (0) 21 (-19) 25 (0) 26 (147) 49 (0) 55 (84) 66 (0) 67 (-66) 
0 (0) 15 (0) 18 (581) 19 (0) 52 (506) 72 (84) 84 (0) 87 (-156) 92 (-53) 93 (97) 97 (0) 
0 (0) 4 (29) 10 (0) 19 (-10) 26 (58) 28 (0) 29 (-28) 34 (-57) 61 (-86) 64 (0) 83 (-189) 86 (0) 92 (-444) 
1 (0) 5 (410) 8 (33) 12 (21) 21 (0) 24 (-9) 32 (0) 45 (-97) 54 (73) 62 (68) 68 (0) 85 (-130) 
24 (35) 35 (0) 37 (249) 46 (0) 55 (161) 58 (0) 71 (20) 78 (0) 
9 (15) 15 (0) 18 (78) 24 (78) 30 (0) 48 (-30) 
32 (337) 39 (0) 69 (190) 73 (156) 77 (79) 79 (0) 89 (-274) 95 (0) 
0 (0) 1 (3) 3 (0) 9 (29) 16 (17) 17 (0) 54 (368) 60 (354) 64 (0) 65 (161) 67 (78) 78 (0) 80 (-145) 88 (-227) 90 (0) 97 (10) 100 (0) 
3 (0) 6 (366) 14 (52) 23 (0) 29 (-23) 37 (200) 39 (0) 41 (147) 46 (0) 61 (33) 79 (0) 
0 (79) 4 (0) 8 (-4) 12 (43) 27 (28) 28 (0) 30 (-13) 32 (0) 34 (-32) 35 (359) 41 (0) 48 (404) 55 (62) 62 (0) 66 (46) 75 (88) 88 (0) 99 (-346) 
3 (8) 8 (0) 16 (123) 18 (37) 37 (0) 39 (-15) 40 (0) 51 (298) 72 (74) 74 (0) 75 (9) 77 (0) 78 (-77) 83 (-376) 
13 (973) 27 (0) 35 (884) 62 (0) 68 (-62) 70 (581) 80 (0) 85 (466) 86 (460) 87 (0) 88 (2) 89 (0) 97 (-165) 99 (0) 
17 (20) 20 (0) 27 (62) 30 (0) 32 (7) 37 (0) 41 (-68) 43 (52) 52 (0) 58 (135) 83 (0) 86 (4) 87 (0) 88 (-166) 90 (0) 
4 (17) 5 (12) 12 (0) 26 (-21) 28 (-47) 40 (230) 54 (251) 81 (0) 83 (-81) 87 (-164) 
3 (169) 4 (0) 5 (42) 16 (0) 30 (-16) 46 (13) 68 (0) 74 (-80) 92 (0) 
13 (21) 21 (0) 23 (251) 45 (0) 50 (-45) 56 (39) 64 (0) 70 (-64) 83 (-255) 87 (0) 
2 (68) 4 (6) 6 (0) 12 (36) 15 (0) 31 (-15) 36 (18) 38 (0) 50 (-38) 52 (-27) 54 (113) 56 (57) 57 (0) 60 (-120) 64 (66) 66 (0) 75 (-42) 88 (0) 
0 (5) 5 (0) 7 (8) 13 (0) 25 (724) 29 (629) 36 (0) 37 (440) 45 (0) 53 (-45) 55 (20) 57 (61) 61 (0) 64 (-130) 70 (0) 71 (-70) 80 (-549) 91 (-658) 
2 (112) 8 (0) 48 (48) 56 (0) 63 (756) 64 (0) 65 (677) 66 (307) 73 (0) 77 (84) 78 (79) 79 (0) 83 (-88) 92 (96) 96 (0) 97 (-188) 
2 (167) 38 (0) 50 (-38) 79 (-88) 99 (-169) 
13 (0) 16 (387) 24 (0) 27 (137) 36 (125) 60 (65) 65 (0) 90 (-114) 98 (0) 
0 (0) 28 (0) 53 (349) 66 (0) 71 (174) 73 (167) 75 (92) 92 (0) 
6 (7) 7 (0) 33 (287) 58 (0) 63 (121) 86 (93) 93 (0) 
8 (265) 43 (0) 66 (-43) 75 (-28) 81 (0) 94 (-273) 
1 (0) 5 (350) 15 (0) 33 (24) 39 (0) 44 (133) 66 (0) 73 (-66) 81 (-139) 
10 (87) 11 (0) 13 (-11) 17 (22) 20 (26) 26 (0) 43 (276) 51 (0) 55 (-51) 61 (100) 62 (0) 65 (17) 79 (0) 91 (-324) 93 (96) 96 (0) 
6 (0) 21 (255) 29 (232) 45 (88) 88 (0) 99 (-133) 
26 (422) 32 (35) 35 (0) 39 (249) 50 (0) 56 (8) 58 (0) 72 (-164) 80 (-236) 87 (-267) 90 (0) 91 (-90) 
1 (336) 5 (0) 27 (-5) 44 (-32) 47 (137) 61 (62) 62 (0) 90 (-123) 
6 (16) 16 (0) 22 (357) 33 (0) 38 (275) 64 (0) 72 (108) 78 (94) 94 (0) 
17 (343) 34 (309) 40 (0) 50 (-40) 62 (-90) 69 (-64) 88 (0) 91 (-260) 100 (0) 
8 (20) 20 (0) 21 (378) 28 (0) 30 (-28) 32 (-58) 41 (185) 46 (0) 58 (32) 78 (0) 93 (-182) 
3 (0) 10 (16) 19 (0) 35 (215) 36 (0) 37 (138) 40 (0) 49 (45) 85 (0) 100 (-314) 
16 (0) 61 (243) 75 (0) 91 (18) 93 (0) 
5 (0) 14 (33) 38 (0) 44 (45) 47 (55) 55 (0) 59 (-136) 67 (0) 74 (-57) 83 (90) 90 (0) 99 (-173) 
1 (0) 6 (873) 8 (0) 17 (-8) 19 (89) 24 (90) 29 (61) 30 (31) 31 (0) 37 (521) 41 (103) 50 (0) 53 (-50) 59 (332) 64 (67) 67 (0) 78 (136) 79 (0) 89 (20) 99 (0) 
8 (0) 17 (12) 20 (0) 25 (875) 28 (29) 29 (0) 35 (226) 41 (175) 51 (0) 59 (14) 65 (0) 67 (-216) 69 (101) 72 (404) 73 (0) 77 (181) 78 (176) 80 (96) 96 (0) 
6 (0) 9 (4) 10 (0) 13 (36) 15 (0) 18 (13) 28 (0) 34 (319) 40 (0) 67 (-40) 69 (-32) 75 (0) 76 (-160) 91 (0) 
1 (0) 3 (-1) 6 (96) 9 (0) 15 (-9) 20 (3) 27 (0) 29 (-71) 30 (485) 40 (555) 47 (0) 64 (-47) 84 (249) 85 (275) 87 (89) 89 (0) 99 (-176) 
5 (0) 6 (568) 7 (0) 11 (56) 20 (43) 21 (22) 22 (0) 26 (-81) 41 (40) 46 (49) 49 (0) 52 (-95) 57 (-74) 63 (0) 77 (-63) 81 (-140) 83 (-489) 95 (0) 
2 (0) 6 (6) 8 (0) 15 (132) 31 (0) 36 (-31) 37 (-23) 44 (0) 45 (351) 56 (474) 91 (92) 92 (0) 93 (15) 98 (0) 100 (-98) 
0 (6) 6 (0) 9 (667) 14 (0) 16 (66) 36 (44) 44 (0) 45 (169) 48 (231) 49 (0) 58 (-49) 59 (-42) 65 (0) 71 (-266) 78 (0) 90 (-78) 
0 (0) 7 (11) 11 (0) 12 (-2) 16 (0) 25 (290) 29 (0) 46 (232) 52 (0) 59 (98) 64 (86) 86 (0) 
0 (0) 2 (318) 3 (315) 29 (0) 56 (201) 66 (0) 78 (20) 86 (0) 
39 (0) 45 (685) 58 (302) 69 (149) 73 (0) 76 (-73) 84 (-218) 85 (-178) 90 (92) 92 (0) 97 (-627) 
3 (635) 11 (0) 13 (10) 21 (0) 24 (26) 33 (0) 38 (-33) 41 (314) 48 (406) 69 (0) 72 (-69) 84 (40) 86 (95) 95 (0) 
10 (0) 14 (217) 22 (31) 31 (0) 35 (86) 50 (89) 89 (0) 
0 (0) 20 (25) 25 (0) 32 (264) 44 (122) 60 (0) 62 (-60) 65 (-88) 78 (0) 81 (-202) 84 (0) 100 (-84) 
15 (0) 17 (220) 21 (24) 24 (0) 38 (-45) 46 (23) 49 (57) 57 (0) 
11 (0) 30 (-11) 33 (179) 35 (46) 46 (0) 52 (6) 87 (0) 89 (-294) 
12 (0) 19 (38) 23 (0) 27 (-23) 29 (204) 30 (47) 47 (0) 66 (65) 69 (73) 73 (0) 78 (-131) 81 (0) 85 (17) 98 (0) 
10 (22) 22 (0) 26 (111) 35 (51) 51 (0) 57 (-86) 58 (86) 62 (0) 72 (11) 73 (0) 80 (-207) 
3 (520) 7 (58) 20 (38) 38 (0) 82 (308) 87 (286) 91 (97) 97 (0) 98 (-188) 
3 (0) 16 (141) 26 (0) 28 (-26) 40 (-4) 50 (0) 51 (176) 66 (83) 83 (0) 90 (-49) 100 (0) 
13 (21) 21 (0) 39 (144) 46 (65) 65 (0) 67 (-111) 
5 (0) 6 (27) 32 (0) 34 (119) 37 (125) 38 (0) 87 (-38) 
2 (6) 6 (0) 23 (59) 33 (0) 34 (-33) 36 (394) 37 (42) 42 (0) 44 (214) 53 (115) 57 (0) 58 (-57) 61 (-104) 64 (0) 76 (-416) 82 (-446) 83 (97) 97 (0) 
0 (273) 14 (0) 79 (166) 80 (0) 100 (-80) 
3 (19) 19 (0) 20 (-22) 22 (-18) 24 (0) 25 (-6) 40 (42) 42 (0) 51 (-142) 53 (0) 65 (-163) 67 (0) 69 (-67) 78 (-153) 79 (0) 87 (-79) 89 (-74) 92 (0) 
5 (0) 9 (-5) 11 (780) 34 (41) 41 (0) 46 (75) 47 (0) 49 (-47) 54 (-96) 55 (197) 60 (154) 75 (79) 79 (0) 81 (-41) 85 (88) 88 (0) 
20 (0) 46 (-20) 48 (106) 52 (120) 57 (0) 63 (-57) 64 (-42) 76 (0) 78 (14) 90 (0) 100 (-594) 
4 (0) 9 (-4) 10 (75) 16 (0) 17 (39) 24 (0) 31 (-24) 43 (214) 54 (128) 63 (0) 65 (-63) 69 (-182) 74 (-251) 76 (-125) 83 (271) 85 (0) 92 (-85) 94 (-177) 
1 (0) 10 (742) 13 (401) 14 (36) 16 (20) 20 (0) 22 (-5) 45 (0) 46 (-117) 52 (23) 55 (0) 56 (20) 75 (0) 76 (-414) 81 (-318) 82 (0) 90 (-82) 
4 (0) 24 (454) 32 (0) 42 (32) 64 (0) 69 (113) 76 (0) 83 (-76) 92 (-159) 
13 (0) 19 (143) 27 (0) 28 (74) 32 (33) 33 (0) 36 (-65) 38 (277) 50 (0) 53 (13) 63 (0) 67 (-166) 70 (-71) 77 (0) 85 (-77) 88 (-498) 93 (100) 100 (0) 
11 (100) 44 (56) 56 (0) 57 (-111) 63 (-168) 65 (186) 74 (252) 78 (0) 85 (11) 89 (0) 91 (-326) 
0 (6) 6 (0) 11 (56) 29 (33) 33 (0) 35 (434) 40 (0) 45 (388) 51 (0) 53 (273) 69 (163) 81 (82) 82 (0) 92 (-232) 
6 (7) 7 (0) 32 (23) 36 (0) 38 (627) 40 (0) 42 (113) 47 (51) 51 (0) 55 (-98) 62 (-163) 72 (0) 77 (-107) 80 (88) 88 (0) 94 (-168) 
6 (245) 15 (230) 18 (0) 62 (132) 70 (80) 80 (0) 
4 (79) 5 (38) 7 (0) 31 (-7) 36 (-43) 41 (481) 53 (0) 67 (-53) 68 (256) 70 (72) 72 (0) 75 (-142) 79 (-217) 80 (-296) 87 (-688) 
7 (183) 11 (0) 40 (121) 53 (0) 79 (-53) 81 (-190) 
0 (0) 5 (239) 17 (222) 18 (32) 32 (0) 34 (88) 38 (100) 48 (0) 52 (-48) 55 (311) 59 (0) 61 (7) 66 (0) 67 (116) 70 (232) 73 (0) 75 (11) 84 (0) 
13 (69) 18 (0) 21 (-18) 30 (-39) 58 (-82) 71 (219) 73 (0) 93 (120) 94 (0) 99 (-94) 
7 (0) 9 (14) 21 (0) 23 (271) 45 (144) 46 (98) 48 (50) 50 (0) 56 (-126) 63 (0) 79 (-284) 84 (0) 86 (-251) 91 (0) 93 (5) 96 (0) 98 (-897) 
15 (117) 20 (21) 21 (0) 36 (-1) 40 (0) 48 (650) 53 (0) 55 (205) 56 (202) 60 (0) 70 (12) 72 (0) 73 (-23) 79 (0) 80 (105) 85 (99) 99 (0) 
0 (67) 20 (0) 22 (5) 25 (0) 34 (158) 37 (56) 56 (0) 60 (-21) 72 (0) 76 (-249) 77 (0) 
6 (522) 9 (0) 15 (9) 18 (0) 21 (326) 26 (29) 29 (0) 34 (134) 37 (0) 63 (52) 89 (0) 90 (-278) 91 (-431) 
1 (92) 5 (87) 14 (37) 16 (0) 21 (-16) 36 (-51) 52 (655) 70 (72) 72 (0) 77 (-142) 79 (231) 84 (0) 85 (-84) 86 (-169) 96 (-156) 99 (0) 
5 (0) 21 (891) 22 (42) 42 (0) 44 (-15) 49 (0) 50 (-157) 53 (330) 63 (70) 70 (0) 72 (199) 74 (76) 76 (0) 87 (-55) 95 (0) 99 (-797) 
0 (632) 16 (66) 19 (0) 23 (5) 24 (0) 28 (440) 30 (0) 37 (-30) 39 (-26) 41 (0) 42 (-2) 67 (0) 78 (-67) 89 (-235) 99 (0) 
7 (0) 22 (435) 23 (0) 24 (-23) 36 (-8) 39 (0) 43 (155) 57 (0) 65 (98) 74 (81) 81 (0) 
2 (257) 9 (0) 12 (-9) 24 (14) 35 (0) 54 (43) 61 (62) 62 (0) 67 (-31) 73 (0) 76 (6) 79 (0) 82 (-458) 96 (0) 
18 (0) 24 (818) 25 (0) 28 (758) 43 (0) 46 (-43) 54 (22) 55 (0) 56 (-55) 70 (205) 76 (383) 91 (93) 93 (0) 99 (-84) 100 (0) 
3 (0) 16 (-3) 22 (677) 25 (185) 47 (0) 67 (24) 71 (0) 72 (-137) 73 (0) 77 (-355) 84 (-252) 89 (0) 91 (-89) 
1 (62) 5 (57) 57 (0) 60 (2) 65 (0) 81 (-188) 
5 (0) 9 (-5) 28 (-14) 29 (-42) 32 (590) 35 (447) 43 (50) 50 (0) 63 (-27) 66 (0) 71 (-222) 73 (-212) 81 (0) 89 (-392) 90 (0) 
1 (35) 6 (29) 29 (0) 31 (317) 54 (0) 65 (12) 66 (0) 77 (-94) 91 (0) 
2 (6) 6 (0) 14 (167) 30 (0) 64 (-30) 81 (-94) 
6 (13) 13 (0) 32 (-19) 38 (1098) 40 (109) 43 (66) 66 (0) 67 (-149) 68 (649) 70 (232) 71 (161) 75 (86) 86 (0) 89 (-119) 91 (0) 92 (-91) 94 (-377) 98 (99) 99 (0) 
7 (0) 10 (-7) 12 (684) 18 (683) 27 (42) 42 (0) 48 (-69) 55 (-117) 57 (282) 58 (59) 59 (0) 65 (-41) 76 (0) 96 (-158) 100 (0) 
5 (0) 11 (-5) 46 (172) 59 (0) 64 (-59) 65 (-123) 67 (-250) 83 (-138) 86 (93) 93 (0) 
1 (25) 10 (15) 15 (0) 18 (-26) 23 (680) 26 (698) 31 (151) 32 (119) 34 (39) 39 (0) 46 (-73) 49 (-182) 53 (183) 71 (343) 77 (0) 83 (106) 86 (97) 97 (0) 
6 (63) 11 (52) 19 (33) 33 (0) 41 (-27) 42 (0) 58 (100) 76 (176) 87 (89) 89 (0) 100 (-462) 
3 (0) 6 (871) 7 (0) 11 (134) 37 (0) 51 (-37) 53 (-88) 56 (95) 60 (0) 62 (72) 63 (69) 69 (0) 71 (-135) 75 (81) 81 (0) 85 (-63) 93 (0) 96 (-883) 
7 (136) 12 (0) 16 (-12) 22 (58) 26 (0) 29 (-26) 31 (-55) 38 (593) 49 (192) 60 (0) 64 (-60) 68 (-124) 69 (185) 73 (81) 81 (0) 85 (33) 91 (96) 96 (0) 
1 (661) 16 (183) 25 (0) 27 (106) 36 (47) 47 (0) 48 (-83) 51 (212) 73 (78) 78 (0) 81 (28) 85 (0) 94 (-85) 
16 (41) 19 (0) 22 (-19) 23 (7) 31 (33) 33 (0) 37 (-105) 39 (0) 42 (252) 49 (0) 76 (298) 80 (82) 82 (0) 85 (-62) 100 (0) 
6 (12) 12 (0) 30 (31) 49 (0) 51 (203) 63 (237) 65 (0) 82 (25) 90 (0) 92 (-350) 98 (0) 
3 (0) 9 (41) 11 (0) 16 (6) 17 (0) 20 (155) 38 (98) 48 (50) 50 (0) 75 (-136) 88 (-89) 98 (100) 100 (0) 
1 (0) 3 (955) 14 (0) 25 (132) 30 (0) 32 (54) 35 (0) 49 (-35) 54 (532) 65 (0) 66 (2) 67 (0) 72 (-37) 78 (83) 83 (0) 94 (-239) 95 (0) 97 (-95) 
24 (32) 32 (0) 34 (71) 37 (90) 90 (0) 
3 (24) 6 (18) 8 (10) 10 (0) 18 (544) 21 (0) 25 (504) 53 (0) 63 (172) 67 (0) 69 (-67) 89 (-136) 91 (-248) 93 (0) 
2 (0) 5 (604) 27 (30) 30 (0) 37 (71) 38 (0) 41 (11) 49 (0) 58 (104) 70 (160) 79 (81) 81 (0) 96 (-230) 
1 (0) 3 (-1) 7 (493) 26 (0) 30 (9) 35 (0) 37 (278) 62 (0) 66 (179) 67 (0) 86 (-67) 88 (-153) 90 (-29) 93 (0) 94 (-93) 95 (-187) 98 (-282) 99 (-380) 
0 (423) 9 (0) 15 (10) 19 (0) 41 (-43) 49 (206) 51 (239) 70 (169) 82 (0) 87 (-82) 89 (-326) 97 (0) 
8 (31) 31 (0) 50 (626) 55 (0) 64 (-55) 73 (-31) 88 (0) 93 (12) 96 (196) 97 (0) 99 (-97) 
11 (0) 21 (-11) 28 (5) 37 (0) 44 (296) 49 (56) 56 (0) 62 (121) 71 (0) 75 (-71) 80 (-146) 
12 (81) 21 (60) 23 (0) 37 (-23) 60 (59) 63 (0) 89 (-63) 
26 (0) 56 (31) 57 (0) 77 (43) 86 (0) 96 (-86) 
4 (0) 8 (-4) 17 (120) 31 (101) 32 (69) 34 (0) 35 (-34) 38 (354) 47 (0) 58 (363) 59 (254) 78 (83) 83 (0) 93 (-161) 97 (-313) 
0 (0) 32 (129) 34 (95) 41 (0) 54 (-41) 61 (283) 79 (86) 86 (0) 89 (25) 93 (97) 97 (0) 
19 (0) 20 (272) 27 (264) 33 (0) 40 (60) 93 (0) 98 (-166) 
4 (9) 9 (0) 11 (47) 29 (0) 31 (-29) 32 (358) 41 (0) 42 (-41) 47 (-83) 67 (21) 68 (0) 83 (-68) 94 (-348) 
3 (0) 8 (53) 56 (0) 70 (272) 80 (0) 82 (6) 86 (0) 91 (-248) 
0 (0) 1 (524) 6 (0) 8 (15) 9 (0) 12 (-9) 14 (-3) 32 (0) 38 (324) 41 (216) 47 (51) 51 (0) 57 (-37) 61 (0) 72 (-181) 76 (0) 91 (-328) 97 (100) 100 (0) 
12 (0) 18 (10) 22 (0) 26 (16) 30 (0) 38 (-30) 41 (-102) 44 (0) 46 (292) 50 (0) 58 (96) 68 (0) 78 (-68) 84 (-69) 86 (0) 99 (-86) 
7 (15) 15 (0) 26 (-22) 32 (210) 35 (0) 38 (150) 43 (0) 46 (53) 47 (49) 49 (0) 56 (163) 59 (0) 72 (-59) 77 (162) 94 (199) 99 (100) 100 (0) 
8 (653) 15 (49) 49 (0) 50 (475) 51 (0) 64 (373) 65 (359) 87 (0) 88 (2) 89 (0) 95 (-264) 
9 (0) 11 (-9) 61 (225) 73 (172) 77 (0) 95 (-77) 
19 (0) 24 (9) 28 (0) 37 (74) 70 (75) 75 (0) 82 (-253) 88 (-239) 96 (0) 
1 (722) 8 (24) 24 (0) 25 (633) 27 (0) 30 (581) 34 (149) 35 (0) 37 (-35) 38 (-72) 39 (-110) 42 (27) 55 (0) 76 (24) 79 (0) 81 (-343) 92 (0) 
3 (0) 5 (54) 13 (44) 20 (24) 24 (0) 39 (635) 43 (465) 60 (0) 73 (272) 75 (0) 81 (-75) 84 (-156) 92 (-240) 94 (-410) 98 (0) 
4 (0) 5 (-4) 19 (239) 24 (36) 36 (0) 38 (-60) 44 (-47) 51 (0) 55 (-193) 63 (234) 65 (157) 73 (0) 84 (-73) 94 (-28) 95 (0) 99 (-95) 
8 (0) 9 (-8) 10 (2) 19 (0) 21 (-46) 29 (-35) 32 (0) 54 (91) 57 (162) 75 (87) 87 (0) 
7 (0) 14 (-7) 20 (-21) 21 (-10) 31 (0) 35 (-52) 41 (0) 43 (512) 44 (637) 61 (0) 72 (-61) 77 (29) 80 (0) 82 (-80) 83 (-283) 89 (0) 93 (-544) 
19 (64) 28 (36) 36 (0) 38 (-83) 42 (246) 44 (234) 45 (189) 58 (0) 61 (-58) 70 (-119) 89 (-278) 93 (-430) 100 (0) 
4 (89) 18 (71) 22 (49) 24 (25) 25 (0) 26 (-24) 30 (0) 39 (-30) 47 (304) 50 (0) 51 (75) 53 (0) 72 (-53) 75 (-35) 93 (98) 98 (0) 
6 (28) 28 (0) 31 (-34) 38 (709) 39 (0) 48 (151) 49 (67) 67 (0) 74 (-116) 75 (145) 78 (79) 79 (0) 82 (26) 88 (0) 95 (-88) 
15 (295) 21 (34) 34 (0) 57 (-55) 90 (-19) 93 (0) 
2 (15) 5 (0) 10 (-5) 19 (93) 31 (79) 38 (41) 41 (0) 49 (410) 61 (0) 63 (97) 78 (0) 80 (-78) 81 (-89) 95 (0) 98 (-95) 
0 (30) 13 (17) 17 (0) 22 (254) 24 (0) 35 (22) 46 (0) 49 (25) 62 (68) 68 (0) 69 (74) 70 (78) 78 (0) 81 (33) 83 (0) 98 (-83) 
4 (435) 9 (0) 15 (30) 19 (0) 20 (-19) 22 (287) 25 (0) 30 (270) 36 (259) 38 (152) 40 (0) 46 (-40) 66 (-86) 69 (-190) 84 (-439) 
26 (0) 35 (-26) 72 (90) 75 (76) 76 (0) 
0 (0) 15 (0) 22 (14) 29 (0) 55 (-10) 56 (0) 60 (260) 61 (132) 62 (0) 70 (-62) 74 (-193) 77 (-174) 93 (0) 
11 (35) 16 (19) 19 (0) 23 (990) 27 (0) 28 (-27) 40 (-55) 48 (25) 58 (62) 62 (0) 74 (-106) 77 (80) 80 (0) 81 (-33) 83 (278) 85 (193) 94 (99) 99 (0) 100 (-361) 
2 (191) 15 (0) 31 (75) 37 (0) 53 (-37) 55 (-136) 
1 (39) 19 (0) 20 (-19) 23 (346) 31 (0) 40 (-31) 69 (175) 80 (0) 82 (-80) 84 (-162) 
2 (629) 10 (27) 27 (0) 36 (519) 37 (42) 42 (0) 56 (-7) 72 (0) 73 (69) 85 (191) 93 (98) 98 (0) 
4 (217) 5 (9) 9 (0) 15 (59) 24 (0) 49 (-24) 55 (-42) 60 (0) 65 (191) 66 (346) 78 (0) 79 (16) 94 (0) 95 (-251) 
2 (29) 6 (0) 11 (6) 12 (0) 30 (853) 34 (850) 36 (200) 44 (156) 46 (110) 47 (0) 63 (-47) 64 (314) 65 (75) 75 (0) 76 (-62) 78 (0) 79 (-117) 84 (0) 93 (-84) 
9 (0) 26 (750) 33 (0) 36 (9) 42 (0) 45 (492) 50 (553) 62 (0) 64 (171) 74 (159) 76 (0) 83 (-76) 94 (-259) 100 (0) 
2 (0) 4 (513) 18 (0) 32 (-18) 35 (380) 51 (0) 60 (15) 66 (0) 70 (6) 89 (94) 94 (0) 
1 (0) 23 (600) 37 (0) 38 (489) 43 (45) 45 (0) 47 (303) 54 (0) 75 (208) 78 (184) 91 (93) 93 (0) 
1 (15) 4 (11) 11 (0) 21 (7) 23 (0) 26 (-60) 28 (545) 30 (152) 31 (0) 34 (-31) 35 (-13) 52 (0) 72 (195) 86 (0) 94 (11) 97 (0) 100 (-277) 
6 (48) 8 (40) 16 (0) 24 (-16) 35 (207) 45 (0) 58 (-45) 67 (-12) 91 (0) 
5 (0) 6 (101) 51 (0) 55 (-51) 59 (257) 67 (69) 69 (0) 76 (26) 79 (0) 83 (-79) 
11 (0) 18 (-11) 20 (251) 25 (0) 34 (-25) 50 (112) 80 (0) 91 (-80) 
28 (0) 29 (10) 38 (0) 44 (166) 50 (211) 66 (0) 67 (-66) 78 (-133) 
15 (0) 29 (-15) 30 (349) 33 (44) 44 (0) 47 (-77) 55 (90) 60 (0) 75 (19) 79 (0) 99 (-467) 
1 (638) 8 (21) 9 (12) 12 (0) 24 (556) 31 (0) 43 (-31) 44 (214) 60 (0) 64 (-60) 81 (-124) 83 (-205) 85 (-312) 94 (0) 
29 (150) 33 (117) 36 (0) 40 (5) 41 (0) 42 (-135) 44 (0) 47 (50) 49 (0) 75 (-49) 91 (-24) 100 (0) 
1 (0) 2 (-1) 18 (123) 25 (0) 41 (35) 60 (0) 65 (-80) 67 (0) 81 (-193) 86 (0) 
1 (0) 10 (50) 23 (0) 28 (-23) 31 (823) 44 (100) 49 (51) 51 (0) 54 (-144) 58 (158) 63 (66) 66 (0) 70 (-129) 74 (-199) 83 (-273) 84 (-423) 89 (100) 100 (0) 
5 (523) 6 (0) 8 (503) 61 (168) 83 (0) 85 (-83) 87 (-36) 95 (98) 98 (0) 
8 (447) 12 (435) 15 (0) 31 (-15) 56 (287) 76 (0) 80 (101) 87 (90) 90 (0) 
19 (0) 20 (316) 22 (0) 49 (173) 61 (134) 66 (68) 68 (0) 69 (-266) 74 (-119) 75 (0) 82 (23) 98 (0) 
4 (0) 27 (332) 34 (0) 38 (8) 42 (0) 49 (59) 51 (122) 55 (0) 67 (-55) 72 (218) 75 (78) 78 (0) 79 (-72) 81 (0) 85 (-126) 93 (94) 94 (0) 
1 (6) 6 (0) 8 (253) 9 (0) 16 (8) 17 (0) 38 (138) 48 (0) 55 (29) 77 (0) 88 (-181) 94 (0) 
16 (0) 17 (323) 20 (0) 41 (258) 54 (224) 69 (0) 76 (10) 79 (0) 96 (-372) 
18 (34) 34 (0) 38 (-5) 47 (0) 55 (25) 62 (0) 100 (-62) 
1 (0) 10 (46) 12 (0) 13 (-12) 22 (-25) 45 (-58) 48 (-103) 49 (-39) 52 (60) 60 (0) 64 (194) 73 (0) 74 (192) 82 (0) 90 (11) 93 (0) 94 (-412) 
15 (16) 16 (0) 18 (248) 25 (27) 27 (0) 29 (146) 30 (34) 34 (0) 42 (-19) 45 (0) 47 (-151) 49 (-234) 94 (0) 
4 (92) 15 (0) 22 (-15) 25 (-7) 30 (0) 41 (559) 45 (0) 50 (-45) 64 (401) 75 (0) 80 (266) 83 (258) 85 (173) 86 (87) 87 (0) 
13 (0) 21 (-13) 42 (-34) 47 (-76) 61 (97) 65 (66) 66 (0) 89 (-131) 
0 (0) 3 (0) 6 (-3) 22 (-9) 39 (12) 43 (0) 45 (352) 55 (140) 60 (0) 80 (-60) 83 (-104) 91 (0) 96 (-369) 
10 (0) 31 (371) 58 (225) 63 (162) 73 (0) 89 (-73) 98 (-283) 
11 (0) 20 (47) 23 (0) 35 (-23) 44 (381) 62 (408) 68 (0) 74 (198) 76 (190) 93 (97) 97 (0) 
6 (0) 12 (-6) 24 (25) 43 (0) 84 (-85) 91 (-74) 95 (0) 
7 (0) 9 (10) 17 (0) 28 (144) 34 (143) 40 (103) 46 (0) 57 (-46) 59 (-147) 91 (0) 
7 (0) 10 (169) 15 (161) 26 (135) 50 (85) 85 (0) 
1 (0) 27 (53) 54 (0) 57 (15) 97 (0) 
0 (174) 9 (0) 32 (124) 33 (0) 35 (32) 65 (0) 83 (-174) 
10 (0) 15 (-10) 18 (-25) 28 (74) 33 (84) 39 (0) 45 (-39) 56 (111) 62 (155) 75 (0) 80 (-75) 82 (-217) 84 (-256) 89 (198) 98 (0) 100 (-98) 
0 (5) 5 (0) 14 (413) 16 (120) 25 (26) 26 (0) 30 (-51) 39 (-81) 47 (99) 66 (0) 83 (20) 86 (0) 
16 (0) 21 (-16) 43 (217) 49 (0) 58 (98) 64 (0) 83 (-64) 
3 (0) 6 (-3) 7 (2) 11 (0) 14 (339) 20 (0) 21 (305) 32 (0) 40 (142) 46 (0) 63 (-46) 65 (-109) 79 (-246) 
7 (0) 19 (690) 23 (674) 24 (52) 25 (0) 27 (-25) 28 (86) 43 (0) 57 (19) 62 (0) 69 (73) 78 (0) 81 (4) 82 (0) 98 (-241) 
22 (93) 24 (0) 34 (-24) 35 (-58) 57 (142) 58 (0) 59 (-58) 69 (-46) 71 (0) 
43 (0) 45 (-43) 52 (-88) 77 (-40) 100 (0) 
6 (184) 8 (26) 26 (0) 31 (85) 32 (42) 42 (0) 45 (-74) 50 (382) 56 (516) 79 (0) 80 (4) 83 (0) 87 (-55) 93 (94) 94 (0) 
10 (0) 12 (-10) 20 (798) 22 (0) 25 (12) 34 (0) 37 (75) 48 (108) 50 (58) 58 (0) 62 (210) 65 (0) 69 (11) 76 (0) 85 (-119) 91 (0) 98 (-386) 
21 (0) 24 (7) 28 (0) 29 (-21) 52 (0) 93 (-154) 
7 (103) 20 (83) 41 (0) 42 (-41) 45 (-110) 47 (-7) 66 (82) 82 (0) 
5 (74) 25 (0) 49 (-25) 54 (53) 65 (0) 67 (-65) 80 (-265) 94 (-345) 
41 (261) 46 (215) 54 (66) 66 (0) 95 (-120) 
3 (13) 13 (0) 31 (445) 42 (0) 50 (74) 54 (0) 62 (-54) 69 (-24) 89 (95) 95 (0) 
3 (555) 10 (11) 11 (0) 27 (486) 34 (0) 64 (101) 67 (0) 68 (-67) 86 (-233) 90 (-319) 98 (-409) 
6 (0) 27 (-6) 42 (252) 58 (227) 65 (162) 78 (84) 84 (0) 
3 (0) 7 (19) 22 (0) 26 (931) 32 (0) 37 (-32) 40 (-69) 49 (419) 53 (57) 57 (0) 62 (92) 65 (0) 67 (5) 70 (0) 76 (-296) 78 (0) 88 (-497) 93 (96) 96 (0) 
1 (0) 21 (174) 24 (0) 36 (-24) 55 (0) 60 (0) 61 (-135) 62 (0) 
2 (0) 4 (-2) 5 (122) 6 (7) 7 (0) 22 (80) 30 (63) 31 (0) 32 (-31) 34 (-139) 36 (222) 39 (356) 44 (0) 52 (216) 83 (0) 86 (8) 91 (0) 
0 (413) 3 (0) 4 (2) 5 (0) 20 (105) 21 (96) 22 (0) 35 (17) 39 (0) 51 (64) 62 (0) 65 (24) 86 (0) 
0 (208) 6 (202) 20 (0) 49 (34) 54 (0) 79 (-123) 
30 (0) 31 (-30) 37 (106) 41 (126) 62 (0) 64 (-62) 70 (-265) 73 (106) 78 (82) 82 (0) 91 (30) 93 (0) 97 (-93) 
1 (387) 7 (0) 15 (293) 24 (212) 25 (31) 31 (0) 46 (54) 52 (0) 58 (-52) 64 (-236) 65 (-322) 95 (-194) 96 (98) 98 (0) 
4 (126) 24 (0) 49 (29) 53 (0) 63 (26) 68 (88) 88 (0) 
2 (0) 15 (253) 20 (28) 28 (0) 44 (2) 50 (0) 51 (-80) 62 (0) 68 (52) 71 (160) 75 (0) 85 (-75) 93 (-231) 
2 (33) 12 (0) 21 (-12) 25 (434) 43 (0) 49 (95) 67 (71) 71 (0) 72 (-63) 77 (0) 90 (-77) 92 (-431) 98 (0) 
2 (0) 17 (-2) 22 (-19) 25 (-41) 26 (-9) 28 (29) 29 (0) 30 (86) 42 (0) 56 (95) 60 (0) 77 (-60) 81 (-45) 82 (90) 90 (0) 97 (-172) 100 (-269) 
2 (686) 3 (11) 11 (0) 13 (44) 26 (0) 32 (-26) 36 (480) 51 (514) 75 (0) 81 (-75) 85 (117) 88 (185) 92 (93) 93 (0) 
3 (7) 7 (0) 10 (-10) 13 (229) 21 (119) 34 (0) 40 (-34) 45 (-74) 47 (-78) 62 (0) 72 (-282) 
8 (0) 11 (-8) 20 (7) 26 (0) 39 (76) 40 (101) 46 (0) 55 (-46) 61 (-245) 71 (59) 86 (279) 89 (190) 94 (96) 96 (0) 
15 (0) 17 (-15) 31 (248) 32 (248) 39 (0) 49 (-39) 72 (0) 88 (0) 
7 (0) 12 (-7) 25 (128) 28 (0) 59 (32) 60 (0) 65 (36) 72 (155) 77 (0) 78 (-77) 
0 (3) 3 (0) 9 (264) 14 (36) 17 (0) 19 (-17) 23 (-16) 34 (0) 35 (18) 39 (86) 41 (0) 45 (-41) 69 (131) 70 (0) 76 (194) 79 (185) 91 (0) 94 (-91) 
8 (851) 12 (13) 13 (0) 17 (784) 40 (670) 56 (0) 59 (85) 67 (74) 74 (0) 75 (-180) 76 (0) 80 (-224) 91 (92) 92 (0) 99 (-710) 
15 (0) 25 (-15) 28 (59) 31 (0) 33 (4) 35 (0) 48 (8) 57 (58) 58 (0) 60 (-115) 64 (-151) 68 (171) 83 (88) 88 (0) 90 (-414) 91 (93) 93 (0) 95 (-184) 
2 (7) 7 (0) 38 (30) 39 (0) 51 (-86) 53 (18) 76 (79) 79 (0) 
9 (10) 10 (0) 20 (51) 21 (24) 24 (0) 25 (-45) 32 (54) 39 (0) 40 (45) 41 (43) 43 (0) 54 (-23) 58 (223) 63 (0) 65 (32) 95 (0) 
3 (10) 10 (0) 14 (823) 28 (78) 36 (0) 42 (-36) 46 (-106) 47 (485) 52 (119) 56 (0) 63 (-56) 64 (54) 74 (0) 75 (2) 76 (0) 83 (-366) 94 (0) 
2 (22) 22 (0) 51 (33) 57 (0) 62 (448) 64 (323) 69 (0) 74 (111) 87 (93) 93 (0) 95 (-289) 98 (0) 
0 (1) 1 (0) 22 (1000) 23 (0) 35 (55) 36 (42) 42 (0) 44 (685) 53 (135) 55 (0) 80 (-55) 85 (360) 88 (0) 89 (283) 90 (0) 91 (-90) 92 (-83) 98 (0) 
13 (116) 18 (0) 44 (36) 54 (0) 72 (107) 75 (0) 80 (6) 81 (0) 
1 (173) 15 (0) 33 (-15) 59 (18) 66 (0) 70 (-94) 80 (0) 92 (-324) 
0 (0) 22 (29) 29 (0) 44 (43) 94 (0) 
0 (0) 1 (0) 3 (12) 13 (0) 14 (14) 31 (0) 58 (69) 63 (68) 68 (0) 71 (162) 73 (0) 75 (192) 82 (0) 85 (-82) 98 (-167) 
1 (257) 36 (221) 46 (0) 78 (-46) 97 (-124) 
18 (0) 32 (514) 43 (0) 48 (67) 54 (0) 56 (-54) 61 (69) 78 (95) 95 (0) 97 (-173) 
2 (0) 8 (703) 11 (0) 16 (196) 18 (41) 19 (22) 22 (0) 45 (44) 48 (0) 55 (-48) 58 (179) 67 (158) 71 (87) 87 (0) 90 (-127) 98 (0) 
13 (0) 28 (150) 30 (0) 39 (12) 42 (0) 52 (-111) 
15 (0) 16 (23) 38 (0) 55 (604) 58 (73) 73 (0) 81 (-47) 84 (0) 91 (-10) 93 (0) 94 (6) 99 (0) 
1 (137) 10 (0) 24 (-10) 25 (44) 32 (46) 46 (0) 56 (-138) 57 (642) 65 (303) 69 (234) 73 (161) 78 (83) 83 (0) 89 (-276) 92 (0) 93 (-355) 96 (0) 98 (-96) 
21 (0) 42 (230) 73 (178) 80 (0) 98 (-80) 
0 (53) 7 (0) 8 (31) 38 (0) 76 (24) 77 (0) 
3 (0) 11 (87) 14 (76) 15 (0) 22 (-15) 39 (-37) 57 (33) 68 (0) 69 (-68) 70 (-155) 71 (72) 72 (0) 80 (-335) 82 (0) 94 (-82) 
4 (0) 5 (604) 7 (0) 8 (-7) 9 (-15) 16 (-24) 20 (37) 24 (25) 25 (0) 28 (-49) 34 (300) 38 (0) 42 (-38) 46 (17) 48 (49) 49 (0) 56 (-65) 64 (0) 94 (-64) 
2 (25) 11 (14) 14 (0) 15 (676) 22 (0) 38 (194) 43 (0) 56 (74) 58 (59) 59 (0) 65 (-276) 82 (-250) 91 (0) 92 (-417) 97 (0) 
13 (134) 36 (98) 44 (54) 54 (0) 67 (107) 77 (0) 87 (13) 90 (0) 94 (-372) 96 (0) 
9 (0) 12 (10) 19 (0) 27 (135) 29 (0) 32 (85) 35 (79) 36 (43) 43 (0) 47 (-242) 50 (399) 66 (0) 80 (379) 81 (0) 87 (-81) 88 (-168) 93 (-160) 96 (0) 97 (-591) 
5 (6) 6 (0) 9 (624) 15 (0) 51 (160) 56 (0) 58 (-56) 61 (-114) 62 (-173) 68 (0) 70 (-177) 94 (100) 100 (0) 
13 (303) 19 (0) 51 (-19) 66 (-2) 68 (0) 99 (-204) 
6 (21) 9 (12) 12 (0) 14 (-27) 19 (4) 22 (23) 23 (0) 36 (-52) 53 (0) 55 (-68) 59 (0) 67 (-59) 74 (69) 75 (0) 84 (210) 92 (93) 93 (0) 100 (-185) 
11 (15) 15 (0) 34 (195) 66 (0) 76 (13) 79 (0) 
6 (0) 23 (-6) 24 (-29) 27 (-53) 30 (454) 38 (0) 40 (82) 56 (64) 64 (0) 71 (67) 81 (0) 91 (12) 93 (0) 
16 (17) 17 (0) 28 (192) 32 (193) 43 (0) 57 (50) 93 (0) 
8 (59) 25 (0) 34 (-25) 43 (31) 48 (0) 50 (-48) 57 (6) 58 (0) 66 (-58) 90 (-124) 
11 (280) 40 (240) 51 (189) 91 (0) 98 (-91) 
10 (0) 12 (419) 37 (0) 55 (-37) 64 (181) 81 (0) 93 (-81) 99 (-174) 
9 (643) 30 (0) 44 (-30) 47 (-74) 78 (-121) 83 (-199) 84 (-5) 87 (0) 94 (9) 96 (0) 
24 (0) 34 (-24) 37 (102) 66 (94) 94 (0) 
17 (772) 18 (20) 20 (0) 21 (-13) 25 (0) 30 (293) 38 (0) 46 (90) 62 (0) 66 (-62) 75 (-122) 90 (0) 92 (-302) 94 (95) 95 (0) 
21 (938) 24 (65) 30 (0) 35 (-30) 37 (289) 48 (0) 49 (233) 50 (0) 76 (105) 77 (0) 78 (-77) 80 (-150) 81 (0) 89 (10) 91 (0) 93 (-261) 
5 (0) 9 (394) 15 (0) 24 (-15) 29 (-39) 47 (56) 52 (0) 72 (-52) 79 (-158) 81 (0) 92 (-318) 95 (0) 
2 (4) 4 (0) 18 (134) 26 (75) 37 (38) 38 (0) 39 (-101) 68 (389) 74 (0) 76 (3) 77 (0) 78 (21) 81 (0) 83 (3) 84 (0) 
11 (40) 40 (0) 59 (12) 63 (0) 69 (-84) 89 (0) 
7 (0) 13 (207) 14 (0) 21 (12) 26 (0) 30 (62) 39 (0) 40 (5) 44 (0) 50 (-2) 55 (177) 56 (121) 57 (0) 64 (-57) 73 (-342) 79 (95) 95 (0) 98 (-763) 
12 (430) 21 (109) 28 (0) 36 (17) 45 (0) 56 (114) 75 (0) 83 (11) 86 (0) 
1 (4) 4 (0) 8 (435) 15 (0) 29 (40) 55 (0) 66 (176) 86 (91) 91 (0) 98 (-177) 
7 (0) 12 (903) 14 (516) 24 (25) 25 (0) 26 (-49) 31 (-75) 34 (194) 46 (254) 55 (0) 63 (10) 65 (0) 71 (-183) 76 (-440) 86 (-236) 95 (199) 99 (100) 100 (0) 
6 (176) 19 (157) 27 (76) 35 (0) 41 (-35) 54 (-103) 56 (101) 64 (0) 65 (90) 75 (0) 79 (-75) 80 (-521) 83 (-217) 87 (0) 98 (-87) 99 (-85) 100 (0) 
11 (0) 34 (28) 39 (0) 48 (-84) 77 (-132) 
12 (0) 37 (-12) 47 (125) 48 (0) 53 (25) 73 (0) 74 (-93) 86 (0) 91 (-86) 97 (-521) 98 (-618) 
6 (0) 7 (-6) 31 (-13) 33 (-44) 38 (331) 54 (354) 55 (0) 57 (187) 66 (84) 84 (0) 92 (-150) 
4 (0) 9 (353) 14 (37) 16 (21) 21 (0) 42 (213) 44 (156) 47 (109) 51 (0) 58 (-51) 64 (-200) 71 (-271) 99 (0) 
6 (160) 15 (0) 30 (19) 34 (0) 39 (-37) 42 (0) 44 (276) 48 (0) 53 (12) 60 (0) 62 (58) 67 (74) 74 (0) 78 (-141) 93 (-652) 
12 (0) 30 (291) 59 (65) 65 (0) 86 (-31) 93 (0) 
5 (55) 9 (0) 13 (24) 33 (0) 41 (507) 43 (143) 46 (0) 48 (3) 49 (0) 59 (136) 62 (260) 63 (98) 98 (0) 99 (-161) 
25 (0) 30 (210) 53 (84) 84 (0) 98 (-137) 
2 (0) 9 (116) 21 (97) 22 (31) 31 (0) 44 (-53) 48 (194) 58 (0) 60 (77) 67 (0) 68 (-67) 70 (-253) 
18 (0) 28 (346) 30 (0) 35 (78) 53 (55) 55 (0) 62 (-44) 63 (66) 66 (0) 85 (-320) 90 (0) 94 (-488) 97 (0) 
22 (64) 24 (40) 40 (0) 71 (1) 87 (0) 
20 (0) 33 (-20) 38 (132) 41 (144) 66 (0) 78 (-66) 
17 (0) 22 (230) 25 (0) 27 (112) 40 (0) 43 (14) 54 (0) 58 (-189) 66 (144) 77 (353) 80 (0) 81 (-80) 92 (-61) 100 (0) 
5 (0) 6 (171) 23 (153) 30 (0) 48 (-30) 75 (-78) 78 (-11) 81 (0) 95 (-81) 
9 (0) 20 (-9) 21 (197) 28 (0) 32 (138) 36 (0) 39 (9) 45 (0) 46 (-120) 57 (-217) 59 (0) 71 (15) 74 (78) 78 (0) 80 (-152) 85 (-142) 90 (0) 
12 (113) 32 (0) 34 (15) 47 (0) 54 (-125) 59 (240) 60 (359) 78 (0) 86 (-78) 97 (-66) 98 (0) 
1 (0) 16 (-1) 19 (69) 24 (0) 30 (8) 32 (0) 39 (231) 40 (0) 42 (90) 62 (0) 68 (-62) 70 (-141) 71 (0) 91 (-326) 92 (96) 96 (0) 
2 (0) 15 (510) 29 (483) 35 (0) 39 (6) 41 (0) 48 (-115) 52 (-46) 58 (59) 59 (0) 74 (-255) 77 (0) 88 (-438) 91 (0) 
0 (151) 8 (10) 10 (0) 11 (-18) 15 (78) 18 (89) 19 (0) 28 (23) 42 (0) 43 (110) 46 (50) 50 (0) 53 (-41) 55 (0) 57 (-204) 61 (-178) 81 (0) 96 (-81) 100 (-177) 
3 (0) 15 (-3) 23 (-18) 53 (-41) 79 (-1) 93 (0) 
0 (0) 3 (0) 48 (-3) 55 (171) 60 (76) 76 (0) 86 (-136) 
3 (4) 4 (0) 12 (401) 23 (0) 49 (-23) 60 (204) 87 (189) 94 (95) 95 (0) 
3 (471) 26 (280) 42 (110) 53 (0) 57 (-53) 58 (-152) 70 (-210) 80 (-221) 85 (0) 
0 (0) 11 (188) 25 (97) 37 (60) 60 (0) 66 (-122) 67 (161) 75 (91) 91 (0) 96 (-68) 98 (0) 
8 (10) 10 (0) 12 (-18) 30 (37) 33 (34) 34 (0) 41 (-25) 45 (0) 57 (-45) 63 (-54) 67 (74) 74 (0) 75 (-141) 91 (-549) 98 (-640) 
10 (26) 26 (0) 28 (59) 29 (66) 32 (0) 34 (-32) 44 (-113) 46 (0) 61 (642) 63 (0) 69 (159) 71 (0) 74 (6) 77 (0) 84 (-267) 87 (0) 88 (-247) 90 (0) 93 (5) 95 (0) 
1 (0) 15 (56) 26 (31) 31 (0) 38 (217) 45 (0) 53 (-45) 54 (40) 68 (0) 70 (-68) 75 (-401) 78 (-289) 89 (98) 98 (0) 
20 (625) 22 (0) 42 (-22) 48 (-13) 51 (0) 52 (247) 58 (0) 68 (-58) 91 (67) 93 (100) 100 (0) 
6 (0) 7 (18) 9 (15) 15 (0) 17 (319) 25 (29) 29 (0) 31 (217) 37 (0) 39 (11) 48 (0) 72 (-49) 75 (0) 83 (-410) 
11 (287) 12 (0) 16 (51) 19 (0) 20 (5) 24 (0) 38 (-32) 59 (0) 99 (-188) 
4 (185) 7 (16) 16 (0) 21 (2) 25 (0) 27 (20) 28 (29) 29 (0) 32 (-57) 35 (239) 39 (0) 62 (-39) 68 (158) 75 (0) 90 (19) 94 (0) 
1 (8) 8 (0) 10 (625) 16 (0) 18 (-16) 30 (536) 34 (0) 37 (-34) 42 (386) 48 (327) 49 (53) 53 (0) 65 (58) 79 (0) 81 (-79) 82 (-375) 
0 (0) 6 (0) 7 (-6) 27 (64) 29 (48) 48 (0) 52 (151) 85 (0) 87 (11) 96 (0) 99 (-437) 
9 (295) 16 (0) 30 (64) 38 (42) 42 (0) 81 (-126) 88 (-207) 95 (-204) 100 (0) 
4 (74) 6 (0) 7 (12) 18 (0) 43 (-31) 53 (-78) 56 (-131) 62 (-187) 70 (381) 82 (449) 83 (366) 86 (89) 89 (0) 95 (-79) 96 (0) 99 (-531) 
0 (0) 2 (27) 6 (0) 21 (-6) 34 (7) 36 (0) 47 (506) 55 (550) 61 (489) 70 (0) 72 (87) 74 (83) 83 (0) 93 (-202) 97 (0) 
7 (14) 14 (0) 19 (231) 22 (36) 36 (0) 42 (94) 44 (0) 53 (-44) 55 (-97) 65 (306) 68 (159) 78 (0) 81 (-78) 86 (58) 94 (0) 95 (2) 96 (0) 
19 (83) 28 (0) 55 (-28) 88 (-4) 98 (0) 
8 (234) 12 (0) 28 (-12) 34 (120) 35 (125) 39 (0) 42 (-39) 44 (-81) 49 (207) 57 (63) 63 (0) 68 (-120) 78 (-5) 91 (0) 92 (-91) 93 (-740) 
13 (0) 29 (23) 36 (0) 40 (226) 51 (0) 76 (-51) 83 (-127) 94 (-210) 
3 (17) 6 (0) 11 (-6) 29 (465) 43 (0) 46 (353) 56 (0) 70 (115) 77 (0) 94 (-77) 99 (-297) 
8 (11) 11 (0) 33 (-19) 48 (244) 50 (0) 53 (143) 94 (0) 99 (-94) 
5 (0) 34 (533) 49 (143) 62 (81) 81 (0) 82 (72) 83 (0) 88 (10) 93 (0) 
12 (0) 18 (13) 25 (0) 28 (28) 35 (48) 48 (0) 55 (41) 61 (65) 65 (0) 81 (-126) 
8 (24) 24 (0) 26 (300) 44 (219) 46 (0) 48 (-46) 59 (-94) 66 (-153) 69 (-263) 
21 (0) 29 (14) 35 (0) 53 (-23) 62 (0) 
1 (0) 19 (544) 28 (34) 34 (0) 40 (86) 44 (0) 45 (15) 59 (0) 64 (-19) 72 (159) 77 (0) 82 (-77) 83 (-203) 86 (276) 87 (0) 92 (-87) 97 (-179) 
5 (0) 7 (-5) 11 (248) 12 (22) 22 (0) 29 (163) 37 (0) 38 (85) 39 (0) 41 (3) 42 (0) 47 (54) 48 (124) 60 (0) 64 (-60) 65 (-172) 100 (-237) 
10 (0) 23 (1204) 35 (0) 46 (-35) 47 (1005) 50 (0) 52 (-50) 67 (815) 69 (0) 70 (-69) 71 (193) 75 (0) 84 (-75) 85 (-71) 88 (0) 89 (-256) 90 (0) 96 (10) 100 (0) 
0 (30) 14 (0) 16 (-14) 18 (-30) 19 (-28) 20 (0) 21 (624) 32 (42) 42 (0) 44 (56) 63 (67) 67 (0) 83 (132) 88 (292) 94 (0) 98 (-94) 100 (-192) 
6 (12) 12 (0) 16 (15) 33 (0) 34 (669) 60 (0) 68 (-60) 74 (-52) 76 (0) 84 (-278) 90 (-362) 92 (-260) 93 (99) 99 (0) 
22 (0) 23 (681) 35 (89) 44 (0) 45 (-44) 47 (408) 49 (388) 61 (0) 63 (25) 86 (0) 88 (-120) 90 (0) 95 (-437) 
2 (78) 9 (69) 33 (0) 36 (-33) 40 (527) 43 (69) 69 (0) 70 (313) 74 (351) 78 (177) 83 (0) 94 (-83) 96 (-255) 
3 (22) 4 (0) 5 (9) 13 (0) 20 (668) 22 (28) 28 (0) 45 (-50) 60 (-95) 61 (-91) 64 (0) 69 (-280) 77 (-82) 84 (183) 85 (98) 98 (0) 
4 (0) 16 (33) 37 (0) 39 (32) 42 (47) 47 (0) 55 (-121) 64 (0) 66 (153) 78 (88) 88 (0) 94 (31) 98 (0) 99 (-98) 
9 (0) 12 (-9) 13 (-21) 17 (834) 23 (26) 26 (0) 27 (-12) 37 (0) 49 (61) 55 (119) 58 (0) 61 (-58) 62 (-266) 70 (0) 72 (-140) 78 (250) 79 (0) 80 (12) 91 (0) 
2 (11) 11 (0) 26 (-13) 29 (660) 30 (34) 34 (0) 38 (266) 39 (0) 44 (9) 48 (0) 61 (7) 62 (0) 76 (-62) 78 (-243) 94 (0) 95 (-94) 
3 (180) 19 (161) 20 (0) 35 (86) 50 (0) 56 (-50) 76 (-86) 97 (0) 
15 (17) 17 (0) 24 (107) 38 (0) 49 (-38) 52 (-87) 
9 (0) 23 (48) 28 (29) 29 (0) 33 (199) 54 (0) 72 (25) 79 (0) 83 (-205) 94 (-312) 98 (0) 
4 (25) 9 (16) 16 (0) 19 (266) 27 (0) 34 (-27) 36 (137) 37 (0) 39 (85) 60 (0) 62 (-60) 72 (-265) 78 (0) 79 (-405) 88 (0) 
8 (812) 18 (0) 32 (-18) 33 (-50) 37 (-39) 44 (0) 51 (433) 60 (0) 61 (416) 66 (0) 70 (11) 77 (0) 81 (-31) 88 (94) 94 (0) 95 (-820) 
8 (0) 19 (95) 28 (0) 34 (-28) 41 (-62) 42 (646) 43 (144) 45 (0) 48 (6) 51 (0) 52 (-130) 57 (0) 64 (120) 70 (0) 79 (-70) 82 (36) 91 (0) 94 (-91) 
0 (139) 16 (22) 22 (0) 46 (17) 55 (0) 57 (374) 58 (63) 63 (0) 68 (36) 78 (79) 79 (0) 80 (-259) 87 (0) 
7 (0) 14 (418) 15 (46) 46 (0) 59 (244) 67 (0) 71 (100) 76 (0) 91 (-76) 
11 (481) 15 (0) 29 (422) 33 (0) 43 (328) 79 (185) 89 (0) 96 (-89) 97 (-264) 
42 (0) 53 (263) 65 (0) 75 (100) 79 (86) 86 (0) 
0 (0) 4 (252) 7 (0) 10 (228) 25 (210) 45 (51) 51 (0) 53 (-35) 61 (0) 68 (-173) 83 (0) 85 (-225) 88 (94) 94 (0) 
6 (0) 7 (14) 8 (12) 12 (0) 17 (544) 18 (559) 25 (534) 32 (83) 41 (42) 42 (0) 60 (145) 80 (0) 84 (-80) 96 (-164) 99 (-435) 
17 (0) 36 (90) 53 (54) 54 (0) 62 (-24) 66 (0) 70 (-66) 
0 (0) 12 (13) 13 (0) 16 (82) 17 (0) 28 (45) 62 (0) 69 (498) 72 (150) 73 (0) 77 (-73) 78 (-143) 79 (0) 86 (-379) 87 (-371) 94 (0) 
8 (0) 18 (517) 37 (0) 38 (413) 46 (48) 48 (0) 57 (-94) 64 (-80) 71 (0) 74 (-196) 90 (0) 
39 (174) 48 (0) 62 (-48) 64 (-110) 68 (28) 75 (0) 82 (9) 84 (0) 85 (-436) 86 (0) 89 (-602) 91 (0) 
0 (154) 1 (0) 22 (130) 41 (0) 42 (-41) 48 (-83) 59 (7) 77 (0) 84 (-77) 
2 (0) 10 (492) 38 (0) 39 (57) 40 (55) 55 (0) 66 (84) 73 (0) 84 (-73) 99 (-157) 
4 (729) 12 (129) 13 (0) 54 (49) 62 (0) 65 (-66) 75 (0) 79 (-198) 83 (0) 91 (-248) 95 (0) 100 (-95) 
4 (217) 11 (113) 14 (0) 23 (22) 36 (0) 40 (-73) 46 (-77) 47 (0) 53 (76) 60 (148) 64 (0) 84 (-64) 89 (-208) 
0 (27) 9 (18) 18 (0) 22 (206) 27 (47) 47 (0) 48 (-21) 53 (0) 58 (-175) 61 (453) 67 (71) 71 (0) 72 (-138) 75 (240) 84 (0) 85 (7) 91 (0) 93 (-260) 97 (-353) 
6 (0) 8 (151) 14 (0) 20 (109) 26 (0) 47 (24) 50 (0) 54 (243) 73 (0) 76 (192) 78 (0) 91 (18) 96 (0) 
2 (621) 6 (13) 13 (0) 16 (-19) 20 (449) 21 (0) 35 (-21) 38 (334) 45 (58) 58 (0) 63 (44) 71 (0) 76 (-71) 77 (-313) 82 (-539) 
2 (720) 3 (0) 16 (-3) 18 (13) 32 (0) 38 (544) 40 (0) 46 (180) 47 (0) 49 (-47) 60 (-32) 64 (0) 70 (-69) 72 (0) 75 (18) 90 (0) 98 (-623) 99 (0) 
22 (356) 48 (308) 63 (78) 78 (0) 81 (-55) 86 (0) 
12 (0) 15 (30) 16 (26) 26 (0) 42 (234) 48 (255) 49 (0) 51 (-49) 55 (0) 100 (0) 
6 (52) 13 (39) 16 (23) 23 (0) 26 (339) 33 (364) 39 (325) 53 (60) 60 (0) 62 (37) 69 (0) 81 (-69) 
4 (0) 7 (757) 15 (17) 17 (0) 26 (671) 27 (194) 37 (39) 39 (0) 55 (-13) 63 (0) 66 (195) 69 (0) 78 (200) 84 (0) 88 (13) 97 (0) 
7 (12) 12 (0) 20 (4) 23 (0) 26 (320) 28 (0) 29 (-28) 36 (232) 44 (0) 51 (-44) 96 (3) 98 (0) 
4 (0) 43 (-4) 48 (167) 68 (0) 70 (8) 76 (0) 
6 (50) 19 (31) 31 (0) 34 (360) 35 (0) 48 (298) 57 (276) 58 (0) 65 (95) 70 (83) 83 (0) 
2 (0) 3 (30) 4 (0) 7 (-4) 8 (2) 13 (0) 14 (-37) 16 (5) 24 (0) 32 (-24) 41 (271) 54 (340) 59 (0) 83 (-59) 98 (-42) 100 (0) 
15 (0) 16 (4) 19 (0) 38 (2) 52 (0) 54 (328) 60 (408) 64 (66) 66 (0) 83 (65) 95 (0) 100 (-95) 
0 (0) 11 (0) 12 (-11) 44 (-23) 45 (55) 60 (0) 62 (-60) 68 (-70) 73 (91) 91 (0) 
4 (88) 13 (14) 14 (0) 16 (18) 21 (0) 24 (-21) 26 (748) 31 (0) 33 (-31) 42 (-64) 44 (-106) 56 (-89) 61 (0) 63 (243) 69 (0) 80 (292) 81 (280) 89 (0) 94 (-89) 97 (-183) 
25 (183) 27 (0) 39 (-27) 43 (8) 74 (0) 
1 (270) 9 (0) 31 (221) 34 (0) 39 (-34) 41 (-31) 42 (0) 74 (-156) 
26 (0) 30 (875) 33 (0) 37 (10) 43 (0) 46 (-113) 47 (23) 54 (0) 62 (-54) 66 (-116) 74 (51) 78 (170) 84 (86) 86 (0) 94 (-151) 97 (0) 
10 (673) 19 (0) 24 (-19) 29 (-43) 31 (498) 35 (535) 39 (46) 46 (0) 53 (129) 61 (0) 68 (24) 85 (0) 91 (-260) 92 (0) 
22 (79) 24 (0) 26 (-24) 29 (-50) 50 (-48) 53 (0) 54 (155) 62 (63) 63 (0) 68 (-56) 69 (0) 97 (-262) 
2 (185) 15 (170) 19 (151) 52 (0) 99 (-52) 
0 (2) 2 (0) 11 (-2) 12 (7) 20 (0) 21 (503) 26 (167) 30 (137) 36 (0) 49 (16) 52 (0) 83 (79) 85 (187) 93 (0) 94 (-93) 
42 (0) 43 (698) 55 (195) 57 (0) 68 (13) 70 (0) 72 (168) 74 (75) 75 (0) 84 (-149) 90 (-138) 95 (0) 
28 (0) 30 (453) 31 (38) 38 (0) 49 (294) 56 (0) 64 (-56) 73 (-40) 80 (0) 90 (-273) 93 (-441) 98 (0) 
2 (0) 22 (69) 35 (36) 36 (0) 40 (4) 49 (0) 50 (-49) 51 (189) 52 (54) 54 (0) 76 (135) 77 (0) 81 (-77) 83 (-158) 84 (-443) 86 (0) 88 (-86) 91 (-174) 
20 (153) 21 (0) 30 (81) 36 (0) 66 (-36) 
9 (15) 15 (0) 16 (-1) 23 (0) 32 (-63) 56 (470) 57 (0) 65 (19) 76 (0) 79 (90) 93 (195) 95 (0) 100 (-95) 
4 (13) 13 (0) 19 (633) 40 (0) 42 (439) 51 (0) 56 (321) 58 (0) 74 (182) 76 (0) 78 (10) 86 (0) 89 (-561) 
6 (16) 16 (0) 34 (-22) 36 (149) 39 (166) 41 (0) 60 (24) 65 (0) 
5 (0) 8 (-5) 26 (557) 31 (126) 37 (42) 42 (0) 47 (-79) 51 (122) 58 (221) 69 (0) 75 (8) 77 (0) 83 (-487) 92 (-609) 
10 (0) 21 (897) 32 (34) 34 (0) 41 (-7) 59 (0) 62 (-166) 63 (-154) 74 (0) 75 (102) 79 (388) 94 (0) 96 (-94) 98 (-190) 100 (-288) 
14 (412) 17 (395) 25 (0) 42 (303) 43 (285) 65 (0) 70 (85) 73 (77) 77 (0) 
15 (0) 19 (270) 20 (0) 49 (81) 50 (51) 51 (0) 57 (-112) 58 (0) 60 (157) 68 (0) 69 (-68) 73 (129) 75 (0) 92 (24) 99 (0) 
4 (5) 5 (0) 7 (-9) 11 (-16) 13 (477) 48 (0) 49 (359) 66 (0) 69 (-66) 73 (64) 99 (0) 100 (-99) 
9 (0) 15 (-9) 46 (-24) 48 (33) 51 (52) 52 (0) 54 (-104) 57 (60) 60 (0) 72 (-217) 86 (0) 89 (-86) 94 (-544) 95 (0) 
18 (55) 26 (0) 29 (-26) 32 (704) 43 (0) 47 (-43) 50 (-22) 68 (0) 73 (288) 77 (0) 78 (2) 79 (0) 80 (-52) 86 (96) 96 (0) 
6 (0) 13 (70) 24 (52) 25 (0) 27 (-25) 28 (-54) 41 (0) 51 (710) 59 (63) 63 (0) 69 (-47) 75 (0) 77 (-266) 79 (109) 80 (0) 82 (-80) 94 (34) 96 (100) 100 (0) 
1 (0) 3 (134) 11 (18) 18 (0) 21 (56) 22 (0) 27 (14) 36 (0) 42 (215) 53 (0) 56 (192) 76 (169) 79 (90) 90 (0) 
19 (46) 22 (24) 24 (0) 25 (340) 30 (0) 36 (309) 47 (0) 52 (6) 53 (0) 60 (-25) 63 (0) 64 (-63) 93 (-495) 
0 (0) 10 (150) 16 (0) 24 (94) 30 (80) 36 (44) 44 (0) 50 (-160) 58 (422) 60 (572) 67 (505) 79 (163) 81 (82) 82 (0) 83 (-62) 84 (0) 96 (-84) 
2 (0) 9 (-2) 16 (599) 29 (36) 36 (0) 40 (-65) 50 (350) 58 (0) 59 (280) 72 (266) 80 (186) 92 (94) 94 (0) 
0 (0) 40 (0) 46 (86) 60 (66) 66 (0) 
20 (746) 30 (0) 55 (227) 61 (0) 64 (-61) 65 (-125) 67 (-190) 68 (-273) 69 (0) 81 (-293) 89 (0) 97 (-89) 
0 (0) 2 (0) 11 (12) 14 (0) 19 (-6) 21 (0) 25 (84) 33 (34) 34 (0) 40 (-23) 44 (0) 49 (299) 53 (0) 62 (98) 68 (83) 83 (0) 84 (-74) 92 (100) 100 (0) 
4 (0) 6 (262) 20 (0) 52 (-20) 55 (-7) 65 (0) 74 (-192) 91 (-183) 93 (0) 
15 (0) 37 (279) 42 (0) 44 (-42) 59 (63) 68 (0) 81 (-68) 
17 (74) 26 (0) 48 (-26) 54 (327) 70 (0) 73 (205) 82 (0) 96 (-82) 97 (-178) 
10 (25) 25 (0) 40 (660) 41 (0) 45 (476) 51 (135) 60 (0) 75 (-60) 78 (-106) 80 (0) 84 (-255) 89 (0) 92 (-603) 
3 (10) 10 (0) 14 (373) 22 (0) 23 (319) 34 (0) 35 (4) 38 (0) 41 (86) 43 (44) 44 (0) 51 (-32) 55 (0) 60 (-75) 75 (0) 84 (104) 86 (0) 93 (-86) 
9 (13) 13 (0) 30 (35) 57 (0) 65 (-109) 67 (55) 73 (156) 75 (0) 81 (-75) 96 (-470) 
1 (846) 5 (0) 15 (821) 23 (0) 32 (-23) 41 (-55) 42 (134) 43 (59) 59 (0) 60 (-34) 68 (0) 83 (7) 90 (92) 92 (0) 95 (-182) 98 (-277) 
2 (0) 14 (-2) 16 (224) 23 (26) 26 (0) 32 (110) 33 (0) 38 (8) 41 (0) 47 (-112) 49 (113) 50 (0) 55 (230) 57 (60) 60 (0) 76 (-30) 87 (0) 
0 (372) 27 (63) 29 (0) 34 (-29) 63 (-24) 66 (0) 72 (-138) 81 (0) 
9 (41) 17 (0) 24 (-17) 34 (128) 36 (142) 38 (51) 51 (0) 53 (-89) 57 (279) 59 (482) 66 (152) 70 (82) 82 (0) 86 (-40) 87 (91) 91 (0) 
37 (0) 41 (5) 42 (0) 79 (-39) 81 (0) 94 (-280) 
7 (27) 27 (0) 30 (1) 35 (0) 43 (191) 47 (0) 68 (128) 78 (97) 97 (0) 
1 (0) 4 (86) 9 (0) 10 (-9) 15 (34) 26 (0) 27 (-26) 30 (-25) 31 (36) 36 (0) 41 (217) 52 (0) 58 (244) 61 (0) 70 (-61) 72 (-38) 93 (0) 
5 (157) 13 (0) 16 (-13) 18 (81) 24 (86) 27 (0) 28 (4) 31 (0) 36 (356) 49 (0) 52 (-49) 53 (263) 61 (215) 67 (148) 68 (80) 80 (0) 88 (-276) 96 (-716) 
30 (0) 31 (275) 41 (0) 44 (179) 55 (81) 81 (0) 84 (-136) 
3 (0) 5 (-3) 9 (-8) 15 (5) 22 (0) 24 (133) 52 (0) 55 (28) 80 (0) 
30 (0) 31 (530) 42 (0) 47 (-42) 50 (14) 51 (52) 52 (0) 53 (23) 71 (96) 96 (0) 98 (-167) 
3 (6) 6 (0) 24 (-9) 29 (829) 42 (96) 43 (0) 53 (-43) 59 (527) 71 (310) 72 (0) 76 (-72) 79 (-65) 83 (0) 93 (-286) 95 (0) 96 (-569) 
1 (0) 12 (378) 14 (19) 19 (0) 23 (290) 49 (0) 56 (17) 66 (0) 75 (-171) 77 (-246) 79 (54) 83 (0) 87 (-83) 88 (18) 93 (95) 95 (0) 
0 (0) 9 (109) 17 (0) 19 (11) 28 (0) 45 (-64) 56 (-46) 72 (0) 73 (-246) 
40 (0) 45 (363) 65 (0) 66 (207) 85 (0) 90 (-85) 97 (-175) 
2 (359) 12 (18) 18 (0) 57 (30) 60 (0) 68 (-3) 69 (75) 75 (0) 96 (-261) 100 (0) 
6 (0) 23 (-6) 45 (25) 54 (0) 63 (21) 66 (83) 83 (0) 
11 (0) 42 (110) 57 (0) 64 (-57) 65 (275) 77 (372) 83 (93) 93 (0) 97 (-77) 99 (0) 
5 (110) 10 (0) 11 (-10) 19 (-1) 20 (0) 22 (-32) 28 (0) 36 (-77) 38 (0) 39 (9) 42 (100) 47 (53) 53 (0) 56 (-142) 58 (-110) 60 (0) 81 (-60) 86 (-52) 89 (0) 
15 (18) 18 (0) 19 (441) 21 (0) 50 (382) 52 (0) 55 (244) 64 (0) 70 (-64) 79 (-51) 83 (0) 
6 (68) 12 (13) 13 (0) 43 (-25) 44 (-14) 60 (0) 
5 (294) 17 (0) 18 (242) 19 (26) 26 (0) 33 (136) 35 (0) 38 (73) 53 (0) 55 (-53) 63 (-299) 67 (-172) 91 (99) 99 (0) 
3 (974) 4 (6) 6 (0) 18 (112) 24 (30) 30 (0) 33 (-19) 35 (0) 53 (621) 55 (66) 66 (0) 67 (107) 73 (155) 75 (0) 80 (-75) 85 (-416) 87 (-318) 90 (93) 93 (0) 
6 (54) 24 (30) 30 (0) 33 (-60) 48 (402) 49 (184) 51 (133) 57 (76) 76 (0) 78 (-49) 89 (0) 95 (-89) 
33 (0) 36 (-33) 41 (239) 43 (265) 47 (50) 50 (0) 53 (-40) 57 (0) 58 (-207) 63 (-237) 90 (0) 91 (-90) 
5 (104) 20 (0) 35 (29) 49 (0) 60 (588) 61 (636) 62 (574) 67 (0) 74 (366) 80 (0) 82 (191) 88 (91) 91 (0) 92 (-179) 
9 (0) 22 (822) 23 (0) 26 (118) 27 (0) 33 (54) 40 (41) 41 (0) 44 (-32) 48 (110) 54 (0) 56 (-54) 57 (-256) 66 (0) 70 (-66) 71 (-410) 86 (89) 89 (0) 
25 (0) 38 (925) 39 (0) 40 (2) 41 (0) 42 (668) 45 (107) 48 (59) 59 (0) 61 (-152) 62 (300) 66 (0) 76 (-66) 89 (140) 93 (189) 94 (0) 95 (-94) 
11 (12) 12 (0) 22 (-23) 25 (-12) 33 (0) 38 (-103) 57 (93) 65 (0) 69 (35) 100 (0) 
3 (0) 14 (20) 23 (0) 26 (188) 46 (0) 52 (-46) 62 (-98) 68 (-160) 69 (247) 80 (0) 82 (299) 88 (291) 94 (97) 97 (0) 100 (-191) 
3 (0) 13 (793) 17 (0) 27 (283) 37 (0) 38 (13) 50 (0) 56 (-6) 58 (0) 61 (-58) 62 (-280) 64 (0) 65 (-209) 82 (0) 88 (-82) 91 (-170) 94 (-714) 98 (0) 
1 (0) 6 (980) 18 (40) 40 (0) 43 (822) 46 (0) 48 (740) 57 (0) 63 (-57) 64 (386) 75 (0) 76 (4) 79 (0) 89 (-138) 92 (0) 95 (-411) 96 (-690) 
0 (0) 12 (0) 15 (117) 20 (0) 27 (62) 33 (49) 49 (0) 54 (472) 56 (64) 64 (0) 70 (-120) 76 (-190) 78 (-266) 92 (-152) 95 (97) 97 (0) 
7 (15) 15 (0) 34 (-22) 43 (65) 60 (0) 61 (-60) 69 (-26) 95 (99) 99 (0) 
12 (0) 19 (123) 25 (0) 33 (52) 35 (42) 42 (0) 48 (200) 50 (316) 53 (80) 80 (0) 88 (-133) 95 (-221) 
2 (123) 23 (0) 45 (-23) 55 (-68) 57 (-125) 71 (-23) 76 (83) 83 (0) 94 (-317) 95 (0) 
2 (0) 19 (-2) 26 (1035) 32 (195) 34 (0) 46 (-34) 56 (-80) 59 (-136) 65 (537) 66 (698) 79 (163) 80 (83) 83 (0) 84 (-242) 85 (-232) 94 (0) 96 (-505) 97 (-601) 
11 (228) 19 (91) 26 (0) 31 (8) 34 (0) 44 (-36) 74 (0) 78 (-239) 86 (65) 90 (292) 96 (196) 97 (99) 99 (0) 
21 (375) 39 (0) 46 (-39) 50 (155) 75 (0) 78 (-75) 87 (-153) 
3 (0) 21 (62) 32 (33) 33 (0) 43 (5) 46 (48) 48 (0) 50 (-55) 52 (0) 55 (12) 64 (0) 66 (-114) 73 (77) 77 (0) 83 (-50) 100 (0) 
25 (34) 34 (0) 41 (-59) 52 (160) 77 (0) 89 (17) 94 (0) 
1 (799) 7 (424) 10 (112) 13 (0) 21 (-13) 37 (7) 41 (0) 49 (-122) 54 (28) 57 (142) 63 (79) 79 (0) 83 (-146) 88 (97) 97 (0) 100 (-185) 
14 (31) 31 (0) 37 (-45) 39 (-82) 57 (26) 64 (83) 83 (0) 87 (-132) 96 (97) 97 (0) 
1 (0) 2 (687) 5 (9) 9 (0) 18 (122) 24 (0) 25 (-24) 26 (12) 27 (0) 34 (-27) 40 (312) 57 (62) 62 (0) 80 (162) 90 (92) 92 (0) 99 (-182) 
0 (0) 11 (818) 15 (25) 25 (0) 27 (-12) 28 (0) 29 (599) 35 (0) 40 (7) 42 (0) 45 (415) 49 (0) 50 (17) 66 (0) 70 (-165) 98 (-36) 99 (100) 100 (0) 
26 (0) 48 (25) 51 (0) 54 (-47) 78 (0) 85 (-162) 95 (0) 
5 (252) 19 (107) 31 (37) 37 (0) 39 (-68) 40 (-40) 42 (0) 44 (-42) 55 (-128) 64 (65) 65 (0) 76 (-352) 89 (0) 
23 (0) 25 (247) 30 (0) 42 (168) 45 (0) 46 (-45) 53 (-91) 54 (-144) 56 (104) 64 (165) 77 (88) 88 (0) 96 (-132) 97 (0) 
10 (20) 20 (0) 32 (205) 48 (0) 57 (-48) 62 (-37) 68 (0) 93 (-203) 94 (0) 100 (-484) 
0 (9) 9 (0) 12 (845) 21 (111) 36 (75) 37 (38) 38 (0) 45 (545) 49 (173) 50 (0) 54 (-50) 69 (-104) 83 (150) 88 (90) 90 (0) 95 (-79) 99 (0) 
5 (0) 9 (-5) 10 (247) 18 (0) 20 (205) 30 (0) 37 (126) 49 (0) 52 (-49) 55 (-101) 66 (198) 67 (0) 70 (-67) 76 (-52) 85 (0) 90 (-203) 95 (0) 
13 (509) 25 (484) 31 (381) 47 (0) 48 (239) 50 (0) 55 (7) 57 (0) 58 (-96) 66 (0) 72 (-412) 73 (-261) 82 (0) 83 (14) 96 (0) 
17 (42) 20 (22) 22 (0) 27 (-59) 30 (649) 34 (44) 44 (0) 47 (31) 54 (0) 55 (-54) 71 (196) 78 (0) 82 (-78) 85 (25) 86 (99) 99 (0) 
4 (0) 14 (11) 15 (0) 55 (204) 56 (181) 85 (96) 96 (0) 
4 (7) 7 (0) 13 (49) 17 (0) 21 (-17) 22 (-38) 30 (262) 44 (47) 47 (0) 48 (-28) 63 (0) 66 (-202) 78 (-268) 
13 (0) 16 (-13) 22 (-4) 25 (0) 29 (-76) 30 (674) 37 (742) 46 (0) 48 (64) 53 (57) 57 (0) 58 (276) 64 (0) 71 (-64) 79 (-135) 80 (-127) 87 (0) 99 (-381) 
2 (0) 6 (74) 7 (0) 12 (50) 27 (0) 30 (-27) 36 (97) 38 (143) 45 (0) 47 (6) 51 (0) 53 (242) 60 (0) 65 (358) 73 (77) 77 (0) 87 (31) 90 (91) 91 (0) 
15 (0) 17 (6) 21 (0) 24 (281) 38 (0) 40 (70) 45 (63) 63 (0) 71 (-109) 77 (0) 
7 (0) 11 (266) 36 (0) 49 (-36) 90 (13) 98 (0) 
1 (730) 10 (0) 25 (18) 28 (0) 37 (472) 45 (490) 59 (0) 62 (8) 67 (0) 68 (-188) 69 (-91) 77 (0) 88 (-77) 95 (-635) 
5 (228) 23 (0) 47 (-23) 60 (28) 98 (0) 
4 (0) 6 (-4) 8 (210) 13 (0) 17 (-13) 39 (121) 42 (0) 49 (18) 60 (0) 81 (-63) 87 (0) 88 (-87) 
5 (14) 6 (0) 8 (-6) 13 (-19) 14 (608) 15 (0) 17 (-15) 25 (551) 33 (550) 36 (0) 42 (-36) 46 (348) 47 (0) 51 (200) 54 (118) 57 (0) 61 (-57) 75 (-172) 81 (-345) 
3 (0) 5 (-3) 11 (15) 23 (0) 30 (352) 35 (0) 39 (62) 43 (54) 54 (0) 71 (-19) 74 (78) 78 (0) 
