0 (2) 1 (1) 1 (3) 4 (2) 5 (0) 6 (2) 8 (1) 9 (2)
0 (1) 2 (0)
0 (2) 1 (1) 1 (3) 1 (4) 4 (2) 5 (0) 6 (2) 8 (1) 9 (2)
-1 (2) 0 (1) 1 (2) 6 (0)
0 (0) 0 (2) 1 (1) 1 (3) 1 (4) 2 (2) 4 (4) 5 (3) 6 (5) 8 (4) 9 (5)
0 (1) 1 (2) 1 (3) 2 (0)
0 (2) 1 (1) 1 (3) 1 (4) 4 (2) 5 (0) 6 (2) 8 (1) 9 (2)
-5 (2) -3 (1) -1 (3) 0 (2) 1 (0) 1 (2) 1 (3) 2 (1) 6 (2)
1 (0)
0 (0) 0 (1) 0 (2) 0 (3) 30 (4)
3 (5) 12 (4) 14 (3) 14 (5) 19 (7) 22 (8) 24 (6) 27 (7) 32 (4) 32 (5) 33 (7) 62 (6) 65 (7) 68 (2) 73 (3) 78 (1) 79 (0) 79 (2) 82 (1) 86 (2)
3 (1) 4 (0) 5 (2) 14 (3) 15 (4) 25 (1) 27 (3) 31 (2) 46 (5) 46 (6) 49 (7) 60 (8) 71 (4) 74 (5) 93 (3)
0 (1) 0 (2) 5 (0) 7 (3) 9 (2) 24 (4) 38 (3) 47 (6) 63 (5) 64 (6) 70 (7) 73 (8) 76 (4) 95 (1) 100 (2)
20 (2) 30 (1) 50 (3) 55 (2) 61 (0) 77 (1) 95 (2)
10 (3) 40 (6) 57 (5) 58 (4) 63 (2) 78 (1) 81 (2) 88 (0) 91 (2) 98 (1) 100 (2)
15 (1) 16 (2) 32 (0) 36 (6) 37 (5) 53 (4) 73 (3) 75 (2) 80 (1) 97 (2) 100 (3)
17 (3) 19 (5) 23 (4) 29 (6) 32 (5) 48 (2) 61 (1) 63 (0) 82 (2) 88 (1) 89 (3) 94 (2)
4 (1) 4 (3) 6 (2) 7 (3) 12 (0) 12 (1) 15 (2) 22 (5) 24 (6) 27 (4) 33 (6) 37 (5) 61 (6) 68 (3) 91 (4) 91 (5)
4 (2) 5 (1) 14 (3) 36 (4) 37 (2) 41 (3) 95 (0)
18 (2) 31 (1) 34 (2) 80 (0) 81 (1) 87 (2)
14 (2) 18 (4) 26 (6) 29 (5) 32 (3) 60 (4) 70 (1) 87 (3) 89 (2) 89 (3) 97 (0) 99 (1)
0 (3) 12 (2) 40 (3) 51 (4) 51 (5) 51 (6) 51 (7) 69 (1) 74 (3) 75 (2) 83 (0) 86 (1) 95 (2) 96 (3)
3 (1) 20 (2) 20 (3) 41 (0) 42 (3) 45 (2) 48 (1) 69 (3) 82 (4) 90 (5) 100 (2)
5 (0) 9 (3) 15 (4) 18 (5) 22 (2) 24 (4) 27 (6) 28 (5) 31 (3) 36 (5) 41 (6) 47 (4) 54 (6) 59 (5) 62 (1) 63 (2)
2 (1) 15 (0) 35 (2) 39 (1) 71 (3) 78 (4) 78 (5) 82 (2) 84 (3)
3 (2) 8 (1) 31 (0) 37 (4) 40 (3) 55 (2) 58 (3) 62 (4) 66 (5) 77 (1) 79 (3) 85 (2) 89 (3) 99 (4)
1 (2) 16 (5) 23 (4) 26 (5) 53 (3) 57 (5) 67 (6) 72 (4) 72 (6) 81 (5) 87 (1) 89 (2) 91 (0) 95 (1)
17 (2) 23 (1) 23 (3) 31 (2) 32 (0) 32 (4) 34 (3) 35 (4) 69 (2) 76 (1) 89 (2) 90 (3)
1 (3) 6 (2) 12 (1) 14 (6) 25 (5) 26 (4) 35 (3) 43 (2) 51 (4) 54 (3) 56 (4) 57 (5) 60 (0) 61 (4) 68 (3) 74 (2) 76 (3) 77 (4) 80 (1) 100 (2)
1 (1) 11 (0) 14 (2) 27 (1) 34 (5) 51 (4) 60 (5) 67 (3) 93 (4) 94 (5) 98 (2)
32 (1) 33 (0) 35 (3) 37 (4) 43 (2) 55 (1) 57 (2) 65 (3) 90 (4)
3 (4) 4 (3) 12 (4) 14 (2) 18 (3) 50 (1) 61 (2) 65 (4) 77 (5) 87 (3) 88 (0) 99 (1)
10 (4) 11 (3) 46 (2) 68 (3) 84 (1) 97 (0) 98 (2) 99 (1)
6 (2) 11 (3) 23 (4) 35 (1) 46 (2) 46 (4) 52 (3) 61 (4) 62 (6) 69 (5) 70 (0) 78 (1) 95 (2)
6 (3) 14 (4) 15 (2) 17 (4) 18 (3) 26 (4) 35 (1) 36 (3) 40 (4) 47 (5) 53 (2) 55 (0) 71 (2) 75 (5) 78 (4) 87 (3) 92 (4) 100 (1)
10 (2) 15 (1) 18 (0) 22 (1) 24 (5) 32 (7) 33 (8) 34 (6) 38 (4) 38 (6) 43 (5) 45 (6) 54 (3) 59 (2) 71 (4) 81 (5) 85 (3)
1 (2) 4 (6) 9 (5) 12 (6) 17 (4) 19 (5) 24 (3) 26 (1) 29 (0) 34 (5) 39 (4) 45 (5) 48 (3) 50 (4) 74 (2) 90 (4) 93 (3) 95 (4) 97 (1) 97 (2)
5 (2) 15 (1) 27 (3) 33 (2) 35 (3) 46 (0) 50 (3) 67 (4) 87 (2) 96 (1)
7 (0) 15 (5) 27 (4) 40 (3) 58 (2) 62 (3) 68 (4) 72 (1) 81 (2)
10 (2) 18 (3) 27 (1) 32 (5) 36 (4) 43 (3) 55 (2) 64 (3) 72 (0) 75 (2) 83 (4) 84 (3) 85 (4) 87 (1)
0 (0) 1 (5) 5 (4) 9 (5) 9 (6) 14 (3) 20 (2) 32 (3) 38 (4) 41 (1) 58 (3) 80 (2) 85 (3)
20 (1) 43 (0) 49 (4) 53 (3) 63 (2) 64 (1) 94 (2)
13 (2) 21 (1) 28 (3) 31 (2) 34 (0) 46 (2) 63 (1) 64 (3) 78 (5) 80 (4) 81 (5) 87 (6) 88 (8) 93 (7) 94 (2)
6 (2) 8 (1) 26 (5) 30 (4) 46 (3) 47 (2) 64 (0) 83 (1)
21 (0) 30 (1) 34 (2) 35 (7) 47 (6) 62 (7) 66 (5) 70 (7) 73 (6) 75 (4) 76 (3) 88 (4)
19 (2) 51 (1) 55 (0) 61 (1) 84 (2)
38 (1) 44 (0) 46 (1) 63 (2) 95 (3)
4 (0) 11 (3) 16 (2) 20 (1) 24 (6) 25 (5) 28 (4) 30 (5) 51 (3) 52 (2) 55 (3) 66 (6) 72 (5) 72 (6) 87 (4)
4 (2) 5 (1) 21 (2) 77 (3) 94 (0)
12 (2) 20 (5) 29 (4) 34 (3) 38 (1) 48 (3) 68 (2) 70 (0) 73 (1)
0 (3) 9 (2) 24 (1) 39 (3) 48 (2) 57 (0) 58 (1) 71 (2) 97 (3)
5 (6) 8 (5) 34 (4) 35 (5) 37 (3) 44 (2) 55 (1) 55 (2) 64 (3) 68 (0) 73 (5) 77 (4) 82 (3) 93 (4) 95 (2) 96 (1) 100 (2)
0 (2) 4 (3) 4 (4) 5 (6) 22 (5) 23 (1) 39 (0) 43 (3) 50 (2) 53 (4) 54 (3) 61 (5) 65 (6) 80 (4) 91 (5) 93 (1)
4 (1) 5 (4) 11 (5) 19 (3) 21 (2) 39 (0) 43 (3) 46 (4) 70 (2) 72 (3) 74 (4) 81 (1) 81 (3) 82 (2) 97 (3)
3 (2) 4 (4) 13 (3) 26 (1) 36 (2) 37 (3) 43 (0) 44 (2) 54 (3) 58 (1) 70 (3) 72 (4) 78 (2) 83 (3)
10 (2) 19 (1) 38 (3) 41 (2) 67 (3) 71 (0) 76 (2) 79 (1)
1 (2) 2 (3) 5 (1) 6 (4) 19 (5) 26 (6) 43 (3) 51 (5) 52 (4) 52 (5) 61 (2) 63 (3) 67 (4) 81 (5) 82 (6) 98 (0)
2 (3) 8 (2) 13 (4) 23 (3) 37 (4) 41 (1) 50 (2) 52 (0) 56 (2) 57 (1) 62 (3) 67 (4) 88 (5) 97 (2)
7 (2) 25 (1) 55 (0) 87 (1) 98 (2)
5 (0) 8 (3) 10 (2) 19 (5) 20 (4) 24 (3) 33 (1) 34 (5) 37 (6) 38 (4) 41 (8) 45 (7) 63 (6) 63 (7) 70 (8) 71 (5) 82 (6) 86 (3) 90 (2) 94 (3)
5 (3) 7 (2) 8 (3) 10 (1) 13 (3) 19 (4) 21 (5) 23 (6) 28 (2) 43 (4) 46 (3) 48 (4) 49 (0) 50 (3) 65 (2) 71 (3) 93 (1)
2 (1) 4 (0) 37 (1) 68 (3) 99 (2)
12 (3) 17 (2) 22 (3) 55 (1) 58 (0) 74 (1) 84 (3) 88 (2)
3 (2) 8 (1) 14 (3) 15 (2) 37 (3) 70 (0) 73 (1) 74 (2) 91 (4) 98 (3)
0 (2) 1 (3) 5 (4) 23 (1) 33 (4) 38 (3) 48 (2) 68 (3) 70 (0) 73 (2) 100 (1)
17 (0) 24 (3) 35 (4) 44 (5) 58 (2) 63 (1) 72 (2) 91 (3)
4 (2) 11 (3) 13 (1) 14 (0) 26 (2) 33 (4) 55 (3) 61 (1) 81 (2) 99 (3)
24 (2) 37 (1) 52 (4) 54 (3) 62 (2) 71 (0)
0 (2) 13 (1) 20 (3) 24 (4) 30 (2) 42 (0) 46 (4) 50 (6) 66 (5) 72 (6) 74 (3) 76 (5) 80 (6) 86 (4) 87 (2) 89 (1) 92 (2) 98 (3)
8 (1) 19 (2) 21 (0) 33 (1) 34 (3) 45 (4) 60 (2) 62 (5) 75 (4) 96 (3) 97 (4)
5 (1) 7 (2) 16 (0) 22 (3) 35 (2) 40 (3) 53 (4) 60 (1) 78 (2)
0 (3) 1 (2) 3 (1) 6 (0) 9 (3) 9 (5) 16 (4) 25 (5) 54 (2) 66 (4) 68 (3) 76 (4) 78 (5) 81 (1)
7 (1) 11 (2) 21 (0) 51 (2) 58 (3) 59 (5) 66 (4) 74 (5) 82 (1)
1 (2) 16 (1) 16 (2) 30 (0) 41 (2) 56 (1) 67 (3) 90 (4) 100 (2)
6 (3) 12 (4) 15 (2) 30 (1) 31 (2) 33 (0) 43 (5) 51 (7) 57 (6) 59 (4) 62 (3) 64 (2) 65 (1) 71 (2) 78 (3) 93 (5) 95 (4)
12 (4) 18 (3) 20 (2) 23 (3) 24 (1) 39 (3) 40 (5) 54 (4) 62 (6) 65 (5) 68 (2) 79 (3) 80 (4) 87 (0) 92 (1) 98 (2)
6 (1) 14 (0) 16 (3) 18 (4) 37 (2) 38 (3) 40 (1) 43 (2) 50 (7) 51 (6) 61 (5) 67 (7) 77 (6) 84 (7) 85 (4) 89 (5) 91 (3)
4 (2) 7 (1) 16 (3) 20 (2) 22 (0) 37 (3) 54 (2) 71 (3) 81 (4) 97 (1)
10 (2) 13 (1) 14 (0) 16 (1) 31 (2) 42 (3) 48 (6) 76 (5) 88 (6) 100 (4)
8 (2) 11 (3) 16 (1) 17 (2) 20 (3) 22 (0) 29 (1) 31 (4) 36 (5) 54 (6) 64 (3) 74 (2) 80 (4) 85 (3)
5 (2) 10 (1) 27 (3) 39 (2) 53 (3) 56 (4) 63 (0) 65 (2) 65 (4) 69 (3) 73 (4) 86 (1) 90 (3) 98 (2)
1 (1) 2 (3) 2 (6) 21 (7) 30 (5) 41 (4) 43 (5) 44 (7) 46 (6) 51 (2) 55 (4) 64 (3) 76 (5) 76 (6) 77 (7) 79 (4) 81 (5) 86 (0) 98 (1)
3 (3) 11 (2) 11 (3) 15 (1) 24 (2) 25 (3) 32 (0) 46 (2) 49 (3) 75 (1) 87 (3) 93 (2)
12 (1) 14 (0) 25 (2) 42 (1) 45 (3) 59 (2) 77 (5) 88 (6) 93 (4) 99 (3)
7 (3) 9 (2) 40 (1) 44 (0) 45 (2) 57 (3) 58 (1) 59 (2) 77 (5) 84 (4) 87 (3)
9 (1) 25 (0) 44 (2) 84 (1) 96 (4) 99 (3) 100 (2)
3 (1) 25 (2) 50 (4) 93 (3) 95 (0)
7 (2) 12 (3) 21 (1) 29 (4) 30 (3) 43 (4) 45 (2) 49 (3) 54 (0) 76 (2) 88 (1) 96 (3) 96 (4) 98 (2)
8 (5) 10 (6) 16 (4) 19 (5) 38 (3) 41 (2) 45 (3) 58 (1) 60 (3) 68 (2) 71 (0) 73 (1) 85 (2)
7 (1) 34 (3) 51 (2) 61 (3) 76 (4) 79 (5) 89 (0) 93 (1)
7 (5) 9 (4) 18 (3) 21 (2) 24 (1) 26 (2) 35 (4) 36 (5) 55 (3) 59 (4) 62 (0) 68 (2) 69 (3) 70 (1) 71 (2)
1 (2) 6 (4) 20 (3) 25 (1) 26 (2) 27 (5) 39 (4) 43 (5) 45 (3) 47 (0) 60 (2) 66 (1) 85 (2)
19 (1) 25 (0) 39 (2) 43 (3) 54 (1) 69 (3) 85 (2) 91 (3)
1 (3) 4 (2) 6 (1) 9 (0) 14 (3) 21 (5) 29 (4) 29 (5) 32 (2) 41 (5) 60 (4) 62 (3) 62 (4) 71 (5) 79 (1) 79 (2)
9 (2) 15 (1) 16 (3) 17 (4) 20 (2) 30 (3) 35 (0) 49 (3) 51 (2) 65 (3) 73 (4) 76 (1) 99 (2)
15 (0) 27 (3) 36 (4) 46 (5) 49 (2) 55 (5) 65 (6) 76 (4) 79 (3) 86 (1)
2 (2) 6 (1) 24 (0) 32 (3) 34 (5) 36 (4) 37 (5) 48 (6) 58 (2) 78 (1) 79 (3) 84 (2)
20 (2) 25 (1) 36 (0) 90 (2) 100 (1)
2 (3) 10 (4) 15 (2) 22 (6) 25 (5) 29 (6) 37 (4) 38 (7) 40 (6) 68 (7) 76 (5) 82 (3) 84 (1) 88 (2) 99 (0)
7 (1) 10 (2) 17 (0) 18 (4) 23 (3) 25 (2) 53 (5) 57 (4) 60 (3) 61 (4) 63 (5) 66 (1) 71 (3) 80 (2) 88 (4) 89 (5) 89 (6) 90 (3)
1 (2) 24 (1) 27 (2) 41 (3) 51 (0) 57 (4) 58 (3) 59 (2) 62 (5) 62 (6) 67 (4) 76 (5) 79 (6) 82 (3) 88 (5) 90 (4) 91 (1)
5 (6) 6 (5) 10 (4) 40 (3) 43 (2) 67 (1) 74 (2) 85 (0) 96 (1)
16 (1) 37 (0) 57 (3) 58 (4) 64 (2) 70 (3) 73 (1) 86 (2)
0 (1) 10 (2) 12 (0) 23 (4) 41 (3) 41 (4) 56 (2) 83 (3) 89 (1) 91 (2)
17 (3) 23 (5) 30 (4) 39 (5) 44 (2) 49 (3) 53 (1) 55 (4) 60 (3) 61 (2) 64 (0) 78 (1) 87 (2)
0 (3) 0 (4) 1 (2) 4 (5) 7 (4) 11 (6) 24 (5) 27 (3) 30 (5) 32 (4) 40 (5) 44 (1) 45 (4) 46 (3) 47 (2) 52 (3) 58 (4) 70 (5) 73 (0) 98 (1)
1 (2) 4 (3) 15 (5) 17 (6) 29 (4) 35 (1) 58 (2) 72 (3) 73 (4) 81 (7) 83 (6) 84 (7) 89 (8) 92 (5) 100 (0)
2 (2) 6 (5) 10 (4) 12 (5) 21 (3) 22 (1) 32 (3) 33 (4) 41 (2) 41 (6) 48 (5) 50 (4) 55 (5) 66 (6) 76 (3) 83 (4) 93 (0) 99 (1)
4 (1) 5 (2) 5 (3) 8 (0) 9 (2) 12 (3) 20 (4) 35 (5) 53 (1) 59 (3) 70 (5) 81 (7) 91 (6) 94 (4) 98 (5) 99 (2) 99 (3) 100 (4)
12 (4) 21 (3) 23 (4) 27 (2) 47 (3) 64 (1) 67 (3) 68 (2) 74 (3) 100 (0) 100 (1) 100 (2)
8 (3) 38 (2) 75 (1) 77 (2) 78 (3) 79 (0)
4 (3) 7 (5) 8 (4) 19 (2) 20 (1) 21 (6) 35 (5) 40 (6) 43 (7) 47 (4) 54 (5) 59 (3) 60 (4) 75 (2) 88 (0) 92 (2) 96 (1)
11 (2) 12 (3) 16 (4) 29 (1) 42 (2) 55 (0) 57 (1) 61 (3) 74 (2) 74 (3) 91 (4) 97 (5)
5 (2) 7 (1) 46 (2) 50 (0) 52 (2) 55 (3) 70 (1) 74 (3) 94 (2)
15 (2) 24 (4) 32 (5) 41 (6) 44 (7) 47 (3) 52 (1) 57 (2) 71 (0) 78 (2) 80 (1) 85 (2)
7 (2) 31 (3) 50 (1) 51 (0) 59 (2) 66 (1) 68 (3) 85 (2) 86 (3)
20 (3) 26 (2) 31 (1) 70 (2) 72 (5) 76 (4) 82 (3) 84 (5) 85 (4) 90 (0) 96 (1)
5 (4) 9 (3) 12 (2) 18 (1) 19 (3) 26 (6) 32 (5) 40 (4) 45 (6) 46 (5) 50 (2) 52 (3) 61 (4) 61 (5) 67 (0) 71 (2) 83 (1) 95 (2)
0 (0) 21 (3) 43 (2) 43 (3) 83 (1) 99 (2)
3 (4) 7 (5) 8 (3) 9 (2) 11 (3) 26 (1) 32 (3) 34 (5) 39 (4) 46 (2) 49 (3) 53 (0) 57 (3) 62 (2) 62 (3) 73 (4) 76 (1) 82 (2) 91 (3)
11 (4) 16 (3) 18 (2) 30 (4) 30 (5) 46 (6) 53 (3) 57 (4) 61 (1) 66 (2) 78 (4) 80 (3) 88 (4) 91 (5) 95 (0) 99 (1)
0 (1) 6 (0) 18 (1) 31 (4) 33 (5) 41 (3) 53 (2) 56 (4) 64 (6) 68 (5) 76 (3) 77 (4)
6 (1) 14 (4) 14 (5) 15 (3) 19 (4) 21 (2) 34 (4) 56 (3) 64 (5) 66 (4) 66 (5) 73 (0) 75 (2) 81 (1) 81 (2) 82 (3)
3 (2) 9 (3) 14 (1) 20 (0) 30 (2) 39 (1) 57 (2) 60 (4) 84 (3) 88 (4)
17 (2) 28 (1) 29 (2) 33 (3) 64 (0) 68 (3) 73 (2) 75 (1) 81 (2)
35 (1) 41 (0) 45 (3) 48 (2) 53 (1) 57 (3) 81 (2) 85 (3) 87 (5) 92 (4)
1 (3) 4 (2) 13 (4) 25 (5) 26 (3) 36 (1) 50 (4) 55 (3) 55 (4) 62 (2) 63 (0) 66 (3) 85 (2) 89 (1) 92 (2)
14 (2) 24 (3) 25 (1) 26 (0) 31 (2) 44 (1) 72 (2)
4 (1) 9 (3) 20 (2) 24 (0) 29 (2) 30 (4) 50 (5) 61 (3) 65 (4) 76 (5) 81 (1) 93 (2) 97 (3) 100 (4)
21 (3) 49 (2) 59 (4) 69 (3) 74 (1) 78 (0)
5 (3) 22 (5) 30 (4) 30 (5) 41 (2) 46 (4) 52 (6) 53 (5) 65 (3) 66 (1) 67 (3) 69 (2) 84 (0)
37 (2) 47 (1) 50 (0) 57 (2) 60 (1) 63 (2)
1 (2) 5 (4) 18 (3) 18 (4) 41 (5) 50 (1) 51 (3) 52 (2) 63 (0) 76 (2) 77 (4) 82 (3) 85 (1) 93 (3) 97 (2) 98 (4) 100 (3)
18 (1) 24 (0) 25 (3) 33 (6) 35 (5) 41 (6) 49 (7) 52 (4) 61 (2) 63 (3) 88 (1) 89 (2) 90 (3)
2 (2) 9 (3) 14 (4) 26 (1) 33 (3) 38 (2) 54 (3) 56 (0) 60 (1) 77 (2) 88 (4) 98 (3)
10 (1) 30 (2) 50 (0) 65 (1) 75 (3) 96 (2)
4 (2) 5 (3) 14 (1) 17 (3) 18 (2) 23 (0) 32 (4) 34 (5) 35 (3) 36 (4) 46 (2) 50 (6) 63 (7) 66 (5) 68 (6) 75 (7) 76 (4) 79 (3) 80 (1) 97 (2)
15 (4) 25 (3) 27 (5) 35 (7) 38 (6) 42 (4) 48 (2) 59 (1) 64 (2) 70 (0) 71 (2) 73 (1) 81 (2) 84 (5) 86 (4) 96 (3)
7 (0) 18 (5) 19 (4) 23 (7) 27 (6) 32 (5) 33 (6) 43 (3) 47 (6) 58 (5) 62 (7) 69 (6) 81 (4) 85 (2) 87 (1) 93 (2)
0 (2) 60 (3) 62 (1) 66 (0) 69 (1) 72 (2) 87 (3)
36 (1) 37 (2) 66 (0) 83 (1) 87 (2)
3 (1) 9 (2) 13 (0) 23 (1) 29 (2) 32 (5) 46 (4) 50 (5) 53 (3) 63 (4) 64 (7) 68 (9) 72 (10) 74 (8) 78 (6) 81 (8) 83 (7) 97 (5) 100 (6)
1 (3) 2 (4) 2 (5) 23 (6) 31 (2) 40 (1) 60 (0) 61 (2) 67 (4) 68 (3) 79 (6) 80 (5) 84 (4) 97 (1)
32 (3) 43 (2) 66 (3) 73 (1) 87 (0) 88 (1) 96 (2)
52 (1) 57 (0) 63 (3) 71 (2) 73 (1) 75 (2) 100 (3)
19 (1) 63 (0) 100 (1)
17 (1) 18 (3) 23 (5) 32 (6) 39 (4) 41 (2) 43 (5) 58 (4) 61 (3) 66 (0) 67 (3) 80 (2) 92 (1) 93 (3) 98 (2) 98 (3)
12 (4) 18 (3) 25 (2) 25 (4) 31 (3) 36 (5) 37 (4) 37 (5) 49 (1) 53 (2) 60 (0) 83 (2) 88 (3) 89 (4) 94 (1) 99 (2)
20 (2) 25 (3) 25 (5) 31 (4) 50 (1) 52 (3) 61 (2) 76 (3) 82 (0) 83 (3) 87 (2) 89 (1)
33 (1) 33 (2) 43 (0) 55 (1) 60 (3) 65 (2) 71 (3) 86 (4) 90 (5)
4 (1) 18 (2) 33 (3) 44 (0) 47 (2) 49 (4) 51 (6) 51 (7) 67 (5) 75 (6) 76 (7) 81 (3) 85 (1) 93 (2) 94 (3) 95 (4)
5 (3) 9 (2) 19 (1) 26 (2) 38 (4) 42 (3) 43 (0) 45 (3) 50 (2) 60 (1) 67 (4) 74 (3) 80 (4) 82 (2) 83 (4) 90 (3) 93 (4)
0 (3) 7 (2) 19 (3) 29 (1) 73 (2) 80 (0) 96 (1)
4 (4) 17 (3) 56 (5) 62 (4) 62 (5) 65 (2) 68 (1) 74 (2) 80 (3) 84 (0) 93 (1)
10 (1) 13 (3) 23 (4) 28 (5) 29 (6) 50 (2) 51 (4) 53 (3) 63 (4) 68 (0) 72 (3) 79 (2) 83 (4) 91 (3) 96 (4) 97 (1) 100 (2)
6 (1) 10 (2) 19 (3) 20 (0) 25 (2) 25 (5) 32 (6) 45 (4) 51 (5) 65 (3) 87 (4) 89 (1) 96 (2)
8 (1) 29 (3) 32 (4) 32 (5) 33 (2) 34 (0) 38 (5) 41 (4) 43 (5) 66 (3) 67 (2) 71 (4) 73 (3) 81 (1) 81 (2) 84 (4) 88 (3)
11 (5) 13 (4) 17 (3) 25 (5) 27 (4) 34 (2) 47 (1) 56 (2) 56 (4) 60 (3) 62 (5) 65 (4) 76 (0) 92 (2) 93 (1) 94 (3) 99 (2)
9 (2) 17 (1) 22 (3) 24 (5) 30 (4) 36 (6) 38 (5) 53 (6) 59 (2) 60 (5) 64 (4) 65 (5) 70 (6) 71 (3) 73 (0) 82 (2) 88 (1)
5 (3) 6 (4) 19 (2) 22 (3) 27 (1) 32 (4) 45 (3) 52 (2) 53 (6) 54 (5) 55 (4) 67 (3) 70 (5) 75 (4) 86 (0) 93 (1) 95 (2) 96 (3)
9 (3) 36 (4) 56 (2) 57 (1) 69 (0) 74 (1) 84 (3) 98 (2)
0 (1) 6 (0) 11 (6) 14 (5) 17 (4) 22 (3) 23 (2) 28 (3) 33 (5) 34 (4) 37 (1) 53 (4) 71 (6) 73 (5) 80 (3) 84 (5) 87 (4) 90 (5) 91 (2)
5 (3) 17 (4) 18 (2) 22 (3) 25 (1) 52 (3) 66 (4) 90 (2) 98 (0)
1 (2) 3 (3) 6 (1) 7 (0) 7 (3) 8 (2) 22 (7) 34 (8) 42 (6) 49 (5) 65 (4) 70 (3) 80 (1) 81 (4) 89 (3) 92 (2) 92 (3) 97 (4)
3 (2) 15 (1) 20 (3) 28 (4) 42 (2) 54 (5) 55 (4) 57 (5) 59 (3) 64 (4) 68 (0) 68 (3) 79 (4) 85 (2) 86 (4) 89 (3) 90 (1) 93 (2)
2 (3) 18 (2) 30 (3) 39 (1) 45 (4) 49 (3) 54 (2) 58 (3) 65 (0) 65 (4) 76 (3) 81 (4) 85 (2) 94 (1)
25 (4) 30 (3) 37 (4) 44 (5) 62 (2) 62 (4) 63 (3) 70 (4) 77 (1) 82 (2) 82 (3) 82 (4) 84 (0) 94 (1)
5 (1) 16 (2) 35 (0) 55 (2) 60 (1) 66 (2) 92 (3)
5 (0) 10 (5) 11 (6) 12 (4) 14 (3) 15 (4) 16 (2) 24 (1) 31 (5) 42 (6) 45 (4) 49 (3) 58 (4) 65 (2) 71 (3) 88 (5) 89 (6) 95 (7) 97 (4)
16 (2) 16 (3) 23 (4) 25 (1) 30 (4) 47 (3) 58 (2) 60 (0) 67 (4) 71 (3) 73 (2) 79 (1) 83 (4) 89 (3) 94 (2)
7 (3) 12 (5) 13 (4) 21 (2) 24 (4) 25 (3) 28 (1) 33 (3) 42 (2) 44 (0) 46 (3) 49 (2) 59 (1) 74 (2)
17 (2) 22 (3) 25 (4) 27 (1) 31 (0) 36 (4) 37 (3) 38 (2) 42 (5) 54 (4) 57 (5) 58 (3) 65 (4) 73 (5) 74 (1) 86 (3) 87 (2) 100 (3)
6 (2) 6 (3) 7 (1) 9 (4) 10 (3) 13 (4) 39 (5) 41 (6) 48 (2) 84 (3) 88 (4) 89 (5) 90 (0) 100 (1)
2 (1) 3 (2) 16 (3) 32 (0) 51 (3) 63 (2) 87 (1)
0 (1) 3 (2) 16 (0) 28 (2) 35 (1) 74 (3) 90 (2)
5 (3) 7 (4) 18 (2) 21 (7) 28 (6) 40 (7) 49 (8) 51 (5) 63 (4) 67 (3) 71 (4) 79 (5) 86 (1) 88 (3) 89 (2) 90 (0) 94 (1) 99 (2)
2 (2) 4 (1) 6 (4) 12 (3) 23 (4) 49 (2) 60 (3) 65 (0) 74 (3) 91 (2) 92 (1)
1 (1) 24 (0) 46 (3) 57 (2) 58 (3) 74 (1)
1 (1) 6 (3) 8 (2) 72 (3) 78 (0) 78 (1) 89 (2)
9 (1) 28 (0) 29 (2) 49 (1) 86 (2) 98 (3)
4 (4) 6 (5) 8 (3) 9 (4) 12 (2) 18 (1) 21 (4) 25 (5) 34 (3) 45 (2) 56 (3) 62 (0) 72 (2) 73 (3) 86 (1) 89 (2)
0 (4) 7 (3) 12 (4) 12 (5) 16 (2) 25 (4) 35 (5) 35 (7) 51 (6) 53 (3) 65 (1) 65 (2) 71 (3) 73 (4) 76 (0) 97 (1) 97 (3) 99 (2)
5 (1) 7 (0) 27 (3) 94 (2) 96 (1)
1 (1) 3 (0) 5 (3) 11 (4) 13 (5) 18 (2) 29 (3) 41 (1) 41 (3) 47 (4) 51 (7) 64 (6) 77 (5) 80 (2) 80 (3) 99 (4)
35 (0) 49 (1) 63 (3) 68 (2) 91 (3)
2 (2) 22 (1) 22 (3) 24 (4) 32 (2) 34 (3) 53 (4) 67 (5) 70 (6) 71 (0) 75 (1) 79 (4) 86 (3) 95 (2)
42 (1) 51 (0) 52 (2) 58 (3) 63 (1) 78 (4) 85 (3) 99 (2)
8 (3) 20 (2) 21 (3) 59 (1) 75 (0) 85 (2) 93 (1)
8 (3) 26 (2) 33 (1) 33 (3) 41 (2) 43 (3) 43 (4) 50 (6) 56 (8) 59 (7) 60 (5) 64 (0) 73 (2) 74 (4) 87 (3) 88 (4) 97 (1)
18 (1) 18 (2) 38 (0) 45 (2) 55 (1) 59 (3) 80 (2)
13 (2) 17 (3) 19 (1) 23 (0) 25 (2) 27 (1) 50 (3) 69 (2) 84 (4) 85 (3)
2 (5) 7 (4) 34 (3) 42 (5) 45 (4) 51 (2) 55 (3) 56 (6) 73 (5) 74 (6) 77 (4) 79 (5) 79 (6) 85 (1) 91 (2) 96 (0)
9 (2) 29 (1) 38 (3) 61 (2) 87 (0) 95 (2) 97 (1)
5 (4) 20 (3) 22 (2) 80 (1) 95 (0)
9 (4) 19 (3) 56 (4) 58 (2) 60 (4) 64 (3) 69 (7) 71 (6) 74 (5) 76 (6) 88 (4) 94 (5) 96 (1) 97 (0) 97 (1)
15 (1) 18 (0) 23 (4) 24 (3) 31 (7) 36 (6) 40 (5) 56 (4) 64 (7) 66 (6) 72 (5) 73 (2) 74 (3) 75 (4) 80 (5) 89 (1) 99 (3) 100 (2)
20 (0) 20 (3) 23 (2) 34 (1) 39 (2) 91 (3)
3 (2) 12 (1) 55 (0) 62 (3) 70 (2) 95 (1)
11 (0) 18 (3) 29 (4) 32 (2) 51 (1) 56 (4) 57 (3) 84 (5) 95 (4) 98 (2) 99 (3)
2 (1) 15 (0) 18 (3) 22 (2) 41 (3) 43 (4) 50 (1) 70 (2) 84 (4) 88 (5) 94 (3) 97 (4)
5 (2) 10 (3) 12 (1) 24 (2) 25 (4) 28 (5) 41 (3) 44 (5) 55 (4) 71 (0) 74 (2) 88 (1) 89 (2) 91 (3) 94 (5) 99 (4)
3 (2) 6 (1) 7 (3) 14 (2) 20 (3) 25 (0) 34 (3) 35 (2) 43 (3) 43 (5) 51 (4) 61 (1) 62 (2) 63 (6) 64 (5) 69 (4) 94 (6) 96 (5) 99 (3)
11 (2) 12 (3) 13 (1) 14 (4) 16 (3) 20 (4) 21 (5) 40 (2) 44 (5) 45 (7) 46 (8) 51 (9) 60 (6) 81 (4) 90 (3) 96 (0)
6 (1) 22 (2) 51 (3) 66 (0) 86 (1)
8 (1) 10 (2) 31 (3) 40 (0) 43 (4) 43 (7) 50 (6) 56 (5) 62 (6) 77 (3) 82 (4) 83 (2) 92 (1)
5 (2) 14 (1) 18 (2) 20 (0) 23 (4) 34 (3) 35 (2) 40 (1) 46 (7) 52 (6) 58 (5) 72 (7) 73 (6) 75 (4) 78 (5) 89 (3) 89 (4) 98 (2) 99 (3) 99 (4)
2 (0) 4 (1) 8 (3) 25 (4) 39 (2) 52 (3)
3 (3) 8 (2) 9 (3) 12 (1) 12 (5) 13 (6) 21 (8) 34 (7) 38 (4) 39 (5) 39 (6) 40 (3) 53 (2) 53 (3) 55 (4) 70 (0) 70 (1) 79 (2) 84 (3) 96 (4)
3 (1) 4 (0) 5 (5) 7 (6) 8 (4) 17 (3) 35 (5) 38 (6) 40 (4) 48 (2) 51 (3) 58 (4) 71 (1) 74 (4) 79 (3) 92 (4) 94 (2)
4 (3) 12 (2) 13 (3) 30 (1) 32 (2) 49 (0) 52 (3) 57 (2) 63 (1) 65 (2)
9 (0) 31 (5) 49 (7) 50 (6) 65 (4) 81 (3) 83 (4) 86 (5) 87 (2) 90 (1) 98 (2)
2 (4) 5 (3) 15 (2) 17 (3) 19 (1) 29 (0) 45 (1)
29 (4) 36 (3) 42 (2) 53 (1) 63 (0) 73 (1) 75 (2)
3 (1) 12 (2) 26 (3) 41 (4) 42 (5) 50 (0) 54 (3) 81 (2) 89 (1) 95 (2)
2 (5) 17 (4) 17 (5) 21 (3) 30 (6) 33 (5) 40 (7) 45 (8) 49 (6) 50 (7) 51 (4) 53 (5) 66 (2) 67 (1) 73 (2) 88 (0) 93 (1) 97 (2)
24 (2) 33 (1) 35 (2) 42 (3) 49 (0) 93 (1)
21 (1) 25 (0) 27 (2) 33 (3) 47 (1) 47 (4) 50 (3) 51 (5) 56 (4) 61 (2) 70 (5) 82 (4) 85 (5) 91 (3) 94 (5) 100 (4)
2 (1) 27 (0) 50 (3) 51 (2) 52 (3) 58 (1) 63 (3) 72 (4) 84 (5) 95 (2)
7 (2) 12 (1) 35 (3) 43 (4) 45 (2) 58 (0) 66 (2) 68 (3) 69 (1) 99 (2)
21 (2) 32 (1) 40 (2) 64 (3) 76 (0) 76 (2) 82 (1) 83 (2) 84 (4) 99 (3) 100 (4)
4 (0) 9 (3) 11 (4) 12 (5) 30 (7) 31 (6) 39 (2) 42 (3) 47 (1) 48 (4) 57 (3) 61 (2) 64 (6) 81 (5) 88 (4) 96 (3)
5 (4) 17 (3) 19 (2) 22 (4) 38 (3) 56 (1) 57 (2) 60 (4) 64 (3) 70 (0) 96 (1) 99 (2)
9 (2) 12 (3) 17 (1) 17 (4) 40 (5) 46 (3) 51 (2) 57 (3) 61 (5) 69 (4) 92 (5) 95 (0)
3 (1) 14 (2) 15 (0) 16 (4) 19 (5) 48 (3) 58 (5) 71 (4) 91 (5) 92 (2) 97 (1)
1 (2) 2 (3) 3 (4) 10 (7) 15 (6) 17 (5) 18 (7) 19 (6) 24 (7) 25 (1) 47 (3) 55 (4) 69 (2) 72 (3) 75 (0) 77 (1)
1 (1) 4 (0) 7 (3) 9 (2) 16 (3) 23 (4) 51 (7) 60 (6) 77 (5) 79 (1) 80 (3) 90 (2)
15 (1) 16 (3) 22 (4) 35 (5) 46 (2) 47 (4) 63 (3) 80 (0) 90 (3) 91 (4) 96 (2) 98 (1)
8 (2) 42 (4) 48 (3) 57 (5) 62 (4) 73 (1) 78 (2) 81 (0) 87 (1) 93 (2) 96 (3)
3 (3) 15 (2) 28 (3) 39 (1) 40 (3) 43 (4) 55 (5) 63 (2) 68 (0) 73 (1) 95 (2) 97 (3)
27 (2) 35 (1) 45 (2) 51 (0) 60 (5) 61 (4) 63 (3) 80 (4) 85 (2) 91 (3) 94 (1)
0 (3) 1 (2) 10 (4) 16 (5) 19 (3) 20 (1) 32 (3) 36 (2) 40 (3) 43 (0) 43 (6) 57 (5) 58 (4) 82 (5) 86 (3) 89 (2) 97 (3) 99 (1)
4 (3) 12 (2) 18 (1) 20 (2) 66 (4) 72 (3) 73 (4) 93 (0)
5 (0) 8 (6) 10 (5) 24 (6) 33 (4) 36 (5) 55 (3) 55 (5) 60 (4) 61 (2) 65 (3) 69 (1) 73 (3) 88 (2) 96 (3) 98 (4) 100 (5)
5 (1) 27 (3) 34 (2) 49 (3) 56 (4) 61 (0) 66 (3) 73 (4) 74 (2) 81 (1) 85 (3) 99 (2)
1 (4) 4 (5) 7 (3) 10 (2) 17 (3) 19 (1) 20 (2) 30 (3) 45 (4) 54 (0) 58 (2) 85 (1) 85 (2) 94 (3)
2 (2) 5 (1) 13 (3) 23 (2) 28 (0) 38 (2) 39 (1) 44 (4) 56 (5) 57 (3) 93 (2)
18 (2) 26 (4) 56 (3) 67 (1) 68 (0) 86 (3) 96 (2) 99 (1)
9 (1) 10 (0) 21 (2) 29 (1) 61 (3) 75 (2) 88 (4) 99 (3)
11 (0) 18 (4) 24 (3) 29 (4) 41 (2) 48 (3) 56 (1) 62 (4) 66 (5) 71 (3) 75 (5) 78 (4) 83 (2) 93 (3) 99 (4)
6 (6) 34 (5) 53 (4) 55 (5) 61 (3) 62 (2) 63 (1) 64 (2) 64 (3) 70 (0) 70 (1) 76 (4) 81 (5) 92 (3) 92 (4) 93 (2) 97 (3)
1 (2) 3 (3) 12 (1) 18 (3) 20 (2) 20 (5) 28 (4) 48 (3) 58 (4) 63 (0) 64 (2) 74 (1) 74 (3) 90 (2)
0 (3) 9 (4) 13 (2) 16 (3) 18 (1) 23 (3) 27 (2) 35 (0) 37 (3) 39 (2) 43 (3) 45 (1) 68 (4) 85 (3) 90 (2)
10 (0) 25 (2) 37 (4) 38 (3) 43 (4) 44 (1) 63 (2) 74 (5) 91 (6) 93 (4) 99 (3)
11 (3) 22 (2) 26 (4) 27 (3) 29 (1) 40 (2) 69 (3) 72 (0) 72 (1)
5 (1) 12 (0) 14 (2) 24 (1) 27 (2) 29 (4) 45 (5) 58 (6) 66 (3) 71 (5) 77 (6) 85 (4)
13 (4) 29 (3) 30 (5) 35 (6) 37 (4) 44 (2) 46 (1) 58 (2) 68 (3) 81 (0)
2 (1) 46 (3) 47 (4) 48 (2) 55 (0) 69 (2) 79 (1)
6 (1) 19 (2) 48 (0) 51 (3) 56 (2) 63 (1) 66 (2)
18 (3) 37 (4) 68 (2) 70 (1) 88 (2) 98 (0)
2 (1) 10 (3) 15 (5) 23 (4) 30 (2) 31 (5) 35 (4) 44 (3) 49 (0) 66 (3) 71 (2) 82 (1) 100 (2)
13 (3) 34 (2) 40 (3) 44 (1) 55 (2) 65 (0) 66 (3) 70 (2) 75 (4) 78 (3) 90 (1) 92 (2) 95 (3) 97 (4)
0 (4) 5 (3) 9 (2) 13 (3) 30 (1) 38 (0) 43 (3) 45 (2) 50 (4) 60 (3) 81 (4) 83 (1) 93 (2) 100 (3)
0 (3) 11 (2) 15 (1) 27 (3) 28 (4) 33 (2) 42 (3) 52 (0) 82 (2) 86 (1)
19 (1) 28 (2) 32 (4) 45 (3) 59 (4) 68 (0) 78 (2) 91 (3) 96 (1)
9 (1) 10 (3) 16 (2) 22 (0) 36 (3) 43 (2) 45 (4) 46 (3) 51 (1) 53 (2) 55 (4) 57 (5) 68 (3) 78 (5) 81 (4) 83 (5) 86 (6)
3 (1) 18 (0) 21 (2) 21 (5) 29 (4) 37 (3) 37 (6) 48 (5) 55 (4) 59 (5) 68 (1) 86 (2)
2 (1) 4 (4) 27 (5) 40 (6) 57 (3) 64 (2) 73 (0) 81 (3) 81 (5) 83 (4) 87 (2) 87 (3) 91 (1) 96 (2)
17 (2) 22 (4) 25 (3) 27 (4) 30 (1) 32 (2) 33 (3) 49 (0) 64 (1) 77 (3) 84 (2)
3 (3) 17 (2) 24 (3) 56 (1) 60 (2) 67 (3) 69 (0) 98 (1)
8 (0) 16 (3) 30 (4) 34 (5) 46 (6) 54 (2) 56 (5) 59 (4) 63 (3) 76 (1) 97 (2)
17 (3) 19 (2) 26 (1) 40 (2) 53 (3) 55 (0) 58 (2) 60 (1) 63 (3) 91 (4) 99 (2)
36 (2) 41 (1) 58 (2) 63 (3) 86 (4) 87 (0) 98 (1)
2 (2) 11 (1) 13 (4) 21 (3) 30 (4) 30 (5) 34 (2) 43 (0) 44 (5) 46 (4) 60 (5) 63 (3) 71 (4) 71 (5) 73 (2) 92 (3) 97 (1) 100 (2)
2 (2) 7 (1) 7 (3) 21 (4) 25 (2) 33 (4) 48 (3) 48 (4) 53 (0) 60 (2) 74 (3) 84 (4) 86 (1) 86 (2) 92 (3) 100 (4)
7 (3) 33 (2) 39 (1) 40 (2) 55 (0) 66 (2) 77 (1)
31 (3) 40 (2) 42 (3) 44 (1) 56 (2) 80 (0) 81 (1)
8 (2) 36 (4) 52 (3) 79 (1) 99 (0)
2 (0) 6 (3) 18 (4) 19 (2) 22 (4) 24 (3) 25 (4) 45 (1) 47 (4) 50 (3) 51 (2) 59 (5) 64 (4) 65 (5) 81 (3) 85 (4) 91 (5) 93 (6)
11 (4) 15 (3) 15 (4) 15 (5) 16 (2) 18 (3) 51 (1) 52 (2) 56 (3) 77 (4) 83 (0) 83 (2) 92 (1) 92 (2)
0 (4) 10 (3) 15 (4) 17 (2) 23 (1) 27 (3) 36 (2) 38 (4) 42 (6) 43 (5) 53 (3) 57 (0) 61 (3) 67 (2) 72 (4) 87 (3) 98 (1)
30 (3) 31 (2) 33 (1) 39 (4) 41 (3) 44 (2) 53 (0) 71 (2) 83 (1) 91 (3) 93 (2) 99 (3)
1 (1) 3 (0) 24 (1) 32 (4) 46 (3) 49 (4) 53 (5) 60 (2) 82 (4) 91 (3)
5 (2) 8 (3) 16 (1) 18 (4) 20 (3) 21 (2) 48 (4) 51 (3) 75 (0) 77 (2) 83 (1)
6 (0) 6 (3) 17 (2) 25 (4) 36 (3) 46 (6) 50 (5) 58 (4) 74 (6) 77 (7) 86 (5) 98 (1)
17 (3) 21 (2) 25 (1) 35 (2) 39 (3) 51 (0) 96 (1)
21 (2) 32 (1) 51 (2) 58 (0) 71 (2) 82 (1) 89 (2) 94 (3)
4 (1) 7 (7) 10 (6) 12 (7) 13 (8) 22 (9) 32 (5) 36 (6) 44 (4) 50 (3) 53 (4) 57 (5) 61 (2) 79 (3) 91 (0)
35 (1) 37 (3) 41 (5) 57 (4) 70 (2) 79 (0) 97 (1) 99 (2)
1 (3) 3 (2) 3 (3) 9 (1) 14 (0) 25 (3) 29 (2) 35 (3) 36 (1) 58 (4) 61 (5) 62 (3) 68 (4) 70 (2) 78 (3) 85 (5) 91 (4)
8 (1) 12 (2) 41 (0) 57 (2) 73 (3) 91 (1)
12 (4) 18 (6) 20 (5) 27 (6) 29 (3) 38 (5) 55 (4) 60 (2) 62 (4) 71 (3) 78 (4) 89 (1) 95 (0)
2 (1) 5 (0) 9 (1) 12 (4) 15 (3) 16 (4) 70 (2) 75 (4) 78 (3) 83 (4)
0 (0) 14 (2) 26 (4) 54 (3) 65 (1) 74 (3) 76 (4) 80 (2) 85 (3) 90 (4)
23 (2) 30 (3) 45 (1) 68 (2) 98 (0) 99 (1)
3 (1) 9 (5) 27 (4) 29 (3) 34 (5) 35 (4) 35 (5) 49 (2) 50 (4) 63 (5) 71 (3) 74 (4) 83 (6) 84 (5) 85 (6) 88 (7) 92 (9) 94 (8) 98 (0)
10 (0) 21 (2) 30 (1) 53 (4) 74 (3) 88 (4) 90 (2) 90 (3)
12 (3) 14 (2) 20 (4) 20 (5) 49 (3) 53 (4) 60 (1) 60 (2) 66 (3) 85 (0) 85 (2) 86 (1)
1 (2) 4 (1) 5 (2) 6 (0) 15 (2) 20 (3) 24 (4) 33 (1) 34 (5) 38 (4) 40 (6) 51 (7) 63 (5) 64 (6) 68 (3) 71 (4) 75 (2) 79 (5) 80 (4) 91 (3)
12 (3) 21 (2) 24 (3) 27 (1) 36 (2) 52 (3) 58 (7) 59 (6) 64 (7) 73 (5) 80 (8) 81 (7) 83 (6) 85 (4) 93 (6) 96 (5) 100 (0)
2 (4) 13 (3) 17 (2) 22 (1) 27 (0) 86 (1) 98 (2)
3 (3) 6 (4) 8 (2) 31 (3) 36 (1) 40 (0) 53 (3) 55 (2) 60 (3) 62 (5) 64 (4) 70 (5) 82 (1) 85 (3) 86 (4) 92 (2) 93 (3)
4 (3) 7 (4) 10 (2) 16 (4) 24 (5) 38 (6) 43 (3) 47 (5) 51 (4) 54 (1) 55 (3) 57 (2) 58 (0) 68 (1) 78 (3) 79 (4) 81 (2) 86 (3) 99 (4)
4 (2) 6 (1) 12 (2) 13 (0) 27 (2) 31 (4) 61 (3) 66 (1) 67 (3) 73 (2) 77 (4) 92 (5) 99 (3)
4 (3) 11 (2) 15 (3) 34 (1) 38 (3) 41 (4) 42 (2) 51 (0) 63 (3) 66 (2) 71 (5) 76 (4) 81 (5) 84 (3) 85 (4) 89 (1) 92 (3) 93 (2)
3 (0) 10 (3) 12 (2) 17 (5) 25 (4) 37 (5) 38 (3) 43 (6) 52 (5) 53 (4) 60 (6) 61 (7) 68 (5) 74 (1) 94 (2)
3 (2) 5 (1) 22 (2) 24 (0) 30 (2) 31 (3) 49 (4) 66 (1) 83 (3) 88 (2) 90 (3)
7 (1) 15 (0) 15 (3) 23 (2) 27 (4) 61 (3) 67 (4) 72 (1) 91 (2) 91 (3) 97 (4) 99 (5)
1 (3) 10 (2) 10 (3) 15 (1) 15 (3) 22 (2) 24 (0) 27 (6) 34 (5) 37 (4) 38 (5) 45 (3) 45 (4) 50 (6) 57 (5) 62 (7) 78 (6) 87 (2) 90 (3) 97 (1)
3 (3) 14 (2) 15 (4) 16 (3) 23 (1) 50 (3) 61 (2) 66 (0) 82 (1) 94 (2)
7 (3) 7 (4) 15 (5) 27 (6) 27 (8) 31 (7) 35 (2) 38 (4) 38 (5) 49 (3) 51 (4) 56 (5) 62 (6) 64 (1) 76 (2) 83 (0) 85 (1) 85 (2) 85 (4) 97 (3)
9 (4) 15 (3) 23 (2) 32 (3) 38 (4) 73 (1) 91 (0) 98 (1)
6 (0) 54 (1) 59 (2) 85 (4) 92 (3) 97 (4)
4 (3) 5 (2) 19 (3) 20 (5) 26 (4) 30 (1) 33 (0) 58 (3) 58 (7) 59 (6) 62 (5) 65 (4) 75 (5) 80 (6) 84 (2) 91 (1) 97 (2)
1 (1) 29 (0) 41 (1) 42 (4) 48 (5) 59 (3) 98 (2) 100 (3)
0 (1) 4 (2) 6 (0) 10 (3) 11 (2) 13 (4) 15 (5) 19 (3) 23 (1) 30 (4) 54 (5) 57 (3) 61 (2) 76 (3) 92 (5) 95 (4) 97 (5)
9 (3) 20 (2) 21 (4) 22 (3) 41 (1) 48 (2) 50 (3) 51 (0) 53 (3) 77 (2) 81 (3) 89 (1) 97 (2)
2 (2) 6 (1) 13 (2) 22 (0) 25 (2) 31 (3) 34 (4) 40 (1) 51 (4) 60 (5) 64 (3) 70 (4) 72 (2) 73 (3)
13 (1) 18 (0) 23 (3) 35 (2) 43 (1) 43 (5) 54 (6) 58 (4) 67 (5) 69 (3) 75 (5) 79 (4) 85 (6) 89 (5) 96 (2)
3 (3) 6 (4) 13 (2) 34 (1) 36 (0) 39 (4) 40 (3) 47 (4) 56 (2) 63 (3) 69 (1) 71 (3) 74 (2) 85 (3) 91 (5) 98 (4)
2 (3) 15 (2) 16 (3) 17 (4) 45 (1) 49 (0) 53 (1) 55 (2) 75 (3) 79 (4)
1 (1) 11 (2) 30 (0) 52 (1) 57 (3) 61 (4) 92 (2)
9 (1) 18 (2) 24 (0) 36 (3) 46 (2) 46 (3) 72 (4) 80 (1)
6 (0) 10 (1) 17 (3) 40 (5) 41 (6) 44 (4) 46 (5) 64 (6) 69 (2) 78 (5) 84 (4) 100 (3)
9 (2) 10 (1) 22 (3) 27 (2) 34 (0) 35 (2) 36 (5) 46 (4) 57 (3) 62 (6) 66 (5) 70 (4) 78 (5) 95 (1)
2 (2) 8 (4) 11 (3) 12 (1) 12 (3) 15 (4) 16 (2) 21 (5) 24 (4) 28 (3) 30 (0) 48 (3) 52 (4) 55 (2) 67 (3) 68 (4) 79 (5) 85 (1) 99 (2) 99 (3)
0 (0) 1 (2) 3 (1) 11 (5) 50 (4) 72 (5) 86 (6) 89 (3) 92 (2) 95 (3)
2 (1) 12 (2) 21 (4) 26 (3) 33 (4) 39 (0) 48 (2) 64 (4) 67 (3) 72 (5) 76 (4) 80 (1) 81 (3) 88 (2)
6 (0) 23 (1) 23 (4) 24 (3) 38 (5) 52 (4) 57 (2) 69 (5) 75 (4) 80 (5) 81 (3) 83 (5) 88 (4)
20 (1) 42 (0) 73 (2) 88 (3) 99 (1)
2 (3) 6 (2) 7 (1) 28 (3) 29 (2) 30 (0) 58 (1) 70 (3) 92 (2)
14 (2) 23 (3) 31 (1) 38 (0) 44 (1) 52 (3) 53 (5) 60 (7) 65 (6) 66 (4) 78 (5) 80 (6) 89 (7) 94 (2)
3 (1) 14 (0) 14 (4) 19 (8) 20 (9) 22 (7) 23 (8) 26 (9) 27 (6) 29 (5) 36 (7) 38 (6) 58 (3) 60 (2) 67 (1) 76 (3) 83 (2) 95 (4) 96 (3)
5 (3) 8 (2) 9 (1) 30 (2) 36 (0) 41 (5) 55 (4) 58 (3) 68 (2) 75 (3) 78 (1) 93 (3) 95 (4) 97 (2)
22 (1) 58 (0) 65 (2) 73 (1) 74 (2) 83 (3)
22 (2) 24 (1) 30 (0) 34 (5) 34 (6) 53 (4) 68 (6) 79 (5) 81 (3) 88 (4) 89 (2) 91 (3) 97 (1)
1 (4) 6 (5) 11 (3) 14 (4) 31 (2) 39 (1) 43 (2) 45 (0) 48 (5) 57 (4) 61 (3) 65 (4) 74 (5) 89 (2) 95 (3) 99 (1)
0 (2) 0 (6) 3 (7) 11 (5) 12 (4) 19 (3) 36 (1) 40 (4) 41 (3) 43 (4) 47 (2) 54 (3) 65 (6) 70 (5) 75 (6) 87 (4) 88 (0) 88 (2) 90 (1) 91 (2)
2 (1) 2 (2) 2 (6) 2 (7) 17 (5) 19 (4) 43 (5) 53 (6) 54 (3) 69 (4) 81 (0) 81 (1)
17 (4) 20 (7) 31 (6) 34 (9) 41 (8) 50 (7) 52 (8) 61 (5) 66 (6) 67 (3) 80 (2) 81 (3) 82 (4) 86 (1) 89 (2) 95 (3) 97 (0) 99 (1)
4 (2) 10 (1) 40 (2) 48 (0) 66 (1) 99 (2)
4 (1) 5 (2) 7 (4) 26 (3) 31 (4) 34 (0) 44 (4) 64 (5) 64 (7) 65 (6) 67 (3) 69 (2) 72 (3) 73 (1) 83 (3) 84 (4) 90 (2) 94 (3) 100 (4)
17 (1) 28 (3) 37 (2) 52 (0) 66 (2) 95 (1)
4 (4) 14 (3) 20 (4) 23 (2) 23 (3) 30 (4) 47 (1) 49 (2) 53 (3) 63 (0) 64 (3) 76 (2) 83 (1) 87 (2)
0 (2) 3 (3) 11 (5) 13 (4) 14 (1) 16 (0) 19 (3) 25 (4) 30 (2) 40 (4) 41 (5) 59 (3) 63 (5) 73 (6) 81 (4) 86 (5) 100 (1)
0 (1) 0 (4) 7 (3) 10 (2) 12 (3) 18 (4) 31 (0) 47 (1) 51 (3) 64 (2) 80 (3) 95 (4)
7 (3) 13 (2) 26 (1) 29 (4) 36 (3) 36 (5) 37 (6) 49 (4) 50 (2) 53 (3) 80 (0) 83 (1) 90 (2)
0 (3) 2 (4) 6 (2) 13 (1) 15 (2) 23 (0) 31 (3) 33 (4) 41 (2) 52 (3) 61 (5) 62 (6) 72 (4) 84 (5) 85 (1) 92 (3) 99 (2)
17 (2) 21 (1) 29 (2) 44 (0) 45 (6) 47 (5) 48 (7) 50 (6) 52 (4) 57 (3) 59 (2) 66 (1) 70 (4) 73 (5) 81 (3) 87 (2) 100 (3)
8 (3) 18 (2) 21 (3) 24 (6) 29 (5) 31 (6) 44 (4) 46 (5) 55 (1) 57 (2) 69 (3) 81 (0) 97 (1) 97 (2)
3 (2) 11 (4) 47 (5) 53 (6) 58 (3) 60 (1) 61 (3) 64 (2) 64 (5) 80 (4) 83 (3) 85 (4) 90 (0) 93 (1) 96 (3) 100 (2)
4 (2) 7 (1) 11 (2) 16 (0) 17 (1) 25 (6) 30 (5) 39 (6) 40 (4) 52 (3) 55 (4) 59 (2) 73 (3)
9 (2) 17 (4) 31 (3) 43 (5) 46 (4) 57 (5) 68 (1) 81 (0) 82 (2) 84 (3) 85 (1) 92 (2)
9 (2) 17 (3) 21 (1) 23 (3) 27 (2) 49 (5) 56 (4) 57 (5) 67 (3) 70 (0) 84 (1) 85 (4) 93 (3) 96 (2)
17 (2) 24 (1) 25 (3) 26 (4) 39 (2) 53 (4) 57 (3) 61 (0) 65 (2) 71 (1) 82 (2) 82 (4) 92 (5) 98 (3) 100 (4)
7 (2) 9 (1) 9 (4) 11 (3) 34 (2) 36 (3) 46 (4) 48 (0) 49 (6) 67 (5) 72 (6) 73 (4) 75 (3) 80 (2) 80 (3) 96 (1) 100 (2)
19 (1) 31 (5) 36 (6) 42 (4) 48 (3) 51 (4) 61 (5) 63 (2) 75 (3) 81 (0) 82 (2) 83 (4) 87 (3) 96 (1)
2 (2) 8 (3) 10 (1) 11 (3) 20 (4) 30 (5) 47 (2) 48 (3) 48 (5) 56 (8) 59 (7) 60 (8) 73 (6) 76 (8) 79 (7) 80 (4) 90 (0) 94 (1)
9 (1) 23 (3) 34 (2) 35 (0) 41 (2) 60 (3) 88 (1) 89 (3) 99 (2)
4 (0) 54 (1) 65 (3) 89 (2) 95 (3)
17 (2) 19 (1) 22 (0) 22 (3) 24 (2) 50 (3) 62 (1) 62 (3) 68 (2) 89 (3) 91 (4)
12 (0) 19 (3) 22 (2) 27 (5) 39 (4) 62 (3) 65 (5) 85 (4) 90 (1)
8 (0) 42 (1) 49 (4) 69 (3) 76 (2) 84 (3) 97 (4)
8 (3) 10 (2) 21 (4) 29 (3) 32 (1) 33 (2) 38 (3) 40 (0) 41 (5) 48 (4) 53 (3) 66 (2) 71 (3) 88 (1) 90 (2) 100 (3)
8 (1) 9 (2) 40 (0) 51 (2) 66 (1) 66 (2) 75 (3) 75 (4)
1 (0) 2 (4) 8 (3) 15 (4) 15 (5) 24 (2) 52 (4) 55 (3) 72 (4) 88 (1) 95 (2)
25 (2) 36 (1) 45 (2) 80 (3) 83 (0)
14 (2) 19 (1) 56 (0) 66 (2) 78 (3) 80 (1) 92 (2)
37 (2) 41 (3) 43 (1) 49 (2) 57 (0) 64 (4) 67 (3) 81 (2) 82 (3) 94 (1) 98 (2)
1 (1) 22 (2) 43 (0) 48 (3) 77 (2) 78 (3) 81 (1) 81 (3) 82 (4) 91 (2)
11 (1) 14 (3) 20 (2) 20 (4) 38 (3) 51 (4) 53 (0) 61 (2) 61 (3) 80 (1) 89 (2)
7 (3) 8 (2) 12 (6) 14 (5) 23 (4) 28 (6) 30 (5) 33 (9) 44 (8) 45 (9) 50 (7) 63 (6) 65 (3) 67 (4) 77 (1) 80 (2) 83 (4) 88 (3) 91 (0) 98 (1)
0 (2) 3 (4) 4 (3) 6 (1) 11 (4) 14 (5) 23 (3) 25 (2) 34 (5) 38 (4) 47 (5) 57 (3) 62 (4) 71 (0)
2 (1) 20 (0) 22 (2) 24 (1) 52 (2) 55 (5) 90 (4) 99 (3)
1 (2) 2 (4) 32 (3) 49 (4) 56 (1) 65 (0) 86 (1)
16 (3) 37 (2) 38 (1) 53 (2) 62 (0) 88 (1)
9 (1) 10 (0) 19 (1) 51 (3) 52 (2) 82 (3) 86 (4)
24 (3) 25 (4) 27 (5) 32 (2) 34 (4) 38 (3) 41 (1) 41 (2) 44 (0) 62 (3) 82 (2) 89 (3) 96 (1)
12 (2) 12 (3) 19 (1) 25 (2) 31 (3) 31 (4) 36 (5) 38 (7) 51 (6) 51 (7) 64 (0) 71 (4) 74 (3) 85 (2) 94 (1)
13 (0) 15 (3) 15 (4) 43 (2) 44 (4) 57 (5) 58 (3) 61 (4) 62 (5) 77 (1) 100 (2)
0 (4) 11 (5) 13 (6) 16 (3) 22 (4) 24 (5) 36 (2) 49 (3) 55 (5) 55 (6) 60 (4) 66 (5) 69 (1) 71 (4) 72 (3) 74 (2) 80 (3) 89 (4) 96 (0)
11 (2) 11 (3) 23 (1) 27 (2) 28 (4) 32 (3) 45 (5) 60 (4) 75 (0) 77 (2) 82 (1) 84 (2) 84 (3)
1 (1) 6 (2) 7 (3) 9 (0) 13 (3) 33 (4) 45 (2) 66 (3) 68 (1) 79 (4) 81 (3) 87 (4) 88 (2) 92 (3)
3 (3) 20 (2) 50 (4) 55 (3) 63 (4) 69 (1) 82 (2) 83 (0)
18 (4) 24 (3) 30 (2) 34 (3) 35 (1) 40 (3) 41 (5) 43 (4) 49 (2) 51 (4) 52 (3) 64 (0) 71 (1) 86 (2) 98 (3)
19 (2) 19 (3) 21 (1) 22 (2) 37 (0) 42 (3) 53 (2) 53 (3) 54 (4) 60 (1) 60 (5) 70 (6) 74 (9) 78 (8) 89 (7) 90 (4) 94 (3) 97 (4) 99 (2)
8 (1) 14 (2) 20 (0) 23 (2) 41 (4) 71 (5) 84 (3) 88 (1) 92 (2)
2 (1) 4 (0) 20 (2) 24 (4) 25 (3) 25 (5) 26 (6) 27 (4) 38 (1) 40 (3) 45 (2) 56 (5) 56 (6) 70 (4) 83 (3) 88 (4) 97 (5)
5 (5) 9 (4) 21 (3) 24 (4) 24 (5) 28 (2) 29 (6) 49 (5) 53 (4) 56 (5) 63 (3) 67 (1) 82 (2) 83 (3) 88 (0)
8 (2) 29 (1) 30 (4) 31 (5) 46 (3) 47 (4) 56 (2) 57 (0) 61 (3) 63 (4) 68 (2) 68 (4) 70 (5) 72 (3) 78 (1) 83 (2) 90 (3) 90 (4) 92 (5) 98 (6)
4 (1) 22 (0) 32 (1) 49 (4) 55 (3) 73 (4) 84 (2)
3 (1) 10 (0) 10 (2) 15 (1) 16 (5) 19 (4) 20 (6) 30 (7) 31 (8) 33 (5) 34 (3) 38 (5) 70 (4) 72 (5) 75 (2) 84 (5) 92 (4) 93 (3) 97 (4)
5 (1) 5 (3) 7 (4) 18 (2) 33 (4) 35 (3) 41 (0) 59 (4) 62 (3) 65 (5) 69 (4) 78 (5) 83 (6) 92 (2) 94 (1)
9 (3) 17 (2) 21 (3) 26 (1) 31 (2) 33 (0) 36 (2) 69 (1)
1 (1) 15 (0) 24 (2) 47 (1) 48 (5) 61 (4) 61 (5) 63 (3) 64 (2) 79 (4) 85 (3) 97 (4)
0 (3) 13 (4) 20 (6) 21 (5) 34 (2) 38 (1) 41 (3) 42 (2) 43 (0) 48 (4) 52 (3) 62 (4) 63 (2) 63 (3) 66 (4) 71 (5) 93 (1)
3 (2) 12 (1) 12 (3) 26 (4) 40 (2) 45 (4) 52 (3) 77 (4) 84 (5) 86 (0) 88 (1) 95 (2)
6 (2) 17 (1) 18 (3) 19 (4) 30 (2) 72 (0) 86 (1) 86 (2) 88 (3)
16 (1) 16 (2) 54 (3) 77 (0) 91 (1)
2 (2) 28 (1) 40 (2) 42 (0) 50 (1) 51 (2) 70 (6) 85 (5) 88 (4) 100 (3)
2 (3) 13 (2) 14 (3) 15 (1) 21 (3) 44 (2) 61 (4) 61 (6) 70 (5) 76 (6) 84 (3) 88 (4) 89 (5) 94 (0) 97 (1)
15 (1) 20 (2) 35 (0) 65 (4) 67 (3) 69 (2) 71 (1)
6 (2) 21 (1) 26 (2) 27 (0) 57 (3) 74 (2) 88 (3) 100 (1)
4 (2) 13 (3) 14 (4) 25 (1) 38 (2) 40 (3) 61 (4) 65 (5) 89 (6) 92 (0)
1 (3) 9 (2) 11 (4) 16 (3) 19 (4) 20 (1) 24 (3) 25 (4) 34 (2) 35 (3) 63 (0) 66 (2) 69 (1) 83 (2) 86 (4) 90 (3) 93 (4) 95 (5)
5 (3) 11 (2) 22 (1) 34 (0) 53 (5) 72 (4) 83 (3) 87 (5) 89 (4) 90 (2) 92 (3) 93 (1) 95 (3) 96 (4) 99 (2)
7 (0) 10 (4) 12 (3) 29 (4) 35 (2) 48 (4) 54 (5) 57 (6) 82 (3) 89 (1) 90 (2) 97 (4) 99 (3) 99 (4)
0 (2) 4 (3) 6 (1) 16 (2) 26 (0) 33 (1) 39 (3) 53 (2) 53 (4) 69 (5) 88 (3)
6 (2) 15 (1) 49 (2) 57 (0) 80 (1)
1 (2) 19 (1) 23 (5) 32 (4) 33 (3) 39 (2) 42 (4) 43 (3) 59 (0) 70 (2) 95 (1)
4 (2) 4 (4) 11 (3) 21 (1) 22 (3) 28 (2) 29 (3) 42 (4) 54 (0) 60 (4) 64 (3) 76 (2) 80 (4) 91 (3) 94 (1)
0 (2) 17 (1) 33 (3) 47 (4) 49 (2) 57 (0) 72 (1)
12 (1) 23 (0) 26 (3) 34 (5) 46 (4) 58 (2) 72 (1)
9 (3) 18 (2) 38 (1) 82 (0) 88 (1)
9 (2) 10 (4) 12 (3) 15 (1) 20 (2) 31 (3) 32 (0) 38 (2) 65 (4) 73 (3) 74 (4) 75 (1) 76 (3) 78 (4) 85 (2) 92 (4) 96 (3) 99 (4)
1 (0) 1 (2) 3 (5) 29 (4) 29 (5) 29 (7) 42 (6) 53 (3) 60 (5) 64 (6) 82 (4) 82 (5) 88 (6) 90 (1) 95 (2)
0 (2) 9 (1) 73 (3) 76 (2) 78 (0)
7 (2) 15 (1) 34 (0) 73 (2) 80 (1)
1 (3) 12 (2) 32 (3) 33 (1) 57 (0) 61 (3) 74 (2) 78 (3) 79 (1) 96 (2)
10 (4) 18 (3) 28 (2) 31 (6) 33 (5) 38 (4) 54 (3) 63 (1) 69 (3) 76 (2) 79 (0) 92 (3) 97 (2) 98 (1) 100 (2)
11 (1) 25 (0) 46 (2) 51 (3) 67 (4) 80 (5) 89 (1)
11 (0) 46 (2) 74 (1) 88 (2) 88 (3)
5 (2) 11 (3) 17 (4) 28 (1) 28 (2) 43 (0) 51 (2) 64 (3) 65 (1) 83 (2) 88 (3)
7 (3) 12 (2) 20 (3) 34 (1) 37 (0) 42 (3) 45 (2) 59 (1) 67 (3) 73 (4) 77 (2) 82 (5) 91 (4) 98 (3)
8 (2) 19 (1) 29 (3) 32 (2) 33 (6) 35 (5) 39 (6) 51 (7) 58 (8) 66 (4) 67 (3) 72 (0) 84 (3) 85 (2) 87 (1) 94 (3) 95 (5) 96 (4) 97 (5) 100 (2)
2 (3) 10 (2) 17 (3) 17 (4) 24 (1) 30 (3) 38 (2) 40 (0) 46 (2) 51 (1) 55 (2) 62 (5) 69 (4) 73 (5) 78 (3) 85 (5) 91 (7) 93 (6) 94 (4)
0 (2) 3 (1) 13 (0) 23 (4) 31 (3) 31 (5) 37 (6) 42 (4) 47 (2) 49 (3) 66 (4) 74 (1) 82 (2) 84 (3) 84 (4) 95 (5)
17 (2) 31 (3) 35 (1) 40 (0) 85 (3) 85 (4) 94 (2) 96 (1) 97 (2)
1 (0) 1 (1) 39 (3) 43 (5) 48 (4) 54 (2) 66 (4) 70 (3) 84 (4) 90 (6) 92 (5) 92 (6) 93 (7)
12 (5) 21 (6) 25 (4) 49 (3) 51 (2) 63 (1) 65 (0) 65 (1) 81 (2) 82 (4) 89 (3)
3 (2) 4 (1) 19 (4) 19 (6) 25 (7) 26 (5) 40 (3) 64 (4) 65 (2) 91 (0)
2 (5) 22 (4) 28 (5) 37 (3) 43 (2) 56 (5) 63 (4) 67 (3) 68 (1) 74 (4) 78 (3) 79 (2) 80 (3) 80 (4) 87 (5) 88 (0) 94 (2) 100 (1)
11 (3) 13 (2) 28 (4) 33 (3) 40 (1) 42 (2) 44 (3) 55 (0) 58 (2) 61 (1) 63 (4) 65 (3) 76 (2) 87 (4) 88 (5) 94 (3)
33 (1) 48 (0) 49 (2) 57 (4) 63 (3) 67 (4) 80 (6) 87 (5) 92 (1) 99 (2)
3 (1) 10 (4) 12 (3) 14 (2) 23 (4) 32 (3) 38 (5) 39 (6) 48 (4) 49 (5) 51 (0) 51 (1) 65 (3) 69 (4) 78 (2) 84 (4) 94 (3)
2 (3) 5 (2) 7 (4) 13 (5) 25 (3) 33 (1) 34 (2) 76 (0) 91 (2) 98 (1)
3 (4) 16 (5) 18 (3) 20 (4) 21 (2) 25 (4) 28 (3) 33 (4) 45 (1) 45 (3) 70 (2) 87 (3) 90 (0) 94 (1)
1 (3) 4 (2) 7 (3) 8 (5) 10 (4) 11 (5) 32 (1) 55 (4) 61 (5) 68 (3) 71 (5) 77 (4) 81 (2) 85 (0) 89 (1) 95 (2) 97 (3) 98 (4)
22 (4) 31 (3) 41 (4) 45 (2) 46 (3) 47 (1) 53 (3) 67 (2) 85 (0) 85 (1) 97 (2) 99 (3)
8 (2) 26 (1) 27 (2) 29 (4) 41 (3) 48 (4) 50 (0) 60 (3) 64 (2) 65 (3) 69 (1) 70 (3) 81 (2) 84 (3) 98 (4)
3 (2) 4 (1) 6 (4) 7 (3) 10 (4) 11 (2) 34 (0) 35 (3) 63 (2) 63 (3) 73 (5) 83 (4) 92 (5) 99 (1) 100 (2)
7 (3) 8 (2) 13 (3) 23 (5) 30 (4) 41 (1) 47 (2) 51 (6) 52 (5) 66 (4) 70 (3) 73 (0) 74 (3) 74 (4) 75 (2) 79 (3) 84 (1) 87 (4) 98 (3) 99 (2)
4 (0) 10 (3) 11 (2) 26 (3) 28 (4) 37 (1) 55 (5) 71 (4) 71 (5) 78 (3) 79 (2) 93 (3)
3 (4) 5 (3) 7 (2) 11 (1) 16 (3) 33 (5) 43 (4) 48 (2) 57 (3) 67 (4) 91 (0) 96 (1)
2 (3) 18 (2) 30 (1) 35 (0) 38 (2) 48 (1) 56 (4) 74 (6) 76 (5) 80 (3) 83 (2) 84 (3)
12 (2) 22 (1) 31 (3) 32 (2) 54 (3) 69 (0) 85 (1)
0 (1) 19 (0) 23 (2) 32 (3) 33 (4) 59 (5) 62 (7) 64 (6) 81 (7) 99 (1)
4 (0) 4 (2) 15 (1) 27 (2) 49 (3) 96 (4)
40 (1) 60 (3) 77 (2) 78 (0) 100 (1)
0 (1) 1 (5) 17 (6) 22 (4) 36 (3) 43 (4) 47 (2) 60 (0) 62 (1) 70 (3) 73 (5) 89 (4) 91 (2) 91 (3)
1 (2) 2 (1) 12 (2) 14 (4) 24 (3) 28 (0) 35 (3) 40 (4) 42 (2) 54 (4) 64 (3) 76 (1) 88 (2) 96 (3)
11 (2) 18 (1) 23 (2) 41 (0) 45 (4) 46 (3) 46 (6) 56 (5) 68 (4) 77 (2) 82 (4) 84 (3) 91 (4) 93 (1) 100 (2)
8 (5) 12 (4) 12 (5) 26 (3) 27 (5) 29 (4) 30 (2) 32 (3) 33 (4) 41 (5) 47 (6) 49 (1) 56 (3) 62 (2) 63 (4) 65 (3) 76 (0) 80 (2) 85 (1)
3 (3) 6 (4) 9 (2) 22 (1) 30 (2) 35 (0) 36 (2) 43 (5) 47 (6) 49 (4) 52 (5) 53 (3) 80 (1) 81 (2)
13 (2) 17 (3) 18 (1) 30 (4) 65 (3) 66 (2) 67 (3) 68 (0) 72 (2) 89 (1) 100 (2)
2 (4) 11 (3) 14 (2) 32 (4) 55 (3) 64 (1) 68 (0) 68 (3) 71 (4) 72 (2) 73 (4) 74 (3) 77 (4) 94 (1)
4 (2) 7 (4) 9 (3) 12 (5) 14 (4) 20 (5) 46 (6) 47 (1) 54 (3) 58 (5) 60 (4) 62 (5) 66 (2) 72 (4) 80 (3) 84 (4) 96 (0)
7 (1) 19 (3) 66 (2) 69 (3) 71 (0) 77 (1) 78 (4) 87 (3) 91 (4) 93 (2)
7 (1) 9 (4) 18 (3) 18 (4) 30 (2) 34 (0) 37 (2) 46 (4) 47 (5) 53 (3) 55 (4) 57 (1) 61 (4) 62 (5) 70 (6) 72 (3) 76 (5) 81 (6) 84 (4) 95 (2)
11 (2) 19 (3) 25 (4) 31 (1) 35 (2) 45 (0) 62 (2) 67 (1) 71 (4) 81 (3) 84 (4) 91 (2)
0 (1) 1 (3) 2 (2) 3 (4) 16 (3) 20 (0) 28 (4) 30 (3) 42 (2) 45 (5) 46 (4) 48 (5) 49 (3) 50 (4) 59 (1) 83 (4) 84 (3) 89 (5) 90 (4) 96 (2)
13 (0) 63 (2) 72 (1) 73 (3) 100 (2) 100 (3)
1 (3) 8 (2) 33 (3) 35 (5) 36 (4) 44 (1) 51 (0) 57 (2) 57 (4) 61 (5) 67 (7) 72 (6) 76 (3) 78 (1) 88 (3) 90 (2) 92 (4) 93 (3) 94 (4)
4 (0) 23 (1) 65 (4) 92 (3) 96 (2)
3 (1) 8 (3) 9 (4) 10 (2) 11 (0) 28 (3) 34 (4) 38 (2) 44 (3) 49 (1) 55 (3) 56 (2) 65 (3) 79 (6) 82 (8) 84 (7) 94 (5) 96 (6) 98 (4) 99 (5)
0 (4) 15 (3) 23 (5) 26 (4) 29 (2) 32 (4) 33 (5) 47 (3) 54 (5) 64 (4) 65 (5) 83 (6) 87 (1) 90 (0)
3 (2) 7 (3) 15 (1) 17 (3) 42 (2) 75 (0) 79 (2) 88 (3) 89 (1)
9 (3) 12 (2) 15 (3) 20 (4) 23 (5) 40 (1) 47 (2) 55 (4) 65 (5) 67 (3) 74 (0) 78 (1) 84 (2) 90 (3)
2 (2) 12 (1) 22 (2) 26 (0) 53 (2) 71 (3) 87 (1) 92 (2) 92 (3)
2 (4) 14 (3) 27 (2) 49 (3) 60 (5) 70 (4) 70 (5) 78 (1) 94 (0)
1 (1) 6 (5) 8 (6) 21 (4) 27 (3) 30 (2) 66 (5) 75 (4) 77 (5) 89 (3) 94 (0)
1 (3) 5 (2) 12 (3) 26 (1) 40 (2) 41 (0) 43 (1) 59 (4) 71 (5) 75 (6) 75 (7) 79 (3) 80 (4) 88 (5) 90 (6) 92 (2) 98 (4) 100 (3)
4 (2) 8 (1) 16 (3) 29 (5) 36 (4) 40 (2) 67 (4) 78 (3) 85 (0) 94 (1) 99 (2)
1 (1) 3 (3) 5 (4) 9 (2) 11 (0) 24 (4) 39 (5) 66 (3) 70 (2) 87 (3) 91 (1) 95 (2)
4 (4) 46 (3) 57 (2) 73 (1) 82 (0)
15 (2) 23 (4) 28 (3) 32 (1) 47 (3) 53 (2) 58 (0) 59 (2) 60 (1) 65 (2) 79 (3) 79 (4)
1 (5) 9 (4) 18 (6) 25 (5) 27 (3) 30 (5) 33 (4) 35 (2) 41 (1) 45 (3) 47 (2) 51 (3) 61 (5) 78 (4) 85 (5) 91 (0) 96 (1)
8 (1) 13 (0) 27 (2) 33 (4) 57 (3) 81 (1) 92 (2)
6 (1) 12 (2) 14 (0) 16 (3) 19 (2) 21 (1) 24 (3) 26 (4) 28 (2) 32 (5) 45 (6) 46 (4) 79 (5) 86 (3) 90 (5) 93 (4) 99 (5)
14 (3) 19 (5) 21 (4) 24 (2) 53 (1) 56 (3) 62 (2) 67 (0) 69 (2) 74 (1) 79 (4) 80 (5) 83 (3) 84 (4) 85 (5) 93 (2) 97 (3) 99 (4)
26 (1) 38 (0) 43 (4) 73 (3) 77 (2) 93 (1)
7 (4) 19 (5) 29 (3) 36 (4) 43 (2) 50 (3) 54 (4) 63 (5) 64 (6) 81 (1) 94 (2) 97 (0) 98 (1)
9 (1) 43 (0) 60 (2) 62 (3) 77 (1) 93 (2)
4 (4) 6 (3) 26 (4) 39 (5) 50 (2) 54 (1) 59 (3) 84 (2) 86 (0) 88 (2) 98 (1) 100 (2)
6 (3) 13 (4) 14 (2) 15 (4) 31 (3) 32 (4) 35 (1) 37 (3) 42 (2) 61 (4) 78 (5) 81 (6) 87 (3) 98 (0)
10 (0) 53 (3) 68 (2) 72 (1) 73 (3) 77 (4) 83 (5) 88 (2)
5 (2) 16 (3) 43 (1) 50 (0) 69 (1) 72 (2)
8 (3) 9 (2) 29 (1) 37 (2) 41 (0) 43 (4) 46 (5) 51 (3) 52 (2) 53 (1) 54 (3) 55 (2) 71 (4) 76 (5) 77 (6) 82 (3) 92 (5) 95 (4)
5 (1) 13 (2) 16 (0) 23 (4) 37 (3) 39 (2) 40 (4) 43 (3) 52 (5) 77 (4) 78 (5) 79 (1) 79 (4) 82 (3) 82 (4) 90 (2) 93 (3) 97 (4)
12 (1) 16 (0) 25 (6) 27 (5) 28 (4) 32 (5) 34 (3) 40 (2) 44 (3) 56 (4) 57 (1) 78 (3) 82 (2) 99 (3)
15 (3) 22 (2) 40 (3) 68 (1) 97 (2) 99 (0) 100 (1)
5 (0) 12 (6) 13 (5) 14 (4) 17 (3) 26 (2) 48 (4) 52 (3) 56 (5) 61 (4) 85 (1) 86 (4) 95 (3) 99 (2)
6 (0) 12 (2) 19 (4) 23 (3) 28 (4) 32 (1) 52 (5) 59 (4) 69 (5) 70 (6) 73 (3) 82 (6) 87 (5) 92 (4) 98 (5) 100 (2)
1 (3) 5 (2) 7 (1) 21 (3) 22 (2) 25 (0) 27 (3) 28 (5) 41 (4) 44 (2) 50 (3) 62 (1) 62 (4) 65 (5) 85 (3) 88 (4) 97 (2)
2 (2) 5 (1) 19 (0) 29 (3) 29 (4) 32 (6) 33 (5) 34 (7) 44 (6) 52 (2) 54 (3) 56 (4) 63 (1) 69 (3) 90 (2) 93 (4) 96 (3)
12 (2) 36 (1) 62 (0) 67 (4) 69 (3) 71 (4) 85 (5) 86 (6) 87 (2) 98 (1)
1 (1) 5 (2) 8 (5) 9 (6) 10 (4) 23 (5) 32 (3) 37 (4) 44 (5) 51 (6) 53 (0) 65 (2) 91 (1) 91 (3) 97 (2)
14 (2) 17 (1) 64 (0) 65 (2) 67 (3) 92 (1) 94 (2)
10 (4) 21 (3) 22 (4) 24 (5) 25 (2) 44 (3) 52 (1) 52 (2) 53 (4) 67 (3) 78 (4) 90 (0) 99 (1)
0 (2) 18 (4) 20 (3) 23 (1) 36 (2) 40 (4) 61 (5) 66 (6) 73 (3) 79 (5) 90 (4) 91 (0)
3 (2) 7 (3) 8 (1) 10 (2) 12 (0) 19 (2) 27 (1) 41 (4) 54 (6) 61 (5) 68 (3) 70 (4) 74 (2) 75 (3) 80 (4) 82 (5)
3 (2) 29 (4) 38 (3) 53 (1) 59 (0) 68 (1)
4 (2) 7 (1) 12 (4) 40 (3) 42 (2) 44 (4) 77 (3) 89 (0) 94 (1)
0 (5) 11 (4) 15 (5) 17 (3) 20 (2) 26 (3) 30 (1) 34 (4) 35 (3) 40 (5) 46 (8) 48 (7) 66 (6) 68 (4) 71 (2) 72 (0) 72 (2) 80 (3) 81 (1) 87 (2)
18 (2) 27 (1) 35 (2) 44 (0) 55 (2) 57 (3) 66 (1) 69 (2)
34 (2) 37 (3) 41 (1) 90 (0) 92 (1) 98 (2)
15 (3) 21 (4) 23 (5) 25 (2) 27 (1) 31 (0) 35 (2) 55 (3) 55 (5) 58 (4) 64 (5) 72 (1) 79 (3) 82 (2) 93 (3)
1 (3) 3 (2) 4 (1) 5 (2) 6 (3) 8 (0) 12 (5) 22 (4) 26 (3) 38 (2) 44 (4) 48 (3) 52 (4) 55 (1) 59 (3) 63 (2) 76 (4) 88 (3)
3 (2) 9 (4) 16 (3) 27 (5) 29 (4) 37 (1) 48 (3) 49 (2) 50 (0) 94 (2) 98 (1)
0 (1) 4 (6) 10 (8) 15 (9) 26 (7) 38 (5) 45 (6) 58 (4) 64 (3) 64 (4) 66 (2) 73 (3) 76 (5) 78 (4) 87 (0) 87 (2) 98 (1) 99 (2)
4 (2) 15 (3) 26 (4) 36 (1) 37 (2) 38 (0) 47 (2) 71 (1) 72 (4) 74 (3) 74 (4) 83 (2) 85 (3) 97 (4)
3 (3) 21 (4) 24 (5) 31 (6) 47 (7) 50 (8) 53 (2) 60 (3) 63 (1) 64 (0) 70 (5) 72 (4) 78 (3) 80 (2) 86 (1) 93 (2)
20 (1) 25 (3) 32 (2) 41 (3) 55 (4) 60 (0) 67 (3) 79 (2) 84 (1) 85 (3) 91 (2) 92 (3)
41 (2) 63 (1) 76 (2) 83 (0) 93 (2) 97 (1)
23 (2) 25 (1) 66 (4) 69 (3) 83 (2) 92 (3) 96 (0)
4 (2) 6 (1) 8 (2) 11 (5) 13 (7) 22 (6) 27 (7) 44 (4) 47 (3) 69 (0) 74 (3) 76 (4) 80 (5) 83 (2) 97 (1)
2 (2) 25 (1) 26 (0) 31 (1) 42 (2)
0 (3) 2 (4) 15 (5) 23 (2) 30 (4) 36 (5) 40 (3) 45 (5) 51 (4) 71 (1) 72 (2) 73 (0) 77 (2) 81 (3) 98 (1)
6 (1) 15 (3) 22 (2) 27 (5) 31 (4) 50 (5) 53 (6) 59 (3) 60 (4) 61 (0) 66 (1) 75 (2) 91 (4) 95 (3)
34 (1) 63 (0) 82 (1) 98 (2)
0 (5) 10 (7) 11 (8) 13 (6) 24 (8) 30 (7) 32 (9) 40 (8) 50 (4) 52 (6) 54 (7) 59 (5) 64 (3) 71 (5) 75 (4) 77 (6) 88 (5) 97 (2) 98 (1) 100 (0)
0 (2) 1 (1) 11 (4) 26 (3) 27 (2) 28 (4) 45 (6) 53 (5) 74 (3) 75 (4) 77 (5) 87 (0)
8 (3) 23 (2) 63 (1) 65 (2) 78 (0) 96 (1)
6 (2) 27 (1) 38 (5) 57 (4) 58 (3) 61 (2) 70 (3) 73 (5) 79 (6) 80 (7) 82 (4) 82 (6) 84 (5) 98 (0)
0 (2) 23 (1) 27 (0) 31 (2) 70 (3) 71 (1) 96 (2)
0 (1) 2 (4) 5 (3) 5 (4) 8 (2) 12 (5) 15 (4) 25 (5) 27 (3) 33 (0) 34 (1) 40 (3) 49 (5) 85 (6) 89 (4) 96 (5) 98 (2)
17 (4) 26 (3) 34 (2) 34 (3) 51 (1) 52 (0) 61 (1) 62 (5) 74 (4) 76 (3) 78 (2) 85 (3)
0 (3) 6 (2) 18 (3) 23 (4) 30 (1) 38 (0) 55 (2) 58 (1) 74 (2) 82 (3) 91 (4)
13 (1) 19 (3) 25 (2) 35 (3) 44 (0)
12 (0) 27 (3) 37 (5) 39 (4) 44 (5) 48 (2) 51 (3) 74 (1) 78 (3) 95 (2)
1 (1) 2 (5) 54 (4) 56 (3) 59 (2) 65 (0)
1 (2) 2 (1) 8 (3) 21 (2) 26 (0) 35 (2) 37 (3) 43 (1) 44 (3) 52 (2) 56 (5) 62 (4) 63 (5) 65 (6) 85 (3) 85 (5) 95 (4)
7 (0) 18 (2) 19 (4) 45 (5) 49 (3) 52 (4) 55 (5) 57 (1) 60 (2) 62 (4) 71 (3) 74 (5) 83 (4) 95 (5)
9 (2) 31 (1) 76 (0) 85 (1) 85 (2)
17 (2) 24 (1) 25 (4) 28 (3) 38 (2) 38 (3) 40 (0) 62 (4) 65 (5) 66 (3) 69 (4) 71 (2) 74 (1) 89 (2)
0 (4) 33 (3) 35 (4) 60 (2) 63 (1) 67 (2) 90 (0) 94 (1)
0 (5) 26 (4) 53 (3) 60 (6) 62 (5) 67 (4) 70 (2) 71 (1) 72 (2) 82 (0)
19 (3) 23 (2) 27 (4) 27 (5) 29 (6) 45 (3) 53 (4) 60 (5) 66 (1) 68 (2) 76 (0) 83 (2) 92 (1)
3 (3) 4 (2) 22 (4) 29 (6) 39 (7) 42 (5) 46 (3) 56 (1) 56 (2) 56 (4) 57 (6) 74 (5) 79 (3) 80 (5) 84 (4) 90 (0) 96 (2) 99 (1)
4 (2) 11 (1) 14 (0) 15 (3) 21 (4) 24 (2) 28 (3) 57 (1) 79 (3) 82 (2) 88 (5) 97 (4) 98 (3) 99 (4)
21 (3) 24 (2) 39 (1) 61 (0) 74 (1) 76 (2) 88 (3)
1 (2) 8 (3) 14 (1) 23 (2) 23 (3) 24 (4) 43 (0) 45 (2) 48 (4) 54 (3) 56 (1) 68 (4) 82 (3) 87 (4) 89 (2) 92 (3) 99 (4)
2 (1) 6 (3) 19 (2) 50 (3) 80 (0) 89 (2) 96 (1)
21 (1) 29 (3) 32 (2) 45 (4) 46 (5) 57 (6) 63 (3) 64 (5) 67 (7) 81 (6) 89 (4) 91 (6) 92 (7) 93 (5) 100 (0)
2 (3) 12 (2) 13 (1) 17 (4) 18 (3) 27 (2) 51 (3) 68 (0) 71 (2) 74 (1) 80 (3) 90 (4) 98 (2)
8 (1) 21 (3) 32 (2) 44 (0) 48 (3) 51 (2) 75 (3) 83 (4) 94 (1)
0 (3) 1 (2) 11 (4) 19 (3) 36 (4) 58 (5) 76 (1) 84 (0) 88 (1) 99 (3) 100 (2)
13 (4) 20 (3) 28 (4) 59 (2) 65 (1) 69 (3) 73 (2) 75 (3) 77 (0) 100 (1)
0 (0) 1 (1) 27 (5) 30 (6) 38 (4) 43 (5) 73 (3) 96 (2)
32 (1) 35 (0) 45 (3) 73 (2) 96 (1)
2 (3) 11 (5) 16 (4) 38 (5) 44 (2) 49 (3) 51 (1) 59 (0) 71 (1)
1 (2) 5 (3) 9 (1) 22 (5) 27 (4) 31 (5) 48 (7) 50 (6) 54 (3) 58 (4) 62 (2) 65 (5) 66 (4) 73 (3) 78 (0)
4 (3) 9 (2) 15 (1) 19 (4) 23 (3) 52 (2) 64 (6) 72 (5) 73 (4) 74 (5) 75 (3) 91 (4) 93 (0) 99 (1)
3 (1) 29 (2) 31 (0) 36 (1) 84 (3) 88 (2)
7 (2) 10 (3) 12 (1) 14 (3) 17 (4) 21 (2) 23 (0) 31 (3) 47 (4) 49 (5) 53 (2) 54 (1) 66 (3) 76 (2) 77 (3)
14 (0) 16 (3) 31 (4) 36 (2) 42 (3) 71 (4) 75 (5) 77 (1) 82 (3) 93 (2)
20 (0) 25 (3) 45 (2) 51 (3) 62 (1) 78 (2) 83 (4) 96 (3)
6 (1) 13 (5) 14 (4) 20 (3) 22 (4) 41 (5) 44 (2) 51 (6) 67 (5) 70 (6) 77 (4) 89 (3) 89 (4) 90 (5) 93 (0) 99 (1)
12 (2) 25 (1) 29 (2) 45 (0) 45 (1) 54 (5) 77 (4) 91 (3) 100 (2)
1 (1) 8 (0) 8 (3) 52 (2) 61 (1) 98 (2)
5 (3) 13 (2) 14 (1) 30 (0) 47 (4) 54 (6) 58 (5) 61 (3) 62 (5) 64 (4) 68 (2) 71 (1) 79 (2) 85 (3) 85 (4) 95 (5)
6 (0) 11 (6) 16 (5) 19 (4) 21 (7) 22 (6) 23 (5) 26 (6) 45 (3) 46 (4) 52 (2) 56 (3) 59 (1) 73 (2) 75 (4) 84 (3) 100 (4)
21 (2) 36 (3) 42 (1) 45 (0) 47 (4) 47 (5) 48 (6) 50 (7) 51 (3) 58 (2) 66 (3) 79 (4) 86 (5) 87 (1) 87 (4) 88 (3) 94 (2)
3 (1) 20 (5) 23 (4) 38 (3) 38 (4) 41 (2) 42 (5) 62 (4) 63 (3) 64 (0) 69 (3) 78 (2) 78 (3) 83 (1) 89 (4) 95 (3) 100 (2)
6 (5) 7 (4) 8 (5) 13 (6) 17 (3) 23 (2) 25 (3) 29 (1) 30 (2) 35 (6) 43 (5) 47 (4) 50 (3) 51 (0) 58 (3) 63 (4) 67 (2) 89 (3) 97 (4) 100 (1)
12 (2) 16 (1) 21 (0) 44 (2) 44 (4) 46 (5) 54 (3) 57 (5) 58 (4) 62 (5) 67 (1) 71 (2) 76 (3) 80 (4) 96 (5)
2 (2) 14 (1) 17 (4) 18 (5) 34 (3) 35 (4) 44 (2) 45 (3) 49 (0) 51 (3) 73 (2) 73 (4) 73 (5) 74 (6) 77 (3) 79 (4) 80 (1) 84 (2)
19 (0) 21 (3) 28 (4) 35 (2) 40 (1) 46 (3) 57 (4) 66 (5) 73 (7) 73 (8) 84 (6) 85 (7) 97 (2)
10 (1) 18 (3) 20 (2) 26 (3) 36 (4) 38 (0) 55 (3) 60 (2) 69 (1) 71 (2) 71 (3) 100 (4)
19 (3) 35 (2) 44 (1) 53 (0) 57 (2) 60 (1) 66 (2)
3 (1) 45 (0) 53 (3) 58 (2) 59 (1) 67 (3) 89 (2)
0 (3) 4 (4) 10 (2) 11 (5) 38 (4) 39 (5) 52 (3) 58 (1) 62 (3) 63 (4) 67 (2) 69 (3) 72 (0) 78 (1) 94 (2) 100 (3) 100 (4)
12 (2) 16 (3) 21 (1) 21 (2) 27 (5) 30 (4) 48 (3) 50 (5) 52 (4) 55 (0) 77 (1)
1 (2) 13 (1) 26 (0) 33 (3) 63 (2) 79 (4) 87 (3) 91 (4) 96 (1)
3 (1) 12 (3) 19 (2) 24 (8) 31 (7) 32 (6) 33 (7) 45 (5) 58 (4) 66 (3) 67 (0) 74 (2) 81 (3) 97 (1)
4 (4) 10 (3) 13 (2) 24 (1) 29 (2) 32 (0) 47 (3) 50 (4) 55 (2) 63 (3) 67 (4) 70 (1) 77 (2) 77 (5) 78 (4) 91 (5) 99 (3)
3 (2) 9 (1) 9 (4) 25 (3) 32 (2) 41 (3) 49 (0) 55 (2) 57 (5) 60 (4) 67 (5) 70 (3) 74 (4) 78 (1) 82 (4) 93 (3) 95 (2)
16 (2) 37 (1) 40 (0) 42 (2) 54 (1) 60 (2)
15 (3) 16 (2) 25 (1) 28 (0) 30 (3) 34 (2) 42 (4) 44 (5) 55 (3) 60 (4) 66 (1) 72 (3) 75 (2) 90 (4) 93 (3)
1 (2) 3 (3) 14 (1) 16 (2) 19 (0) 19 (3) 21 (2) 22 (4) 33 (3) 41 (5) 43 (6) 54 (7) 68 (4) 70 (6) 76 (5) 76 (6) 78 (1) 91 (2) 96 (3)
5 (0) 6 (3) 16 (2) 47 (1) 56 (3) 81 (2)
3 (5) 5 (6) 16 (4) 24 (5) 32 (3) 52 (2) 55 (1) 58 (3) 82 (2) 82 (3) 82 (4) 84 (0)
7 (2) 7 (4) 8 (3) 10 (1) 17 (0) 22 (5) 25 (6) 42 (4) 51 (3) 52 (2) 55 (1) 56 (3) 73 (2) 76 (4) 96 (3)
1 (2) 3 (4) 5 (3) 18 (1) 27 (0) 44 (3) 58 (5) 60 (4) 61 (2) 85 (4) 91 (5) 94 (3) 100 (1)
7 (0) 10 (3) 18 (2) 27 (4) 64 (6) 72 (5) 78 (3) 85 (4) 86 (5) 88 (7) 90 (8) 93 (6) 94 (1) 94 (2) 98 (4) 99 (3)
7 (1) 13 (3) 14 (6) 15 (5) 26 (4) 33 (2) 34 (0) 35 (2) 39 (1) 55 (2) 73 (5) 75 (4) 76 (5) 100 (3)
6 (5) 22 (4) 24 (5) 26 (3) 26 (4) 28 (2) 29 (1) 31 (4) 34 (3) 51 (2) 67 (3) 69 (0) 69 (4) 72 (5) 77 (3) 78 (2) 79 (1) 87 (3) 93 (2)
2 (1) 4 (3) 18 (2) 23 (0) 24 (3) 47 (2) 50 (4) 51 (3) 54 (5) 57 (4) 62 (1) 84 (2) 99 (3)
4 (1) 13 (2) 14 (0) 16 (1) 33 (2) 53 (4) 82 (5) 96 (3)
8 (3) 10 (2) 14 (3) 40 (1) 47 (3) 57 (4) 63 (2) 82 (3) 83 (0) 90 (2) 95 (1) 99 (2)
19 (3) 20 (5) 26 (6) 33 (4) 42 (2) 49 (3) 52 (1) 57 (2) 66 (5) 72 (4) 73 (3) 78 (5) 88 (4) 89 (5) 91 (0) 97 (1)
1 (4) 12 (5) 36 (3) 43 (2) 58 (1) 64 (2) 65 (3) 69 (0) 81 (1)
7 (1) 11 (0) 23 (1) 24 (3) 51 (4) 62 (2) 63 (3)
7 (1) 46 (2) 67 (0) 81 (1) 85 (3) 86 (2) 96 (3) 99 (4)
1 (1) 1 (2) 3 (3) 16 (0) 34 (1) 54 (3) 58 (5) 63 (4) 65 (2)
2 (3) 10 (2) 26 (1) 62 (0) 63 (2) 66 (3) 71 (1) 79 (2) 80 (3) 96 (4)
14 (3) 15 (2) 26 (1) 69 (0) 72 (1)
11 (2) 27 (1) 32 (0) 40 (2) 55 (3) 62 (4) 68 (1) 83 (2)
16 (2) 17 (1) 20 (2) 32 (0) 43 (3) 50 (2) 95 (1)
1 (3) 25 (4) 34 (2) 47 (3) 52 (4) 55 (6) 62 (5) 63 (1) 66 (3) 71 (4) 76 (2) 82 (3) 87 (0) 97 (1)
3 (1) 7 (2) 18 (0) 26 (1) 54 (3) 64 (4) 80 (2) 97 (3)
0 (3) 4 (4) 5 (5) 10 (7) 13 (6) 25 (2) 31 (3) 31 (4) 38 (1) 39 (3) 40 (2) 45 (3) 45 (4) 55 (5) 75 (0) 78 (2) 81 (3) 82 (1) 88 (3) 96 (2)
4 (1) 10 (4) 21 (3) 34 (4) 39 (2) 43 (4) 44 (3) 49 (6) 53 (5) 57 (6) 62 (4) 71 (6) 78 (5) 81 (0) 85 (2) 91 (3) 100 (1)
7 (0) 19 (3) 19 (4) 41 (5) 70 (2) 78 (1)
32 (4) 33 (3) 41 (2) 42 (1) 51 (4) 63 (3) 66 (2) 75 (3) 81 (4) 82 (0) 100 (1)
6 (3) 7 (2) 8 (4) 9 (3) 19 (1) 19 (3) 24 (2) 26 (3) 32 (5) 32 (6) 38 (8) 43 (7) 49 (4) 49 (5) 54 (0) 62 (1) 68 (2) 90 (3) 95 (4)
42 (1) 43 (0) 50 (2) 73 (1) 96 (2)
10 (3) 11 (2) 19 (4) 27 (3) 52 (1) 53 (0) 74 (1) 77 (3) 81 (6) 83 (5) 84 (4) 93 (5) 94 (2) 95 (3)
30 (3) 40 (2) 51 (3) 57 (1) 60 (0) 63 (4) 70 (3) 72 (2) 94 (3) 97 (1) 99 (2)
5 (2) 12 (1) 13 (4) 22 (5) 33 (7) 42 (8) 44 (9) 52 (6) 57 (7) 65 (3) 68 (5) 70 (4) 71 (5) 75 (2) 80 (3) 90 (0) 95 (2) 96 (1)
10 (1) 11 (5) 19 (4) 30 (6) 42 (5) 74 (3) 83 (4) 86 (2) 86 (3) 93 (0) 94 (1)
15 (1) 24 (0) 26 (2) 28 (1) 30 (4) 42 (5) 50 (3) 53 (4) 55 (2) 56 (3) 56 (7) 59 (6) 61 (7) 61 (8) 66 (5) 69 (7) 82 (6) 83 (7) 87 (4)
6 (1) 18 (3) 40 (2) 60 (0) 69 (2) 96 (1)
9 (2) 19 (3) 34 (1) 41 (3) 42 (2) 70 (3) 87 (4) 100 (0)
3 (2) 6 (1) 6 (4) 16 (3) 22 (4) 26 (2) 35 (4) 53 (5) 55 (3) 70 (5) 72 (7) 75 (6) 85 (7) 89 (4) 96 (5) 98 (6) 99 (0)
12 (1) 32 (2) 50 (0) 54 (5) 64 (6) 67 (4) 69 (5) 70 (6) 84 (3) 86 (4) 87 (2) 90 (1)
28 (2) 37 (3) 38 (1) 42 (3) 48 (6) 54 (5) 58 (4) 70 (5) 71 (2) 76 (0) 88 (2) 97 (1)
24 (1) 39 (2) 50 (0) 55 (3) 70 (4) 72 (5) 78 (2) 93 (1) 98 (2) 99 (3)
8 (1) 11 (3) 31 (2) 34 (4) 41 (5) 42 (3) 45 (4) 49 (5) 57 (0) 59 (1) 61 (4) 64 (3) 82 (4) 93 (2) 95 (4) 100 (3)
1 (2) 10 (1) 26 (4) 32 (3) 44 (4) 48 (5) 76 (2) 78 (0) 78 (3) 92 (2) 94 (1)
3 (2) 5 (1) 5 (4) 14 (5) 28 (3) 35 (4) 38 (2) 48 (3) 50 (4) 54 (5) 59 (6) 65 (0) 66 (6) 72 (5) 73 (4) 75 (3) 83 (2) 99 (1)
19 (4) 34 (3) 56 (4) 72 (2) 75 (1) 76 (0) 96 (1)
5 (1) 14 (2) 22 (0) 28 (4) 33 (3) 36 (2) 41 (1) 43 (3) 50 (2) 55 (6) 85 (5) 95 (4) 98 (5) 99 (3)
16 (3) 16 (4) 23 (2) 23 (3) 27 (1) 29 (2) 34 (0) 40 (1) 43 (4) 49 (5) 58 (6) 60 (3) 68 (2)
7 (3) 15 (2) 42 (3) 49 (1) 69 (0)
9 (3) 12 (4) 13 (6) 25 (5) 53 (7) 57 (6) 57 (7) 59 (2) 59 (4) 67 (3) 73 (5) 79 (6) 83 (4) 91 (1) 95 (0) 96 (2) 97 (1)
3 (1) 4 (2) 5 (0) 6 (3) 7 (4) 11 (2) 12 (4) 65 (3) 65 (4) 68 (1)
3 (3) 5 (2) 7 (1) 12 (3) 14 (2) 14 (4) 16 (3) 17 (0) 56 (2) 62 (1) 84 (3) 88 (4) 94 (2)
0 (3) 2 (4) 3 (2) 14 (1) 14 (2) 20 (4) 23 (5) 32 (3) 49 (5) 54 (4) 81 (0) 84 (1) 97 (3) 98 (2)
2 (2) 5 (3) 13 (4) 13 (6) 15 (8) 17 (7) 30 (5) 30 (6) 40 (1) 46 (2) 52 (0) 59 (3) 66 (4) 82 (2) 85 (1) 89 (3) 98 (2) 100 (3)
2 (1) 31 (0) 41 (3) 44 (4) 51 (2) 72 (1) 74 (3) 91 (4) 95 (2)
10 (1) 12 (0) 19 (2) 35 (5) 44 (4) 50 (3) 70 (1) 70 (3) 85 (2) 88 (3)
10 (2) 21 (3) 27 (1) 36 (2) 39 (0) 42 (1) 86 (2)
2 (2) 6 (4) 8 (3) 11 (1) 11 (2) 19 (0) 26 (1) 33 (5) 43 (6) 48 (4) 52 (5) 54 (7) 74 (8) 89 (6) 91 (3) 94 (4) 95 (2)
2 (2) 4 (3) 6 (1) 10 (0) 17 (4) 21 (3) 30 (5) 37 (6) 38 (7) 45 (4) 48 (2) 48 (3) 63 (1) 77 (3) 81 (2) 82 (3)
5 (4) 5 (5) 8 (3) 11 (4) 13 (2) 20 (1) 23 (3) 27 (4) 29 (5) 34 (6) 49 (7) 61 (2) 73 (5) 79 (4) 79 (5) 84 (6) 93 (3) 96 (0)
6 (1) 13 (2) 24 (0) 56 (2) 63 (1) 68 (5) 68 (6) 70 (4) 73 (5) 78 (3) 86 (2) 88 (4) 93 (3)
9 (2) 17 (1) 25 (4) 28 (3) 31 (4) 34 (2) 37 (5) 37 (6) 40 (4) 50 (5) 51 (6) 58 (3) 65 (4) 76 (5) 79 (0) 81 (1) 82 (2) 91 (3) 94 (4) 98 (5)
12 (1) 16 (3) 29 (4) 37 (2) 72 (3) 79 (0)
2 (0) 8 (2) 20 (3) 40 (1) 91 (2) 94 (3)
19 (2) 28 (1) 30 (5) 32 (4) 33 (6) 37 (5) 39 (3) 48 (7) 50 (6) 52 (5) 55 (4) 67 (5) 73 (6) 79 (2) 83 (0) 88 (1) 94 (3) 96 (2)
3 (2) 19 (1) 28 (2) 30 (0) 52 (4) 64 (3) 65 (2) 67 (3) 68 (1) 73 (2) 75 (4) 77 (5) 83 (3) 91 (5) 96 (4)
0 (4) 0 (5) 2 (3) 3 (4) 14 (2) 20 (3) 25 (1) 32 (2) 42 (4) 49 (3) 56 (4) 82 (0) 91 (1)
1 (4) 5 (3) 11 (2) 16 (1) 22 (3) 25 (2) 28 (0) 60 (3) 62 (2) 79 (4) 84 (3) 90 (4) 93 (1) 98 (2)
6 (2) 12 (3) 19 (4) 24 (1) 25 (3) 40 (2) 42 (3) 45 (0) 55 (1) 59 (4) 76 (5) 80 (3) 81 (4) 84 (5) 95 (2) 99 (3)
10 (3) 16 (4) 21 (2) 28 (4) 34 (3) 35 (1) 40 (4) 66 (5) 71 (3) 76 (2) 83 (3) 94 (0)
23 (2) 34 (3) 37 (1) 55 (2) 67 (3) 67 (5) 77 (6) 79 (4) 94 (5) 99 (0)
16 (1) 17 (2) 41 (0) 46 (4) 49 (3) 54 (4) 60 (2) 64 (4) 74 (3) 77 (1) 90 (2) 98 (3)
0 (4) 4 (5) 7 (3) 13 (2) 39 (3) 44 (1) 44 (3) 46 (4) 49 (5) 57 (2) 70 (3) 81 (0)
5 (1) 16 (0) 20 (5) 24 (4) 29 (3) 31 (5) 32 (4) 37 (6) 40 (5) 47 (2) 50 (1) 55 (3) 64 (2) 68 (4) 69 (3) 92 (6) 95 (5) 99 (4)
15 (3) 15 (4) 16 (2) 19 (4) 21 (3) 30 (4) 30 (5) 77 (1) 83 (2) 88 (3) 96 (0) 97 (1)
6 (1) 12 (2) 17 (3) 17 (4) 52 (0) 60 (3) 60 (4) 62 (5) 68 (6) 86 (2) 87 (3) 98 (1)
4 (1) 9 (3) 17 (4) 26 (2) 35 (0) 40 (4) 59 (3) 60 (4) 78 (2) 81 (1)
28 (2) 30 (4) 41 (3) 43 (1) 44 (4) 46 (3) 57 (2) 63 (3) 67 (4) 79 (0) 79 (1) 89 (2)
14 (2) 19 (1) 34 (2) 35 (0) 43 (3) 53 (2) 65 (3) 66 (1) 75 (3) 77 (2) 96 (3)
14 (2) 15 (3) 15 (4) 25 (1) 25 (2) 36 (0) 46 (1) 61 (3) 85 (2)
37 (0) 42 (2) 59 (3) 61 (1) 65 (5) 68 (4) 89 (3) 91 (2) 92 (3) 95 (4) 98 (5)
17 (1) 35 (2) 40 (3) 44 (0) 54 (3) 72 (4) 73 (2) 78 (4) 84 (3) 90 (4) 95 (1)
21 (2) 33 (1) 46 (2) 68 (0) 71 (1) 89 (3) 92 (2) 95 (3)
7 (4) 24 (3) 30 (2) 41 (3) 53 (1) 53 (3) 63 (4) 64 (2) 83 (0) 86 (2) 88 (3) 94 (1) 97 (2)
9 (3) 35 (2) 53 (1) 60 (3) 69 (2) 72 (3) 90 (0) 90 (1) 91 (2) 100 (3)
1 (4) 11 (3) 11 (4) 13 (5) 15 (2) 17 (1) 17 (2) 20 (0) 21 (2) 33 (1) 40 (3) 43 (5) 62 (4) 83 (5) 93 (2)
6 (2) 26 (3) 37 (4) 43 (1) 45 (3) 54 (2) 80 (3) 90 (0) 92 (1)
5 (1) 12 (0) 16 (5) 20 (4) 29 (6) 35 (5) 36 (3) 38 (2) 58 (1) 71 (3) 73 (2) 73 (3)
5 (2) 33 (1) 56 (2) 72 (0) 86 (1) 94 (2)
8 (4) 39 (3) 47 (2) 54 (1) 54 (5) 58 (4) 60 (3) 63 (4) 73 (2) 75 (5) 84 (4) 90 (3) 98 (0)
4 (2) 6 (5) 9 (4) 10 (6) 20 (5) 36 (6) 36 (9) 40 (8) 45 (7) 54 (3) 57 (1) 63 (3) 64 (2) 76 (0) 76 (3) 79 (2) 84 (3) 91 (1) 95 (2)
6 (4) 19 (3) 20 (2) 26 (3) 43 (1) 61 (3) 82 (4) 85 (2) 86 (3) 88 (0) 91 (1)
2 (4) 13 (3) 21 (4) 22 (2) 31 (4) 33 (3) 40 (6) 40 (7) 44 (5) 47 (4) 58 (1) 68 (2) 69 (3) 75 (4) 80 (5) 85 (0) 88 (1)
0 (3) 28 (5) 31 (4) 37 (2) 47 (1) 49 (0) 50 (3) 55 (2) 57 (6) 57 (7) 59 (5) 62 (6) 67 (4) 68 (3) 72 (5) 73 (4) 76 (1) 89 (2) 97 (4) 99 (3)
11 (3) 49 (2) 56 (1) 70 (0) 74 (2) 75 (1) 84 (4) 90 (3) 91 (2) 93 (3)
6 (1) 22 (2) 22 (3) 42 (0) 59 (2) 74 (3) 85 (1) 99 (2)
5 (3) 36 (2) 39 (4) 40 (3) 45 (1) 47 (2) 48 (0) 72 (3) 85 (2) 86 (3) 86 (4) 94 (5) 95 (1) 97 (2)
17 (0) 22 (3) 36 (4) 49 (2) 70 (3) 74 (1) 75 (2) 88 (3)
0 (2) 3 (1) 14 (0) 16 (1) 39 (4) 45 (3) 64 (4) 67 (2) 84 (4) 90 (3)
2 (3) 5 (2) 6 (3) 13 (4) 21 (1) 28 (0) 28 (3) 28 (4) 50 (2) 64 (1) 71 (3) 79 (4) 82 (2)
0 (4) 7 (3) 12 (2) 15 (1) 16 (2) 59 (0) 60 (2) 73 (4) 84 (3) 86 (4) 99 (1)
0 (2) 5 (4) 7 (3) 11 (1) 12 (3) 13 (2) 23 (3) 37 (0) 55 (3) 56 (4) 57 (5) 62 (2) 68 (4) 73 (3) 92 (1) 97 (2)
4 (1) 5 (3) 6 (2) 8 (3) 14 (4) 23 (0) 24 (4) 37 (3) 40 (4) 41 (2) 46 (6) 47 (5) 74 (7) 76 (6) 78 (4) 83 (3) 86 (4) 92 (1) 96 (2)
2 (5) 37 (4) 42 (5) 52 (7) 53 (6) 54 (7) 55 (3) 63 (2) 66 (1) 72 (0)
0 (2) 17 (1) 20 (0) 24 (7) 25 (9) 30 (8) 34 (6) 43 (5) 55 (4) 60 (5) 69 (6) 77 (3) 86 (2) 88 (3) 96 (1) 99 (2)
5 (3) 17 (2) 29 (1) 31 (4) 40 (5) 46 (6) 50 (3) 52 (2) 59 (3) 69 (0) 73 (1) 88 (2) 91 (3)
1 (2) 7 (1) 24 (2) 27 (0) 37 (4) 52 (3) 58 (2) 62 (4) 73 (5) 90 (3) 92 (1) 96 (3) 99 (2) 100 (3)
1 (1) 5 (3) 16 (2) 20 (0) 47 (1) 48 (5) 57 (6) 68 (4) 71 (3) 83 (4) 89 (2) 92 (3)
1 (1) 2 (2) 17 (0) 25 (2) 29 (3) 33 (1) 45 (2) 52 (5) 71 (4) 76 (3) 82 (4) 86 (5)
10 (2) 32 (3) 34 (4) 48 (1) 61 (2) 64 (0) 80 (2) 93 (1)
1 (1) 43 (2) 46 (0) 68 (3) 72 (2) 75 (1) 77 (2) 77 (4) 92 (5) 94 (3)
1 (1) 7 (3) 20 (2) 32 (7) 58 (6) 70 (5) 71 (7) 78 (6) 82 (4) 84 (3) 88 (0)
26 (0) 57 (2) 66 (4) 67 (3) 88 (4) 93 (1) 96 (2)
6 (2) 41 (1) 47 (2) 57 (3) 64 (0) 69 (2) 88 (1) 89 (2)
16 (3) 22 (2) 25 (3) 32 (5) 35 (4) 36 (1) 41 (2) 54 (0) 56 (5) 60 (4) 61 (3) 61 (5) 66 (6) 70 (4) 81 (2) 92 (1)
0 (1) 31 (2) 45 (3) 48 (4) 53 (0) 100 (1)
0 (2) 5 (1) 10 (2) 26 (0) 26 (2) 33 (1) 37 (3) 41 (4) 44 (5) 44 (6) 46 (2) 54 (4) 67 (5) 82 (6) 93 (3)
12 (2) 14 (1) 22 (0) 28 (2) 29 (3) 37 (4) 37 (6) 41 (5) 47 (1) 54 (4) 65 (3) 65 (4) 66 (2) 68 (3) 72 (4) 85 (5)
6 (2) 9 (3) 16 (1) 18 (2) 21 (3) 30 (0) 42 (2) 44 (4) 51 (3) 73 (4) 94 (1)
3 (2) 4 (4) 8 (5) 17 (3) 22 (5) 23 (6) 29 (4) 30 (5) 38 (1) 53 (4) 55 (5) 61 (6) 72 (3) 76 (2) 76 (3) 84 (0) 93 (2) 97 (3) 100 (1)
0 (2) 3 (1) 11 (2) 13 (3) 18 (0) 42 (3) 42 (4) 45 (2) 73 (1) 83 (4) 94 (3) 96 (2)
5 (3) 45 (4) 54 (2) 65 (1) 85 (0) 86 (2) 91 (1)
0 (2) 8 (3) 26 (1) 27 (0) 38 (2) 41 (4) 51 (5) 51 (6) 57 (3) 62 (4) 65 (1) 74 (3) 81 (2) 95 (4) 96 (3)
14 (0) 28 (2) 36 (4) 38 (5) 42 (3) 47 (4) 56 (6) 61 (7) 70 (5) 74 (1) 78 (2) 79 (3) 84 (5) 95 (4)
2 (3) 19 (5) 32 (4) 34 (5) 41 (6) 50 (2) 71 (3) 75 (1) 81 (3) 87 (2) 90 (4) 95 (3) 97 (4) 100 (0) 100 (1)
8 (0) 8 (2) 10 (4) 11 (6) 11 (7) 15 (5) 19 (3) 21 (4) 32 (6) 36 (5) 47 (1) 57 (3) 58 (2) 83 (4) 89 (3)
5 (3) 21 (2) 24 (3) 25 (1) 26 (5) 35 (6) 44 (4) 47 (5) 49 (3) 76 (4) 80 (5) 81 (2) 85 (0) 91 (2) 95 (1) 99 (2) 99 (3)
4 (3) 5 (6) 8 (5) 10 (6) 11 (4) 22 (5) 24 (6) 29 (2) 29 (4) 37 (6) 43 (5) 44 (6) 48 (3) 51 (4) 54 (5) 55 (1) 71 (0) 80 (2) 99 (1)
14 (2) 58 (3) 69 (1) 82 (0) 85 (2) 92 (1)
2 (2) 7 (4) 16 (3) 27 (1) 28 (2) 34 (0) 49 (4) 62 (3) 66 (2) 73 (4) 89 (3) 92 (1) 98 (3) 100 (2)
35 (2) 48 (1) 48 (2) 56 (3) 58 (4) 69 (0) 77 (3) 80 (2) 89 (1) 96 (2)
4 (1) 16 (2) 16 (3) 22 (0) 34 (1) 51 (4) 62 (3) 65 (2) 87 (3) 98 (4)
2 (3) 3 (4) 9 (2) 25 (6) 29 (5) 33 (4) 39 (3) 39 (5) 54 (4) 56 (5) 57 (1) 59 (5) 64 (4) 73 (3) 77 (4) 79 (2) 85 (0) 85 (2) 91 (3) 98 (1)
4 (2) 17 (1) 21 (0) 22 (3) 37 (4) 40 (6) 53 (5) 56 (6) 58 (2) 63 (5) 64 (4) 66 (3) 71 (5) 87 (4) 91 (5) 95 (1) 99 (2)
12 (1) 20 (0) 35 (3) 36 (2) 66 (3) 92 (1) 92 (2)
2 (2) 14 (1) 17 (0) 22 (4) 25 (6) 27 (5) 29 (3) 30 (2) 33 (5) 35 (4) 36 (3) 49 (4) 55 (1) 57 (3) 60 (2) 74 (3) 76 (6) 79 (5) 87 (4) 97 (5)
12 (2) 12 (3) 15 (1) 19 (2) 30 (4) 31 (3) 33 (0) 35 (3) 42 (2) 49 (3) 54 (1) 68 (2) 75 (3) 80 (5) 92 (4)
4 (4) 5 (3) 10 (2) 13 (1) 18 (2) 19 (4) 22 (3) 26 (4) 30 (0) 38 (3) 50 (2) 56 (3) 59 (1) 68 (4) 74 (6) 75 (5) 89 (3) 93 (2) 98 (3)
3 (1) 4 (0) 5 (3) 27 (5) 36 (4) 48 (2) 62 (3) 69 (1) 71 (4) 79 (3) 81 (2) 89 (3)
5 (2) 22 (1) 27 (2) 33 (0) 38 (2) 40 (3) 42 (1) 49 (3) 56 (2) 61 (3)
10 (3) 24 (2) 25 (1) 29 (4) 31 (3) 32 (4) 36 (2) 44 (0) 46 (3) 52 (4) 59 (2) 90 (1) 99 (2)
10 (1) 11 (0) 21 (4) 27 (3) 38 (2) 57 (1)
8 (2) 14 (3) 17 (1) 18 (2) 42 (0) 49 (4) 49 (6) 57 (7) 59 (5) 67 (3) 81 (2) 81 (5) 85 (4) 87 (3) 91 (1) 94 (2) 99 (3)
3 (2) 4 (1) 4 (2) 18 (0) 23 (4) 29 (6) 31 (5) 37 (3) 38 (2) 45 (1) 56 (4) 61 (3) 76 (4) 82 (2) 88 (4) 95 (3)
26 (1) 29 (0) 69 (2) 89 (3) 91 (1)
2 (2) 7 (5) 18 (4) 22 (3) 33 (4) 38 (1) 38 (2) 53 (0) 54 (3) 57 (4) 67 (5) 68 (2) 74 (3) 85 (1) 85 (3) 86 (2)
4 (1) 7 (2) 18 (3) 20 (0) 20 (4) 26 (3) 26 (4) 28 (2) 35 (1) 49 (5) 69 (6) 70 (4) 73 (3) 75 (4) 79 (2) 94 (4) 98 (3)
12 (3) 16 (2) 32 (3) 38 (1) 45 (3) 47 (2) 54 (0) 62 (2) 63 (3) 80 (1) 84 (2) 85 (3) 90 (5) 92 (4)
8 (1) 12 (2) 19 (3) 30 (0) 39 (4) 45 (3) 53 (4) 70 (2) 70 (5) 81 (4) 84 (5) 87 (6) 91 (3) 93 (4) 97 (1)
0 (1) 5 (0) 10 (4) 18 (3) 18 (4) 20 (5) 26 (2) 27 (4) 29 (3) 36 (5) 40 (4) 46 (1) 53 (6) 59 (5) 62 (4) 72 (5) 86 (3) 91 (2) 97 (3) 100 (4)
1 (1) 2 (3) 4 (4) 11 (2) 17 (3) 17 (5) 22 (4) 23 (5) 25 (0) 25 (2) 27 (4) 31 (3) 43 (5) 57 (4) 66 (1) 69 (4) 80 (3) 80 (4) 100 (2)
0 (4) 6 (3) 15 (2) 21 (3) 23 (1) 29 (0) 43 (2) 58 (3) 63 (1) 82 (3) 86 (2) 92 (3)
2 (0) 20 (4) 22 (3) 26 (2) 27 (3) 36 (1) 39 (5) 39 (6) 51 (4) 67 (5) 69 (6) 72 (3) 86 (2) 98 (3)
6 (2) 31 (1) 68 (2) 68 (4) 69 (3) 78 (0) 94 (1)
0 (0) 19 (1) 41 (4) 62 (3) 72 (4) 92 (2)
2 (2) 2 (3) 50 (4) 70 (1) 85 (0) 85 (2) 87 (1) 94 (2)
1 (2) 11 (4) 17 (5) 17 (7) 20 (6) 36 (3) 41 (5) 45 (6) 45 (7) 48 (4) 52 (5) 57 (1) 72 (2) 79 (0) 88 (2) 93 (1) 93 (2)
2 (3) 5 (4) 7 (2) 9 (5) 13 (4) 14 (3) 21 (4) 33 (1) 37 (2) 44 (3) 55 (6) 57 (5) 58 (4) 74 (0) 76 (3) 78 (2) 83 (1) 88 (3) 92 (2)
1 (1) 7 (0) 10 (3) 12 (5) 25 (7) 47 (6) 52 (4) 56 (6) 59 (5) 67 (6) 71 (2) 73 (5) 75 (4) 79 (6) 81 (5) 89 (3) 90 (1) 100 (2)
30 (3) 54 (2) 76 (1) 84 (2) 95 (0)
1 (3) 30 (2) 37 (1) 38 (2) 39 (0) 40 (1) 56 (2) 79 (5) 80 (4) 99 (3)
6 (2) 16 (1) 23 (2) 24 (0) 33 (4) 44 (6) 65 (5) 73 (3) 81 (2) 82 (3) 83 (1) 83 (2)
8 (2) 12 (1) 13 (2) 17 (0) 36 (2) 41 (3) 44 (1) 52 (2) 58 (4) 62 (5) 69 (3) 76 (5) 76 (6) 85 (4) 89 (5) 90 (7) 93 (6)
2 (3) 30 (2) 39 (5) 48 (4) 51 (3) 60 (4) 61 (1) 71 (2) 77 (0)
7 (2) 14 (1) 16 (2) 19 (0) 21 (2) 35 (3) 48 (1) 51 (3) 53 (4) 59 (2) 59 (3) 70 (7) 81 (6) 83 (5) 87 (4) 98 (5)
0 (4) 1 (3) 13 (4) 16 (2) 20 (1) 33 (2) 39 (3) 58 (0) 62 (2) 66 (4) 70 (3) 70 (4) 73 (1) 79 (2) 85 (4) 92 (3)
7 (2) 10 (1) 16 (2) 24 (3) 27 (0) 57 (4) 62 (3) 71 (2) 83 (1) 85 (2)
19 (1) 27 (3) 28 (4) 33 (2) 39 (5) 45 (7) 48 (6) 52 (4) 59 (3) 77 (0) 78 (1)
0 (2) 4 (1) 21 (4) 23 (3) 49 (4) 50 (2) 53 (3) 69 (0) 80 (2) 88 (1) 94 (2) 94 (3)
2 (2) 5 (3) 11 (4) 12 (6) 14 (5) 33 (1) 40 (3) 49 (2) 52 (0) 58 (4) 76 (3) 82 (4) 85 (2) 92 (1) 96 (2) 97 (3)
0 (1) 17 (0) 27 (3) 51 (2) 53 (4) 56 (3) 64 (1) 66 (4) 68 (3) 74 (4) 87 (5) 94 (2)
0 (3) 7 (2) 7 (3) 21 (1) 29 (2) 34 (0) 36 (2) 51 (3) 78 (1)
16 (2) 49 (1) 50 (2) 59 (0) 96 (1)
3 (1) 6 (0) 6 (8) 17 (7) 22 (6) 24 (5) 39 (6) 43 (7) 48 (8) 51 (4) 52 (3) 59 (5) 61 (4) 75 (5) 78 (2) 86 (4) 94 (3) 100 (1)
0 (1) 10 (4) 17 (5) 19 (3) 20 (2) 24 (0) 41 (3) 43 (2) 66 (3) 86 (1) 87 (3) 96 (2)
2 (1) 8 (0) 17 (1) 27 (3) 28 (2)
19 (2) 23 (4) 37 (3) 40 (1) 41 (3) 52 (2) 64 (3) 78 (0) 90 (2) 98 (1)
3 (1) 9 (0) 22 (2) 50 (3) 59 (1) 67 (3) 69 (2) 71 (3) 77 (4)
3 (1) 13 (2) 25 (3) 28 (0) 33 (2) 45 (1) 49 (3) 67 (2) 71 (5) 79 (4) 85 (3) 91 (5) 97 (4) 97 (5)
2 (3) 20 (2) 31 (1) 31 (2) 31 (3) 49 (6) 52 (5) 61 (8) 67 (7) 69 (6) 73 (4) 84 (0)
2 (3) 3 (2) 5 (1) 16 (4) 18 (3) 19 (6) 36 (5) 39 (4) 45 (5) 50 (2) 53 (4) 73 (3) 81 (4) 82 (0) 83 (1) 90 (2)
9 (2) 28 (1) 36 (4) 41 (7) 49 (6) 57 (5) 65 (3) 77 (2) 78 (3) 95 (0)
5 (0) 32 (2) 66 (3) 67 (4) 75 (1)
1 (2) 24 (4) 37 (5) 42 (3) 47 (1) 52 (2) 53 (0) 62 (2) 69 (3) 76 (1) 83 (4) 90 (3) 91 (4) 95 (2) 95 (3) 96 (4)
9 (4) 12 (5) 15 (3) 23 (4) 30 (5) 45 (2) 48 (1) 48 (3) 53 (2) 94 (3) 97 (0)
0 (1) 9 (3) 11 (2) 14 (0) 15 (4) 33 (3) 64 (4) 68 (2) 79 (4) 85 (3) 88 (4) 91 (1)
32 (3) 51 (2) 55 (1) 75 (2) 84 (0) 85 (2) 93 (3) 97 (1)
8 (5) 24 (4) 24 (5) 45 (3) 68 (2) 71 (1) 78 (2) 80 (0) 92 (2) 94 (1)
2 (1) 3 (3) 13 (2) 14 (4) 20 (5) 29 (3) 37 (4) 43 (0) 44 (3) 47 (4) 64 (5) 68 (2) 79 (5) 85 (6) 89 (4) 91 (3) 92 (4) 96 (1) 97 (2)
2 (1) 10 (2) 13 (0) 13 (3) 17 (2) 36 (5) 40 (4) 63 (5) 65 (3) 78 (5) 83 (4) 84 (5) 98 (1)
0 (3) 4 (2) 12 (1) 18 (3) 22 (2) 24 (4) 36 (3) 44 (0) 45 (3) 55 (2) 59 (3) 63 (1) 66 (4) 68 (3) 79 (5) 84 (4) 93 (2) 93 (5) 94 (4) 100 (3)
23 (0) 23 (2) 34 (3) 69 (5) 82 (4) 89 (1) 90 (3) 100 (2)
1 (2) 2 (1) 24 (2) 25 (3) 31 (0) 33 (3) 43 (2) 60 (1) 73 (3) 76 (4) 84 (2) 86 (3)
16 (1) 18 (5) 24 (4) 28 (3) 42 (2) 43 (3) 51 (5) 54 (4) 55 (0) 78 (1) 99 (2)
0 (4) 5 (3) 8 (4) 24 (2) 25 (1) 31 (2) 43 (0) 43 (1) 45 (3) 46 (4) 52 (2) 73 (3)
0 (2) 7 (3) 8 (1) 10 (3) 12 (5) 15 (4) 42 (5) 43 (2) 44 (4) 45 (7) 46 (6) 49 (7) 53 (5) 54 (3) 59 (5) 95 (4) 97 (0)
22 (2) 38 (1) 70 (0) 70 (1) 71 (2) 82 (3) 85 (4)
5 (3) 25 (2) 32 (5) 33 (4) 33 (5) 56 (3) 60 (5) 61 (6) 62 (4) 64 (1) 66 (0) 68 (1) 94 (4) 96 (3) 100 (2)
0 (2) 13 (3) 23 (4) 34 (1) 39 (3) 50 (2) 62 (0) 77 (2) 94 (1) 95 (2) 96 (3)
6 (4) 21 (3) 23 (4) 28 (2) 35 (1) 37 (3) 39 (2) 44 (0) 62 (2) 84 (1)
5 (2) 8 (1) 10 (3) 24 (4) 27 (2) 35 (4) 40 (6) 43 (7) 44 (5) 45 (7) 50 (6) 52 (3) 54 (4) 73 (0) 99 (1)
1 (3) 7 (2) 9 (1) 10 (4) 23 (3) 25 (5) 29 (4) 36 (2) 49 (0) 52 (3) 53 (2) 54 (4) 68 (5) 76 (3) 81 (1) 94 (2) 99 (3)
0 (2) 0 (3) 8 (5) 15 (4) 17 (1) 18 (2) 34 (0) 35 (3) 41 (2) 41 (3) 47 (4) 53 (1) 67 (3) 76 (2) 84 (3)
19 (3) 19 (5) 25 (4) 32 (5) 33 (2) 35 (4) 42 (5) 44 (3) 54 (6) 55 (5) 61 (4) 64 (1) 75 (2) 82 (3) 91 (0) 99 (1)
1 (1) 7 (2) 21 (5) 23 (4) 24 (3) 28 (0) 42 (3) 46 (2) 48 (4) 49 (3) 51 (1) 55 (3) 66 (2) 73 (5) 84 (4) 90 (5) 95 (3) 98 (4)
14 (2) 23 (3) 60 (1) 76 (0) 82 (1)
3 (2) 11 (1) 11 (2) 22 (0) 64 (2) 69 (3) 72 (1) 75 (2) 75 (5) 76 (4) 77 (3) 87 (4) 100 (5)
3 (0) 7 (2) 9 (4) 16 (5) 17 (8) 23 (7) 31 (6) 36 (7) 47 (3) 53 (1) 82 (2)
10 (4) 16 (3) 33 (2) 55 (1) 57 (4) 60 (3) 66 (2) 67 (4) 83 (3) 85 (0)
6 (3) 16 (2) 30 (3) 35 (1) 62 (0) 70 (2) 88 (4) 95 (3) 99 (1)
0 (2) 35 (1) 48 (2) 54 (0) 58 (3) 71 (2) 75 (3) 77 (1)
7 (2) 76 (3) 77 (1) 84 (0) 88 (1)
2 (2) 3 (1) 11 (3) 18 (2) 19 (0) 26 (2) 41 (3) 56 (4) 86 (1) 92 (2)
5 (3) 8 (5) 11 (4) 13 (5) 19 (2) 27 (1) 30 (2) 33 (5) 35 (6) 36 (7) 37 (4) 49 (3) 49 (4) 54 (0) 60 (2) 65 (1) 70 (2) 87 (3)
34 (2) 41 (1) 59 (3) 84 (2) 97 (0)
2 (1) 3 (2) 6 (0) 11 (3) 18 (2) 33 (3) 34 (1) 38 (2) 47 (5) 53 (4) 84 (3) 91 (4) 100 (5)
28 (3) 57 (4) 62 (2) 66 (1) 81 (2) 98 (0) 100 (1) 100 (2)
28 (1) 32 (0) 36 (1) 54 (2) 60 (3) 85 (4)
8 (1) 13 (0) 31 (2) 37 (3) 83 (1) 99 (2)
8 (1) 12 (3) 19 (2) 46 (3) 48 (5) 66 (7) 73 (6) 73 (7) 81 (8) 84 (4) 91 (0) 94 (1)
1 (1) 15 (4) 31 (5) 32 (3) 40 (4) 53 (2) 67 (0) 74 (3) 79 (4) 87 (2) 96 (1)
23 (2) 25 (3) 27 (1) 36 (0) 37 (3) 57 (2) 58 (4) 81 (3) 86 (1) 97 (2)
8 (3) 11 (2) 29 (1) 45 (2) 48 (0) 50 (1) 51 (4) 75 (3) 82 (4) 84 (5) 87 (6) 89 (2) 94 (3)
0 (3) 1 (2) 2 (3) 16 (1) 31 (2) 31 (4) 36 (3) 41 (4) 44 (0) 45 (2) 53 (1) 54 (5) 72 (4) 75 (5) 78 (3) 83 (4) 85 (5) 93 (2)
0 (2) 1 (1) 5 (4) 10 (5) 10 (6) 17 (3) 25 (4) 26 (2) 27 (3) 28 (0) 31 (1) 37 (4) 41 (3) 71 (4) 84 (5) 84 (6) 91 (2) 99 (3)
19 (2) 44 (1) 50 (0) 64 (2) 74 (1) 79 (3) 99 (2) 99 (3)
0 (3) 5 (2) 29 (4) 35 (3) 36 (1) 56 (3) 57 (2) 58 (0) 88 (1) 89 (2)
2 (1) 2 (2) 2 (6) 2 (7) 4 (5) 4 (6) 9 (7) 14 (4) 19 (5) 23 (3) 25 (0) 46 (1) 69 (4) 72 (3) 84 (2) 93 (3) 93 (4)
12 (2) 14 (1) 21 (6) 32 (5) 52 (6) 58 (4) 59 (3) 60 (2) 63 (5) 63 (6) 67 (4) 67 (5) 67 (6) 70 (3) 98 (0) 100 (1)
0 (0) 2 (3) 14 (2) 21 (4) 22 (8) 31 (7) 33 (6) 37 (5) 39 (6) 50 (3) 60 (5) 65 (4) 65 (6) 72 (5) 81 (1) 81 (2) 100 (3)
3 (2) 5 (1) 12 (0) 12 (3) 14 (6) 15 (5) 16 (4) 37 (5) 39 (2) 45 (3) 48 (4) 52 (1) 53 (2) 55 (4) 75 (3) 96 (4)
0 (0) 22 (4) 27 (5) 31 (3) 36 (4) 47 (2) 47 (4) 49 (5) 51 (3) 58 (6) 61 (5) 66 (4) 75 (6) 77 (5) 80 (6) 97 (1)
7 (3) 11 (4) 16 (2) 33 (4) 34 (3) 34 (4) 35 (5) 45 (1) 46 (2) 51 (0) 52 (2) 59 (4) 62 (5) 66 (3) 71 (1) 78 (2) 78 (4) 91 (3)
0 (2) 1 (1) 9 (2) 17 (3) 24 (0) 42 (2) 47 (1) 59 (2) 65 (4) 99 (3)
11 (1) 27 (0) 33 (2) 53 (1) 75 (3) 87 (2) 100 (3)
4 (2) 10 (3) 27 (6) 31 (5) 36 (4) 42 (1) 55 (3) 56 (4) 59 (2) 65 (3) 71 (5) 72 (4) 78 (0) 91 (1)
1 (4) 19 (3) 30 (4) 44 (2) 56 (1) 71 (2) 73 (0) 86 (3) 88 (4) 89 (2) 90 (1)
2 (2) 6 (4) 12 (3) 38 (1) 59 (0) 61 (2) 88 (1) 93 (2)
5 (2) 6 (3) 11 (4) 24 (1) 28 (2) 40 (0) 42 (2) 49 (6) 52 (5) 53 (4) 58 (3) 58 (4) 59 (6) 62 (5) 86 (1) 91 (2) 99 (3) 100 (4)
20 (1) 25 (3) 25 (4) 35 (2) 56 (0) 63 (3) 65 (2) 66 (1) 76 (3) 78 (4) 89 (2) 96 (3)
0 (2) 3 (3) 4 (1) 4 (5) 12 (4) 17 (5) 34 (3) 41 (5) 46 (4) 47 (2) 48 (4) 75 (3) 76 (4) 95 (0)
0 (2) 48 (1) 54 (0) 72 (2) 89 (1)
4 (5) 11 (4) 15 (3) 18 (2) 22 (4) 26 (3) 28 (1) 38 (0) 50 (2) 66 (3) 73 (1)
7 (3) 40 (2) 75 (1) 78 (2) 96 (0)
3 (3) 5 (2) 10 (1) 13 (2) 18 (0) 23 (2) 23 (3) 27 (1) 35 (4) 40 (3) 49 (4) 57 (2) 60 (5) 62 (4) 66 (3) 67 (5) 84 (4) 90 (5)
13 (1) 15 (2) 20 (0) 42 (2) 56 (1) 88 (3) 93 (2)
34 (1) 45 (0) 52 (2) 57 (1) 91 (2)
4 (3) 8 (4) 34 (5) 37 (2) 47 (1) 60 (2) 68 (0) 78 (2) 99 (1)
2 (1) 47 (3) 49 (2) 52 (3) 84 (0)
1 (2) 7 (1) 24 (2) 33 (3) 48 (4) 55 (0) 64 (1) 74 (2) 94 (3)
27 (2) 39 (3) 43 (1) 82 (2) 92 (0)
34 (1) 39 (0) 46 (1) 89 (3) 95 (2)
8 (1) 30 (0) 38 (1) 51 (2) 55 (3) 89 (4) 91 (6) 97 (5)
17 (4) 19 (3) 25 (2) 27 (3) 32 (1) 47 (3) 53 (4) 54 (2) 55 (0) 55 (3) 57 (2) 64 (3) 68 (4) 81 (1) 82 (2) 93 (3) 98 (4)
5 (2) 10 (3) 17 (1) 24 (5) 62 (4) 64 (3) 68 (2) 71 (4) 77 (5) 81 (6) 84 (3) 92 (4) 93 (5) 96 (0)
14 (2) 18 (3) 38 (1) 38 (4) 42 (3) 48 (2) 53 (3) 64 (0) 74 (2) 83 (1) 84 (3) 84 (4) 93 (2)
0 (3) 45 (2) 47 (1) 60 (0) 69 (2) 72 (1)
3 (2) 18 (5) 19 (4) 31 (3) 34 (4) 63 (5) 71 (1) 76 (2) 76 (4) 82 (3) 84 (4) 91 (5) 100 (0)
12 (1) 14 (2) 28 (0) 50 (3) 51 (2) 52 (3) 84 (1) 91 (2)
24 (2) 35 (4) 39 (3) 40 (4) 46 (5) 47 (1) 61 (2) 64 (4) 77 (3) 81 (0) 83 (1) 87 (3) 93 (2)
12 (1) 17 (3) 27 (4) 28 (2) 43 (6) 47 (5) 54 (4) 60 (6) 65 (5) 67 (3) 87 (4) 98 (0)
21 (0) 33 (2) 35 (3) 37 (1) 40 (3) 86 (2)
9 (1) 17 (4) 37 (3) 54 (2) 64 (0) 66 (1) 76 (2) 79 (4) 84 (3)
6 (2) 9 (1) 19 (3) 20 (2) 31 (3) 32 (0) 68 (2) 73 (1) 80 (3) 83 (2)
10 (2) 26 (1) 39 (2) 55 (0) 73 (3) 75 (2) 76 (5) 78 (4) 81 (3) 84 (4) 93 (5) 96 (1) 100 (2)
2 (6) 6 (5) 21 (6) 35 (4) 37 (3) 47 (4) 56 (2) 63 (3) 65 (4) 66 (5) 73 (1) 78 (0) 81 (2) 87 (1)
1 (3) 2 (2) 21 (4) 39 (3) 48 (1) 49 (2) 63 (5) 70 (4) 74 (3) 97 (0)
20 (1) 39 (2) 59 (0) 66 (1) 74 (2)
7 (3) 15 (4) 23 (2) 28 (3) 34 (1) 39 (0) 57 (2) 64 (1) 80 (2) 85 (4) 88 (3) 92 (4) 94 (5)
22 (2) 32 (1) 60 (4) 65 (3) 77 (2) 82 (0) 88 (1)
1 (5) 9 (4) 10 (3) 13 (2) 25 (1) 27 (4) 28 (3) 54 (2) 63 (3) 91 (0)
2 (3) 3 (2) 3 (3) 16 (1) 23 (7) 30 (6) 34 (8) 36 (7) 43 (5) 45 (7) 54 (6) 58 (7) 64 (4) 65 (3) 66 (2) 76 (3) 79 (0) 96 (3) 97 (2) 98 (1)
1 (3) 2 (2) 2 (3) 5 (5) 18 (4) 55 (6) 56 (5) 61 (6) 68 (1) 71 (0) 87 (2) 94 (1) 98 (2)
3 (2) 6 (4) 14 (3) 24 (1) 26 (2) 60 (3) 71 (4) 84 (0) 85 (1)
5 (1) 19 (2) 24 (5) 27 (4) 37 (3) 55 (0) 58 (1)
3 (3) 5 (2) 6 (1) 7 (0) 9 (4) 10 (3) 14 (2) 16 (4) 31 (5) 38 (3) 52 (4) 56 (7) 56 (8) 73 (6) 75 (7) 80 (5) 83 (1) 88 (3) 92 (2)
7 (2) 12 (1) 25 (2) 37 (4) 37 (6) 40 (7) 49 (5) 59 (6) 61 (3) 62 (0) 73 (2) 85 (1) 86 (2) 90 (4) 91 (3)
0 (2) 5 (1) 6 (0) 29 (4) 42 (6) 46 (5) 49 (6) 57 (3) 57 (5) 60 (6) 62 (4) 79 (5) 81 (6) 89 (2) 94 (1)
0 (3) 4 (2) 10 (4) 16 (3) 25 (5) 33 (7) 34 (6) 40 (7) 41 (4) 52 (1) 53 (2) 61 (4) 64 (3) 78 (4) 83 (0) 83 (1) 93 (3) 100 (2)
9 (2) 11 (1) 23 (0) 24 (1) 30 (3) 36 (6) 39 (5) 42 (4) 61 (5) 94 (2) 100 (3)
0 (1) 14 (3) 20 (2) 34 (0) 35 (2) 59 (3) 84 (1) 93 (2)
7 (0) 14 (1) 22 (2) 37 (4) 54 (3) 88 (4) 97 (5)
10 (3) 31 (4) 35 (5) 46 (6) 65 (2) 66 (1) 70 (4) 80 (5) 80 (6) 83 (3) 85 (2) 95 (3) 96 (0) 96 (1) 96 (3) 96 (4) 97 (2)
2 (5) 6 (4) 12 (3) 13 (2) 13 (3) 13 (5) 15 (6) 21 (4) 26 (1) 30 (2) 34 (0) 37 (1) 59 (4) 60 (5) 64 (6) 67 (3) 70 (2) 73 (4) 75 (3) 75 (4)
5 (1) 33 (3) 43 (2) 44 (0) 94 (3) 99 (2) 100 (1)
27 (3) 40 (2) 45 (3) 56 (1) 74 (0) 100 (1)
7 (4) 11 (5) 24 (3) 26 (2) 30 (1) 30 (3) 42 (2) 52 (0) 56 (2) 58 (1) 73 (2) 80 (3)
12 (5) 14 (6) 20 (4) 29 (5) 36 (3) 50 (2) 51 (1) 61 (4) 67 (3) 68 (4) 74 (2) 81 (3) 82 (0) 83 (1) 88 (3) 89 (2) 97 (3)
4 (2) 24 (1) 29 (2) 31 (0) 32 (3) 36 (2) 46 (3) 47 (1) 72 (2)
10 (4) 29 (3) 32 (2) 44 (3) 46 (1) 56 (3) 64 (2) 77 (3) 95 (0)
3 (3) 4 (2) 10 (1) 12 (5) 20 (4) 22 (5) 32 (6) 39 (3) 40 (5) 45 (4) 56 (6) 69 (5) 70 (6) 84 (2) 86 (3) 90 (0) 95 (1)
7 (1) 40 (2) 41 (0) 48 (2) 65 (3) 82 (4) 85 (1) 88 (2) 93 (4) 96 (5) 99 (3)
9 (3) 9 (4) 11 (2) 16 (1) 21 (4) 24 (3) 25 (2) 36 (0) 51 (3) 52 (2) 61 (3) 79 (4) 87 (1) 87 (2) 97 (3)
1 (3) 15 (4) 17 (5) 37 (2) 39 (4) 45 (3) 54 (1) 55 (3) 56 (2) 64 (3) 67 (5) 71 (4) 74 (5) 76 (0) 80 (2) 93 (1) 94 (3) 98 (2)
24 (1) 35 (3) 41 (2) 62 (0) 76 (1)
4 (2) 15 (4) 35 (3) 48 (1) 53 (0) 55 (3) 64 (2) 69 (4) 79 (5) 80 (3) 89 (1) 94 (3) 96 (2)
3 (3) 15 (2) 23 (5) 28 (7) 29 (6) 31 (4) 33 (3) 35 (1) 41 (2) 42 (0) 54 (2) 56 (1) 84 (3) 89 (4) 97 (2) 98 (3) 99 (4)
2 (4) 7 (5) 11 (3) 28 (5) 35 (4) 41 (5) 51 (2) 51 (3) 55 (1) 55 (2) 71 (0) 80 (1) 84 (3) 88 (4) 94 (2)
12 (2) 24 (4) 29 (5) 30 (3) 63 (1) 96 (0)
13 (3) 38 (2) 42 (3) 44 (1) 45 (0) 51 (2) 71 (1) 76 (3) 78 (2) 81 (3)
30 (3) 32 (2) 38 (1) 57 (3) 72 (2) 73 (3) 74 (5) 83 (4) 92 (0)
4 (1) 6 (3) 16 (5) 22 (4) 32 (2) 35 (5) 38 (4) 38 (5) 42 (3) 49 (4) 54 (0) 64 (2) 76 (3) 84 (1) 96 (2)
12 (3) 16 (2) 26 (1) 37 (0) 38 (2) 52 (4) 62 (3) 79 (1) 83 (4) 87 (3) 94 (5) 97 (4) 100 (2)
5 (1) 10 (5) 17 (4) 23 (5) 24 (3) 32 (2) 33 (0) 61 (3) 61 (4) 72 (2) 73 (4) 82 (3) 94 (1) 100 (2)
5 (2) 13 (1) 39 (2) 50 (0) 100 (1)
1 (3) 7 (4) 9 (2) 42 (1) 49 (0) 56 (1) 72 (3) 77 (4) 89 (2) 97 (3)
7 (1) 28 (3) 36 (4) 39 (2) 42 (3) 46 (4) 57 (0) 61 (3) 64 (2) 64 (3) 76 (1) 76 (4) 80 (3) 88 (4) 98 (2) 100 (3)
0 (3) 8 (2) 29 (1) 45 (0) 53 (2) 59 (4) 73 (5) 86 (3) 88 (4) 90 (1) 100 (2)
24 (2) 33 (1) 35 (2) 50 (0) 52 (1) 58 (2) 74 (3)
29 (0) 55 (3) 56 (2) 62 (3) 74 (1)
9 (5) 16 (4) 20 (5) 35 (3) 40 (2) 57 (1) 62 (0) 69 (2) 96 (1)
6 (1) 39 (0) 42 (4) 45 (3) 52 (2) 58 (3) 61 (1) 93 (2)
16 (2) 25 (1) 32 (4) 38 (3) 49 (4) 60 (2) 62 (0) 78 (2) 81 (3) 82 (1) 86 (2) 91 (4) 100 (3)
5 (4) 15 (3) 18 (2) 25 (1) 31 (2) 37 (4) 38 (3) 61 (0) 66 (1) 70 (2) 74 (3) 94 (4)
2 (3) 5 (2) 8 (5) 15 (4) 26 (3) 32 (1) 32 (4) 35 (3) 36 (2) 57 (0) 58 (1) 68 (3) 73 (5) 84 (4) 94 (2) 96 (3)
12 (2) 18 (1) 29 (3) 29 (5) 30 (4) 39 (2) 47 (3) 50 (0) 51 (1) 91 (4) 93 (3) 94 (2)
1 (0) 9 (1) 60 (3) 65 (2) 92 (3)
4 (3) 21 (4) 27 (7) 28 (6) 34 (5) 37 (2) 39 (1) 51 (5) 63 (4) 68 (3) 71 (2) 71 (3) 74 (0) 75 (3) 76 (2) 80 (3) 84 (1) 95 (2) 96 (3)
3 (1) 14 (3) 22 (4) 36 (2) 49 (5) 67 (7) 70 (6) 73 (4) 75 (3) 88 (0)
16 (2) 17 (3) 26 (1) 37 (3) 47 (4) 52 (2) 56 (6) 58 (5) 65 (4) 66 (3) 72 (4) 73 (0) 77 (2) 78 (3) 90 (1) 95 (2)
1 (2) 8 (1) 30 (0) 34 (3) 41 (2) 56 (3) 66 (1) 73 (2) 74 (5) 89 (4) 98 (3)
2 (3) 12 (2) 20 (1) 26 (0) 37 (2) 52 (3) 54 (1) 64 (2) 76 (5) 77 (6) 80 (4) 85 (3) 90 (4) 92 (6) 94 (5) 97 (6) 100 (7)
16 (3) 23 (2) 27 (1) 32 (5) 38 (6) 44 (7) 54 (4) 56 (5) 79 (3) 81 (4) 85 (2) 89 (3) 92 (4) 94 (0) 95 (1) 95 (2)
17 (2) 19 (1) 24 (3) 25 (2) 57 (3) 68 (0) 76 (2) 79 (1) 87 (3) 100 (2)
10 (2) 15 (1) 19 (3) 24 (4) 27 (2) 29 (3) 36 (0) 67 (1) 70 (3) 95 (2)
3 (1) 10 (3) 11 (2) 43 (0) 57 (1) 57 (2) 59 (3)
4 (2) 16 (5) 19 (4) 23 (3) 34 (1) 38 (3) 69 (2) 79 (0) 79 (2) 91 (1) 100 (2)
10 (1) 19 (2) 25 (0) 55 (2) 76 (1) 96 (2)
4 (3) 8 (4) 14 (2) 16 (4) 22 (3) 33 (5) 35 (4) 36 (5) 51 (1) 61 (0) 68 (2) 74 (1) 76 (4) 86 (3) 96 (4) 98 (2)
22 (1) 24 (0) 26 (1) 33 (5) 34 (4) 39 (6) 40 (5) 61 (6) 65 (7) 89 (3) 95 (2) 99 (3)
1 (2) 35 (1) 41 (3) 42 (2) 45 (0) 70 (1)
6 (1) 13 (0) 33 (1) 37 (4) 58 (6) 60 (5) 62 (6) 80 (3) 87 (2)
0 (2) 6 (4) 8 (3) 41 (4) 68 (1) 79 (2) 89 (0)
16 (1) 22 (3) 46 (4) 53 (5) 67 (7) 74 (6) 78 (2) 84 (3) 100 (0)
6 (4) 13 (5) 16 (6) 27 (3) 27 (4) 41 (2) 70 (1) 71 (0) 74 (1) 78 (3) 97 (2)
0 (2) 6 (5) 9 (4) 10 (3) 24 (1) 27 (4) 29 (3) 30 (6) 30 (7) 35 (5) 38 (6) 39 (4) 51 (2) 65 (0) 68 (2) 74 (4) 91 (3) 99 (1)
11 (1) 12 (3) 20 (2) 22 (3) 25 (0) 26 (1) 28 (4) 33 (3) 45 (2) 77 (3)
9 (1) 37 (0) 39 (2) 54 (1) 71 (2) 79 (3) 91 (6) 93 (5) 97 (4)
2 (2) 27 (1) 27 (3) 48 (4) 53 (2) 66 (0)
15 (1) 22 (2) 27 (0) 55 (2) 78 (1)
4 (2) 14 (1) 21 (0) 25 (4) 39 (5) 41 (3) 43 (5) 45 (4) 50 (5) 54 (2) 63 (4) 67 (3) 73 (1) 75 (3) 90 (2)
0 (4) 12 (3) 15 (4) 24 (2) 24 (3) 35 (1) 39 (0) 46 (3) 71 (2) 100 (1)
11 (2) 13 (1) 18 (3) 27 (2) 33 (0) 36 (3) 49 (2) 51 (3) 53 (1) 61 (5) 63 (4) 70 (5) 85 (3) 93 (4) 95 (2) 99 (3)
5 (3) 11 (4) 16 (5) 35 (2) 36 (1) 59 (3) 69 (2) 71 (0) 82 (1)
9 (0) 10 (2) 21 (1) 26 (4) 33 (3) 64 (4) 95 (2) 98 (3)
7 (1) 15 (0) 21 (2) 22 (3) 22 (6) 46 (5) 50 (6) 52 (4) 59 (5) 72 (7) 73 (6) 79 (7) 89 (1) 89 (3) 90 (2) 93 (4) 97 (3) 98 (4)
31 (4) 39 (3) 39 (4) 47 (2) 48 (1) 51 (0) 53 (1) 59 (3) 60 (4) 72 (2) 77 (3)
4 (1) 19 (2) 48 (3) 49 (0) 63 (3) 75 (2) 89 (1) 93 (2)
6 (1) 12 (3) 19 (2) 23 (0) 34 (4) 35 (3) 39 (4) 40 (2) 48 (4) 60 (3) 64 (5) 70 (4) 80 (1) 81 (2)
4 (4) 10 (6) 29 (7) 33 (5) 33 (6) 40 (3) 51 (2) 57 (1) 61 (4) 69 (5) 74 (6) 77 (3) 83 (6) 91 (5) 94 (4) 96 (2) 98 (0)
21 (2) 23 (4) 25 (5) 28 (3) 38 (1) 44 (4) 70 (3) 73 (2) 91 (3) 99 (0)
36 (2) 70 (1) 79 (0) 81 (2) 98 (1)
7 (2) 21 (1) 26 (0) 27 (2) 30 (3) 37 (1) 44 (4) 51 (3) 51 (5) 58 (4) 63 (7) 68 (6) 77 (5) 80 (6) 87 (7) 93 (8) 93 (9) 95 (2) 96 (3)
3 (2) 8 (1) 11 (2) 44 (0) 62 (2) 70 (1)
0 (1) 5 (2) 12 (0) 13 (5) 16 (4) 35 (3) 47 (4) 52 (2) 52 (4) 56 (3) 59 (5) 65 (4) 66 (5) 80 (1) 83 (2) 93 (4) 95 (3) 97 (4)
11 (2) 16 (3) 32 (5) 37 (4) 55 (1) 58 (0) 66 (3) 67 (4) 71 (2) 83 (1) 84 (3) 86 (2) 86 (5) 92 (4) 95 (3) 96 (4)
6 (2) 18 (1) 26 (3) 34 (2) 74 (3) 76 (4) 89 (5) 93 (0)
2 (3) 4 (4) 8 (5) 16 (2) 30 (4) 32 (3) 33 (1) 40 (3) 41 (4) 49 (2) 59 (0) 76 (4) 80 (3) 81 (2) 82 (3) 100 (1) 100 (2)
1 (3) 6 (2) 8 (1) 10 (2) 12 (0) 14 (2) 23 (3) 27 (4) 36 (1) 53 (2) 53 (3) 55 (5) 77 (6) 100 (4)
5 (0) 11 (3) 25 (2) 27 (1) 30 (4) 38 (6) 40 (7) 42 (8) 50 (5) 57 (6) 57 (7) 63 (3) 76 (4) 100 (2) 100 (3)
26 (1) 36 (0) 45 (2) 49 (1) 84 (2) 89 (3)
10 (4) 12 (3) 20 (5) 27 (4) 44 (5) 45 (6) 53 (2) 53 (3) 56 (4) 62 (1) 63 (2) 65 (3) 68 (0) 73 (3) 85 (2) 89 (3) 92 (1)
14 (1) 46 (0) 46 (2) 50 (4) 56 (5) 73 (3) 80 (1)
39 (0) 70 (4) 74 (3) 81 (2) 86 (1) 89 (2)
22 (2) 25 (1) 26 (2) 29 (0) 31 (6) 33 (5) 46 (6) 60 (4) 63 (3) 64 (4) 75 (2) 89 (1) 92 (3) 95 (2)
2 (4) 7 (3) 14 (4) 21 (2) 24 (1) 29 (4) 38 (3) 51 (4) 63 (2) 70 (3) 77 (0) 86 (3) 89 (2) 89 (5) 91 (4) 98 (3) 99 (1) 100 (2)
1 (3) 6 (2) 9 (4) 11 (6) 20 (5) 26 (3) 26 (5) 35 (7) 58 (6) 59 (4) 67 (5) 70 (1) 76 (2) 77 (0) 80 (2) 82 (6) 88 (5) 92 (4) 96 (3) 100 (1)
0 (2) 1 (5) 8 (4) 17 (3) 35 (4) 60 (1) 63 (0) 66 (2) 87 (1)
3 (2) 7 (3) 19 (1) 22 (3) 23 (2) 26 (0) 34 (3) 48 (4) 50 (2) 55 (4) 66 (5) 69 (7) 78 (6) 84 (3) 89 (4) 90 (1) 99 (2) 99 (3)
16 (2) 54 (1) 73 (3) 81 (2) 90 (0) 91 (1)
14 (1) 17 (3) 37 (2) 43 (5) 47 (4) 50 (3) 62 (5) 67 (4) 70 (0) 83 (2) 84 (1) 84 (4) 86 (3) 92 (2) 92 (3) 93 (4)
11 (1) 21 (0) 26 (2) 30 (3) 33 (1) 60 (4) 65 (3) 87 (4) 94 (5) 96 (2)
2 (3) 15 (4) 26 (2) 32 (3) 41 (1) 42 (2) 43 (0) 50 (4) 51 (3) 53 (5) 54 (6) 56 (4) 60 (2) 73 (3) 78 (4) 94 (1)
4 (2) 5 (3) 9 (4) 9 (6) 10 (5) 27 (1) 32 (3) 40 (4) 44 (2) 45 (5) 62 (4) 69 (7) 73 (8) 77 (6) 79 (5) 80 (3) 82 (0) 84 (2) 89 (1) 93 (2)
1 (0) 8 (1) 16 (3) 96 (4) 97 (5) 100 (2) 100 (3)
0 (3) 4 (2) 7 (3) 26 (1) 49 (2) 60 (0) 65 (3) 77 (4) 82 (5) 97 (2) 100 (1)
2 (2) 4 (3) 6 (6) 6 (9) 7 (8) 8 (7) 35 (5) 35 (6) 41 (4) 42 (5) 45 (6) 68 (1) 87 (2) 93 (0) 99 (1)
6 (1) 8 (3) 17 (2) 39 (4) 56 (5) 63 (3) 86 (4) 89 (0) 97 (1)
7 (2) 21 (1) 25 (3) 27 (5) 45 (4) 47 (2) 62 (4) 64 (5) 66 (3) 93 (0)
4 (1) 4 (3) 12 (4) 18 (2) 20 (5) 21 (6) 26 (4) 32 (7) 55 (8) 56 (10) 64 (9) 67 (6) 72 (5) 74 (3) 86 (4) 91 (0) 96 (1) 100 (2)
9 (2) 11 (1) 18 (6) 27 (5) 43 (4) 46 (5) 52 (3) 54 (5) 66 (6) 71 (4) 81 (2) 85 (3) 91 (0)
6 (2) 8 (1) 22 (4) 27 (5) 28 (6) 30 (3) 33 (5) 37 (4) 43 (2) 53 (0) 68 (3) 71 (2) 88 (3) 92 (1) 94 (4) 95 (3) 99 (2)
0 (1) 9 (3) 28 (2) 62 (0) 65 (1) 78 (2) 81 (3)
1 (3) 6 (4) 10 (5) 24 (2) 29 (3) 34 (1) 43 (0) 66 (3) 75 (2) 93 (3) 100 (1)
20 (3) 33 (4) 45 (5) 53 (2) 56 (5) 57 (6) 68 (4) 70 (3) 75 (1) 79 (2) 82 (0) 84 (2) 98 (1) 99 (2)
7 (3) 46 (2) 51 (3) 51 (4) 67 (6) 71 (5) 79 (6) 86 (7) 90 (1) 94 (0) 97 (1)
3 (4) 6 (5) 20 (3) 22 (2) 23 (1) 34 (2) 36 (3) 36 (4) 37 (0) 40 (4) 59 (3) 66 (4) 80 (5) 81 (2) 82 (4) 89 (3) 99 (1)
13 (1) 35 (2) 38 (3) 52 (0) 65 (4) 66 (3) 67 (5) 69 (4) 73 (5) 79 (2) 88 (1)
2 (3) 13 (2) 37 (1) 57 (0) 60 (1) 72 (3) 76 (2) 97 (3) 100 (4)
4 (1) 5 (3) 14 (4) 36 (2) 87 (0) 98 (1)
18 (6) 27 (5) 32 (4) 34 (5) 34 (7) 37 (9) 57 (8) 61 (6) 62 (3) 65 (4) 75 (2) 82 (3) 85 (1) 85 (2) 88 (0) 91 (2) 95 (1) 97 (2)
5 (3) 12 (2) 22 (1) 23 (4) 39 (3) 52 (4) 53 (6) 68 (5) 78 (2) 79 (4) 93 (3) 97 (0)
7 (2) 7 (3) 14 (5) 50 (6) 52 (4) 56 (1) 65 (2) 73 (0) 84 (1) 91 (2)
2 (3) 17 (4) 36 (2) 37 (3) 41 (5) 50 (4) 64 (5) 65 (1) 66 (3) 85 (2) 86 (0) 97 (1)
51 (2) 54 (3) 68 (1) 69 (0) 70 (2) 85 (1) 97 (2)
6 (1) 9 (2) 16 (0) 27 (2) 31 (1) 36 (2) 54 (4) 56 (3) 69 (5) 71 (6) 93 (4)
26 (1) 32 (0) 35 (2) 35 (3) 39 (1) 46 (4) 47 (3) 49 (5) 50 (4) 53 (6) 88 (5) 93 (6) 94 (7) 98 (2)
5 (6) 9 (5) 11 (4) 19 (6) 20 (5) 30 (6) 31 (3) 34 (2) 46 (1) 53 (3) 76 (2) 86 (3) 95 (0)
2 (5) 4 (4) 9 (3) 21 (2) 31 (4) 37 (3) 47 (4) 54 (1) 61 (2) 64 (0) 71 (2) 76 (1) 76 (2)
12 (0) 21 (2) 39 (1) 48 (4) 49 (3) 50 (6) 61 (5) 61 (6) 72 (4) 74 (2) 74 (6) 84 (7) 85 (5) 85 (6) 90 (7) 91 (4) 99 (5) 100 (3)
4 (2) 4 (3) 19 (4) 20 (1) 28 (2) 44 (3) 51 (0) 69 (1) 71 (4) 86 (3) 89 (2)
0 (2) 5 (1) 19 (2) 34 (3) 47 (0) 59 (2) 63 (1) 70 (3) 95 (2)
17 (0) 17 (2) 30 (3) 36 (4) 44 (1) 82 (3) 93 (2) 96 (3)
14 (1) 42 (0) 77 (1)
4 (2) 30 (1) 50 (3) 55 (2) 66 (0) 68 (1) 90 (2)
2 (3) 12 (4) 13 (2) 20 (1) 21 (0) 30 (3) 31 (4) 33 (2) 53 (4) 54 (5) 57 (6) 61 (3) 66 (4) 71 (1) 89 (2) 93 (3)
1 (3) 2 (4) 4 (2) 6 (5) 8 (4) 17 (6) 45 (5) 49 (7) 50 (8) 52 (6) 58 (3) 59 (1) 76 (0) 91 (1)
6 (4) 7 (3) 21 (2) 30 (1) 39 (3) 66 (2) 79 (0)
2 (5) 3 (4) 16 (3) 17 (6) 18 (5) 34 (4) 35 (6) 47 (5) 52 (6) 54 (2) 72 (4) 73 (3) 76 (1) 92 (2) 100 (0)
9 (3) 24 (2) 28 (6) 41 (8) 43 (9) 45 (7) 52 (5) 54 (6) 68 (4) 71 (5) 74 (3) 87 (1) 94 (0) 94 (2) 100 (1)
7 (2) 15 (1) 23 (2) 26 (0) 75 (2) 100 (1)
7 (3) 28 (2) 42 (1) 47 (3) 49 (2) 60 (3) 68 (4) 81 (5) 82 (0)
1 (2) 2 (1) 7 (0) 11 (6) 14 (5) 28 (4) 30 (7) 31 (6) 31 (7) 43 (8) 52 (5) 52 (6) 64 (3) 70 (2) 80 (3) 84 (5) 86 (4) 88 (5) 99 (1)
13 (2) 19 (3) 47 (1) 54 (0) 68 (2) 74 (5) 77 (4) 86 (5) 88 (3) 91 (1) 93 (3) 94 (2)
4 (3) 7 (2) 22 (4) 27 (3) 32 (1) 57 (3) 65 (5) 71 (4) 90 (2) 92 (0) 95 (1)
30 (1) 31 (2) 35 (0) 43 (5) 48 (4) 56 (3) 61 (4) 78 (2) 79 (1) 84 (2) 93 (3)
1 (2) 3 (1) 4 (2) 24 (0) 25 (2) 26 (3) 29 (5) 32 (4) 39 (5) 43 (1) 55 (3) 66 (4) 80 (2) 88 (3) 98 (4)
2 (2) 2 (3) 4 (1) 22 (3) 23 (4) 32 (2) 36 (0) 39 (1) 39 (3) 41 (2) 42 (4) 44 (3) 49 (4) 52 (5) 56 (6) 59 (8) 67 (7) 72 (8) 84 (9)
0 (2) 4 (3) 9 (1) 14 (2) 34 (4) 41 (5) 46 (3) 58 (0) 62 (2) 62 (3) 69 (1) 72 (3) 76 (4) 82 (2) 88 (3) 99 (4)
20 (3) 27 (4) 34 (5) 37 (2) 52 (4) 53 (3) 57 (5) 58 (4) 66 (1) 75 (3) 87 (2) 95 (0)
0 (1) 6 (3) 15 (4) 21 (2) 27 (4) 32 (3) 32 (7) 35 (6) 40 (7) 44 (5) 50 (4) 52 (0) 54 (1) 86 (3) 97 (2)
0 (2) 5 (1) 50 (0) 72 (1) 75 (3) 76 (2) 83 (3)
3 (1) 8 (3) 28 (2) 55 (0) 66 (2) 77 (1) 98 (2)
8 (0) 17 (3) 43 (2) 44 (5) 74 (4) 77 (5) 79 (3) 98 (1) 99 (2)
4 (2) 13 (1) 19 (5) 27 (6) 28 (4) 30 (5) 31 (3) 50 (2) 53 (4) 55 (6) 60 (5) 64 (3) 69 (0) 73 (1) 77 (3) 80 (2) 81 (3)
36 (2) 37 (1) 62 (0) 72 (1) 79 (2)
4 (1) 20 (2) 67 (0) 67 (1) 82 (2)
5 (3) 7 (2) 14 (3) 30 (1) 49 (2) 91 (0)
4 (2) 9 (1) 15 (0) 31 (3) 36 (2) 49 (3) 53 (1) 81 (2) 92 (4) 100 (3)
4 (2) 12 (1) 14 (4) 14 (5) 19 (3) 23 (2) 26 (0) 31 (2) 45 (1) 49 (3) 50 (2) 65 (4) 66 (3) 70 (7) 75 (6) 89 (5) 94 (6) 95 (4)
5 (1) 8 (2) 11 (0) 23 (4) 62 (5) 73 (3) 82 (2) 90 (3) 90 (4) 100 (1)
4 (4) 6 (3) 23 (6) 33 (5) 34 (4) 35 (5) 37 (2) 47 (4) 54 (3) 59 (1) 61 (3) 69 (4) 76 (2) 77 (3) 80 (4) 86 (0) 90 (2) 95 (1)
50 (1) 54 (3) 62 (2) 74 (3) 82 (4) 83 (0)
6 (2) 22 (3) 25 (5) 41 (4) 46 (1) 50 (3) 55 (2) 67 (0) 68 (2) 72 (3) 79 (1) 84 (2) 87 (4) 93 (3)
9 (1) 12 (0) 14 (2) 22 (4) 22 (7) 24 (6) 28 (7) 41 (5) 41 (6) 58 (3) 70 (1) 76 (2) 78 (4) 83 (3) 85 (4)
10 (2) 12 (1) 12 (3) 26 (2) 31 (3) 34 (0) 36 (2) 41 (1) 57 (2) 57 (4) 77 (3)
1 (1) 59 (0) 83 (1) 83 (3) 86 (2)
5 (1) 6 (0) 15 (2) 21 (7) 22 (6) 31 (5) 33 (6) 34 (4) 40 (3) 44 (6) 56 (7) 70 (5) 75 (4) 78 (1) 81 (4) 84 (3) 89 (4) 100 (2)
0 (2) 2 (4) 20 (6) 27 (5) 28 (3) 28 (4) 37 (1) 51 (0) 53 (1) 67 (3) 91 (2) 98 (3)
4 (3) 18 (4) 21 (2) 22 (1) 24 (4) 38 (3) 47 (2) 53 (5) 56 (6) 57 (4) 67 (5) 69 (7) 71 (6) 72 (7) 76 (3) 77 (5) 85 (4) 93 (0) 95 (1)
4 (2) 11 (1) 21 (0) 35 (2) 51 (1)
24 (1) 71 (2) 76 (3) 80 (0) 80 (1)
3 (4) 5 (3) 7 (4) 11 (2) 17 (1) 17 (3) 78 (2) 80 (0) 80 (3) 84 (2) 90 (1) 99 (2)
7 (5) 23 (4) 23 (5) 32 (3) 33 (4) 38 (5) 43 (2) 57 (4) 60 (3) 61 (5) 72 (4) 75 (1) 75 (3) 83 (2) 84 (4) 85 (5) 90 (3) 93 (0) 95 (1)
4 (1) 15 (2) 46 (4) 59 (3) 65 (4) 91 (0) 100 (1)
